{"meta": {"format": 3, "version": "7.14.1", "timestamp": "2026-05-28T17:39:40.349402", "branch_coverage": false, "show_contexts": false}, "files": {"src\\xpyrment\\__init__.py": {"executed_lines": [37, 38, 39, 40, 41, 42, 43, 44, 46], "summary": {"covered_lines": 9, "num_statements": 9, "percent_covered": 100.0, "percent_covered_display": "100", "missing_lines": 0, "excluded_lines": 0, "percent_statements_covered": 100.0, "percent_statements_covered_display": "100"}, "missing_lines": [], "excluded_lines": [], "functions": {"": {"executed_lines": [37, 38, 39, 40, 41, 42, 43, 44, 46], "summary": {"covered_lines": 9, "num_statements": 9, "percent_covered": 100.0, "percent_covered_display": "100", "missing_lines": 0, "excluded_lines": 0, "percent_statements_covered": 100.0, "percent_statements_covered_display": "100"}, "missing_lines": [], "excluded_lines": [], "start_line": 1}}, "classes": {"": {"executed_lines": [37, 38, 39, 40, 41, 42, 43, 44, 46], "summary": {"covered_lines": 9, "num_statements": 9, "percent_covered": 100.0, "percent_covered_display": "100", "missing_lines": 0, "excluded_lines": 0, "percent_statements_covered": 100.0, "percent_statements_covered_display": "100"}, "missing_lines": [], "excluded_lines": [], "start_line": 1}}}, "src\\xpyrment\\_version.py": {"executed_lines": [1], "summary": {"covered_lines": 1, "num_statements": 1, "percent_covered": 100.0, "percent_covered_display": "100", "missing_lines": 0, "excluded_lines": 0, "percent_statements_covered": 100.0, "percent_statements_covered_display": "100"}, "missing_lines": [], "excluded_lines": [], "functions": {"": {"executed_lines": [1], "summary": {"covered_lines": 1, "num_statements": 1, "percent_covered": 100.0, "percent_covered_display": "100", "missing_lines": 0, "excluded_lines": 0, "percent_statements_covered": 100.0, "percent_statements_covered_display": "100"}, "missing_lines": [], "excluded_lines": [], "start_line": 1}}, "classes": {"": {"executed_lines": [1], "summary": {"covered_lines": 1, "num_statements": 1, "percent_covered": 100.0, "percent_covered_display": "100", "missing_lines": 0, "excluded_lines": 0, "percent_statements_covered": 100.0, "percent_statements_covered_display": "100"}, "missing_lines": [], "excluded_lines": [], "start_line": 1}}}, "src\\xpyrment\\analyze\\__init__.py": {"executed_lines": [16, 17, 18, 19, 20, 21, 22, 23, 24, 25, 26, 27, 28, 29, 30, 31, 32, 36, 37, 38, 39, 41], "summary": {"covered_lines": 22, "num_statements": 22, "percent_covered": 100.0, "percent_covered_display": "100", "missing_lines": 0, "excluded_lines": 0, "percent_statements_covered": 100.0, "percent_statements_covered_display": "100"}, "missing_lines": [], "excluded_lines": [], "functions": {"_run_analysis_method": {"executed_lines": [38], "summary": {"covered_lines": 1, "num_statements": 1, "percent_covered": 100.0, "percent_covered_display": "100", "missing_lines": 0, "excluded_lines": 0, "percent_statements_covered": 100.0, "percent_statements_covered_display": "100"}, "missing_lines": [], "excluded_lines": [], "start_line": 37}, "": {"executed_lines": [16, 17, 18, 19, 20, 21, 22, 23, 24, 25, 26, 27, 28, 29, 30, 31, 32, 36, 37, 39, 41], "summary": {"covered_lines": 21, "num_statements": 21, "percent_covered": 100.0, "percent_covered_display": "100", "missing_lines": 0, "excluded_lines": 0, "percent_statements_covered": 100.0, "percent_statements_covered_display": "100"}, "missing_lines": [], "excluded_lines": [], "start_line": 1}}, "classes": {"": {"executed_lines": [16, 17, 18, 19, 20, 21, 22, 23, 24, 25, 26, 27, 28, 29, 30, 31, 32, 36, 37, 38, 39, 41], "summary": {"covered_lines": 22, "num_statements": 22, "percent_covered": 100.0, "percent_covered_display": "100", "missing_lines": 0, "excluded_lines": 0, "percent_statements_covered": 100.0, "percent_statements_covered_display": "100"}, "missing_lines": [], "excluded_lines": [], "start_line": 1}}}, "src\\xpyrment\\analyze\\confounding.py": {"executed_lines": [7, 8, 9, 12, 19, 27, 28, 29, 31, 43, 46, 47, 50, 51, 53, 55, 56, 57, 59, 71, 72, 74, 76, 77, 78, 79, 80, 81, 82, 83, 85, 87, 100, 103], "summary": {"covered_lines": 34, "num_statements": 35, "percent_covered": 97.14285714285714, "percent_covered_display": "97", "missing_lines": 1, "excluded_lines": 0, "percent_statements_covered": 97.14285714285714, "percent_statements_covered_display": "97"}, "missing_lines": [101], "excluded_lines": [], "functions": {"AliasResolver.__init__": {"executed_lines": [27, 28, 29], "summary": {"covered_lines": 3, "num_statements": 3, "percent_covered": 100.0, "percent_covered_display": "100", "missing_lines": 0, "excluded_lines": 0, "percent_statements_covered": 100.0, "percent_statements_covered_display": "100"}, "missing_lines": [], "excluded_lines": [], "start_line": 19}, "AliasResolver.compute_alias_matrix": {"executed_lines": [43, 46, 47, 50, 51, 53, 55, 56, 57], "summary": {"covered_lines": 9, "num_statements": 9, "percent_covered": 100.0, "percent_covered_display": "100", "missing_lines": 0, "excluded_lines": 0, "percent_statements_covered": 100.0, "percent_statements_covered_display": "100"}, "missing_lines": [], "excluded_lines": [], "start_line": 31}, "AliasResolver.get_alias_report": {"executed_lines": [71, 72, 74, 76, 77, 78, 79, 80, 81, 82, 83, 85], "summary": {"covered_lines": 12, "num_statements": 12, "percent_covered": 100.0, "percent_covered_display": "100", "missing_lines": 0, "excluded_lines": 0, "percent_statements_covered": 100.0, "percent_statements_covered_display": "100"}, "missing_lines": [], "excluded_lines": [], "start_line": 59}, "AliasResolver.resolve_coefficients": {"executed_lines": [100, 103], "summary": {"covered_lines": 2, "num_statements": 3, "percent_covered": 66.66666666666667, "percent_covered_display": "67", "missing_lines": 1, "excluded_lines": 0, "percent_statements_covered": 66.66666666666667, "percent_statements_covered_display": "67"}, "missing_lines": [101], "excluded_lines": [], "start_line": 87}, "": {"executed_lines": [7, 8, 9, 12, 19, 31, 59, 87], "summary": {"covered_lines": 8, "num_statements": 8, "percent_covered": 100.0, "percent_covered_display": "100", "missing_lines": 0, "excluded_lines": 0, "percent_statements_covered": 100.0, "percent_statements_covered_display": "100"}, "missing_lines": [], "excluded_lines": [], "start_line": 1}}, "classes": {"AliasResolver": {"executed_lines": [27, 28, 29, 43, 46, 47, 50, 51, 53, 55, 56, 57, 71, 72, 74, 76, 77, 78, 79, 80, 81, 82, 83, 85, 100, 103], "summary": {"covered_lines": 26, "num_statements": 27, "percent_covered": 96.29629629629629, "percent_covered_display": "96", "missing_lines": 1, "excluded_lines": 0, "percent_statements_covered": 96.29629629629629, "percent_statements_covered_display": "96"}, "missing_lines": [101], "excluded_lines": [], "start_line": 12}, "": {"executed_lines": [7, 8, 9, 12, 19, 31, 59, 87], "summary": {"covered_lines": 8, "num_statements": 8, "percent_covered": 100.0, "percent_covered_display": "100", "missing_lines": 0, "excluded_lines": 0, "percent_statements_covered": 100.0, "percent_statements_covered_display": "100"}, "missing_lines": [], "excluded_lines": [], "start_line": 1}}}, "src\\xpyrment\\analyze\\copula.py": {"executed_lines": [7, 8, 9, 10, 13, 24, 30, 31, 32, 34, 36, 37, 38, 40, 50, 51, 53, 55, 56, 58, 60, 63, 64, 67, 69, 84, 85, 86, 89, 90, 92, 93, 95, 99, 100, 102, 103, 104, 106, 107, 108, 109, 113, 114, 115, 116, 119, 122, 123, 124, 131, 133], "summary": {"covered_lines": 52, "num_statements": 57, "percent_covered": 91.2280701754386, "percent_covered_display": "91", "missing_lines": 5, "excluded_lines": 0, "percent_statements_covered": 91.2280701754386, "percent_statements_covered_display": "91"}, "missing_lines": [65, 96, 125, 127, 128], "excluded_lines": [], "functions": {"CopulaMultiMetricInference.__init__": {"executed_lines": [30, 31, 32], "summary": {"covered_lines": 3, "num_statements": 3, "percent_covered": 100.0, "percent_covered_display": "100", "missing_lines": 0, "excluded_lines": 0, "percent_statements_covered": 100.0, "percent_statements_covered_display": "100"}, "missing_lines": [], "excluded_lines": [], "start_line": 24}, "CopulaMultiMetricInference._compute_empirical_ranks": {"executed_lines": [36, 37, 38], "summary": {"covered_lines": 3, "num_statements": 3, "percent_covered": 100.0, "percent_covered_display": "100", "missing_lines": 0, "excluded_lines": 0, "percent_statements_covered": 100.0, "percent_statements_covered_display": "100"}, "missing_lines": [], "excluded_lines": [], "start_line": 34}, "CopulaMultiMetricInference.fit_copula": {"executed_lines": [50, 51, 53, 55, 56, 58, 60, 63, 64, 67], "summary": {"covered_lines": 10, "num_statements": 11, "percent_covered": 90.9090909090909, "percent_covered_display": "91", "missing_lines": 1, "excluded_lines": 0, "percent_statements_covered": 90.9090909090909, "percent_statements_covered_display": "91"}, "missing_lines": [65], "excluded_lines": [], "start_line": 40}, "CopulaMultiMetricInference.test_joint_shift": {"executed_lines": [84, 85, 86, 89, 90, 92, 93, 95, 99, 100, 102, 103, 104, 106, 107, 108, 109, 113, 114, 115, 116, 119, 122, 123, 124, 131, 133], "summary": {"covered_lines": 27, "num_statements": 31, "percent_covered": 87.09677419354838, "percent_covered_display": "87", "missing_lines": 4, "excluded_lines": 0, "percent_statements_covered": 87.09677419354838, "percent_statements_covered_display": "87"}, "missing_lines": [96, 125, 127, 128], "excluded_lines": [], "start_line": 69}, "": {"executed_lines": [7, 8, 9, 10, 13, 24, 34, 40, 69], "summary": {"covered_lines": 9, "num_statements": 9, "percent_covered": 100.0, "percent_covered_display": "100", "missing_lines": 0, "excluded_lines": 0, "percent_statements_covered": 100.0, "percent_statements_covered_display": "100"}, "missing_lines": [], "excluded_lines": [], "start_line": 1}}, "classes": {"CopulaMultiMetricInference": {"executed_lines": [30, 31, 32, 36, 37, 38, 50, 51, 53, 55, 56, 58, 60, 63, 64, 67, 84, 85, 86, 89, 90, 92, 93, 95, 99, 100, 102, 103, 104, 106, 107, 108, 109, 113, 114, 115, 116, 119, 122, 123, 124, 131, 133], "summary": {"covered_lines": 43, "num_statements": 48, "percent_covered": 89.58333333333333, "percent_covered_display": "90", "missing_lines": 5, "excluded_lines": 0, "percent_statements_covered": 89.58333333333333, "percent_statements_covered_display": "90"}, "missing_lines": [65, 96, 125, 127, 128], "excluded_lines": [], "start_line": 13}, "": {"executed_lines": [7, 8, 9, 10, 13, 24, 34, 40, 69], "summary": {"covered_lines": 9, "num_statements": 9, "percent_covered": 100.0, "percent_covered_display": "100", "missing_lines": 0, "excluded_lines": 0, "percent_statements_covered": 100.0, "percent_statements_covered_display": "100"}, "missing_lines": [], "excluded_lines": [], "start_line": 1}}}, "src\\xpyrment\\analyze\\corrections.py": {"executed_lines": [8, 9, 12, 78, 82, 83, 84, 86, 89, 92, 93, 94, 96, 97, 99], "summary": {"covered_lines": 15, "num_statements": 17, "percent_covered": 88.23529411764706, "percent_covered_display": "88", "missing_lines": 2, "excluded_lines": 0, "percent_statements_covered": 88.23529411764706, "percent_statements_covered_display": "88"}, "missing_lines": [79, 87], "excluded_lines": [], "functions": {"apply_multiple_testing_correction": {"executed_lines": [78, 82, 83, 84, 86, 89, 92, 93, 94, 96, 97, 99], "summary": {"covered_lines": 12, "num_statements": 14, "percent_covered": 85.71428571428571, "percent_covered_display": "86", "missing_lines": 2, "excluded_lines": 0, "percent_statements_covered": 85.71428571428571, "percent_statements_covered_display": "86"}, "missing_lines": [79, 87], "excluded_lines": [], "start_line": 12}, "": {"executed_lines": [8, 9, 12], "summary": {"covered_lines": 3, "num_statements": 3, "percent_covered": 100.0, "percent_covered_display": "100", "missing_lines": 0, "excluded_lines": 0, "percent_statements_covered": 100.0, "percent_statements_covered_display": "100"}, "missing_lines": [], "excluded_lines": [], "start_line": 1}}, "classes": {"": {"executed_lines": [8, 9, 12, 78, 82, 83, 84, 86, 89, 92, 93, 94, 96, 97, 99], "summary": {"covered_lines": 15, "num_statements": 17, "percent_covered": 88.23529411764706, "percent_covered_display": "88", "missing_lines": 2, "excluded_lines": 0, "percent_statements_covered": 88.23529411764706, "percent_statements_covered_display": "88"}, "missing_lines": [79, 87], "excluded_lines": [], "start_line": 1}}}, "src\\xpyrment\\analyze\\extreme.py": {"executed_lines": [7, 8, 11, 18, 24, 25, 26, 27, 29, 36, 37, 39, 40, 42, 43, 44, 46, 47, 48, 49, 52, 53, 54, 57, 59, 61, 63, 65, 66, 68, 75, 76, 77, 79, 80, 82], "summary": {"covered_lines": 36, "num_statements": 37, "percent_covered": 97.29729729729729, "percent_covered_display": "97", "missing_lines": 1, "excluded_lines": 0, "percent_statements_covered": 97.29729729729729, "percent_statements_covered_display": "97"}, "missing_lines": [58], "excluded_lines": [], "functions": {"ExtremeValueTailEstimator.__init__": {"executed_lines": [24, 25, 26, 27], "summary": {"covered_lines": 4, "num_statements": 4, "percent_covered": 100.0, "percent_covered_display": "100", "missing_lines": 0, "excluded_lines": 0, "percent_statements_covered": 100.0, "percent_statements_covered_display": "100"}, "missing_lines": [], "excluded_lines": [], "start_line": 18}, "ExtremeValueTailEstimator.fit": {"executed_lines": [36, 37, 39, 40, 42, 43, 44, 46, 47, 48, 49, 52, 53, 54, 57, 59, 61], "summary": {"covered_lines": 17, "num_statements": 18, "percent_covered": 94.44444444444444, "percent_covered_display": "94", "missing_lines": 1, "excluded_lines": 0, "percent_statements_covered": 94.44444444444444, "percent_statements_covered_display": "94"}, "missing_lines": [58], "excluded_lines": [], "start_line": 29}, "ExtremeValueTailEstimator._clip_shape": {"executed_lines": [65, 66], "summary": {"covered_lines": 2, "num_statements": 2, "percent_covered": 100.0, "percent_covered_display": "100", "missing_lines": 0, "excluded_lines": 0, "percent_statements_covered": 100.0, "percent_statements_covered_display": "100"}, "missing_lines": [], "excluded_lines": [], "start_line": 63}, "ExtremeValueTailEstimator.expected_shortfall": {"executed_lines": [75, 76, 77], "summary": {"covered_lines": 3, "num_statements": 3, "percent_covered": 100.0, "percent_covered_display": "100", "missing_lines": 0, "excluded_lines": 0, "percent_statements_covered": 100.0, "percent_statements_covered_display": "100"}, "missing_lines": [], "excluded_lines": [], "start_line": 68}, "ExtremeValueTailEstimator.metrics": {"executed_lines": [82], "summary": {"covered_lines": 1, "num_statements": 1, "percent_covered": 100.0, "percent_covered_display": "100", "missing_lines": 0, "excluded_lines": 0, "percent_statements_covered": 100.0, "percent_statements_covered_display": "100"}, "missing_lines": [], "excluded_lines": [], "start_line": 80}, "": {"executed_lines": [7, 8, 11, 18, 29, 63, 68, 79, 80], "summary": {"covered_lines": 9, "num_statements": 9, "percent_covered": 100.0, "percent_covered_display": "100", "missing_lines": 0, "excluded_lines": 0, "percent_statements_covered": 100.0, "percent_statements_covered_display": "100"}, "missing_lines": [], "excluded_lines": [], "start_line": 1}}, "classes": {"ExtremeValueTailEstimator": {"executed_lines": [24, 25, 26, 27, 36, 37, 39, 40, 42, 43, 44, 46, 47, 48, 49, 52, 53, 54, 57, 59, 61, 65, 66, 75, 76, 77, 82], "summary": {"covered_lines": 27, "num_statements": 28, "percent_covered": 96.42857142857143, "percent_covered_display": "96", "missing_lines": 1, "excluded_lines": 0, "percent_statements_covered": 96.42857142857143, "percent_statements_covered_display": "96"}, "missing_lines": [58], "excluded_lines": [], "start_line": 11}, "": {"executed_lines": [7, 8, 11, 18, 29, 63, 68, 79, 80], "summary": {"covered_lines": 9, "num_statements": 9, "percent_covered": 100.0, "percent_covered_display": "100", "missing_lines": 0, "excluded_lines": 0, "percent_statements_covered": 100.0, "percent_statements_covered_display": "100"}, "missing_lines": [], "excluded_lines": [], "start_line": 1}}}, "src\\xpyrment\\analyze\\inference\\__init__.py": {"executed_lines": [14, 15, 16, 17, 18, 20], "summary": {"covered_lines": 6, "num_statements": 6, "percent_covered": 100.0, "percent_covered_display": "100", "missing_lines": 0, "excluded_lines": 0, "percent_statements_covered": 100.0, "percent_statements_covered_display": "100"}, "missing_lines": [], "excluded_lines": [], "functions": {"": {"executed_lines": [14, 15, 16, 17, 18, 20], "summary": {"covered_lines": 6, "num_statements": 6, "percent_covered": 100.0, "percent_covered_display": "100", "missing_lines": 0, "excluded_lines": 0, "percent_statements_covered": 100.0, "percent_statements_covered_display": "100"}, "missing_lines": [], "excluded_lines": [], "start_line": 1}}, "classes": {"": {"executed_lines": [14, 15, 16, 17, 18, 20], "summary": {"covered_lines": 6, "num_statements": 6, "percent_covered": 100.0, "percent_covered_display": "100", "missing_lines": 0, "excluded_lines": 0, "percent_statements_covered": 100.0, "percent_statements_covered_display": "100"}, "missing_lines": [], "excluded_lines": [], "start_line": 1}}}, "src\\xpyrment\\analyze\\inference\\bayesian.py": {"executed_lines": [9, 62, 69, 71, 86, 87, 89, 91, 92, 95, 96, 97, 98, 101, 102, 104, 109, 111, 112, 115, 116, 117, 119, 120, 121, 124, 126, 127, 128, 130, 131, 132, 134, 135, 137, 142, 144, 145, 148, 149, 150, 151, 155, 156, 158, 163, 164, 165, 166, 167, 173, 174, 175, 176, 178, 181, 182, 185, 186, 189, 193, 197, 199, 200, 202, 205, 206, 207, 208, 210, 211], "summary": {"covered_lines": 71, "num_statements": 73, "percent_covered": 97.26027397260275, "percent_covered_display": "97", "missing_lines": 2, "excluded_lines": 0, "percent_statements_covered": 97.26027397260275, "percent_statements_covered_display": "97"}, "missing_lines": [170, 190], "excluded_lines": [], "functions": {"BayesianInference.__init__": {"executed_lines": [69], "summary": {"covered_lines": 1, "num_statements": 1, "percent_covered": 100.0, "percent_covered_display": "100", "missing_lines": 0, "excluded_lines": 0, "percent_statements_covered": 100.0, "percent_statements_covered_display": "100"}, "missing_lines": [], "excluded_lines": [], "start_line": 62}, "BayesianInference.estimate_posterior": {"executed_lines": [86, 87, 89, 91, 92, 95, 96, 97, 98, 101, 102, 104, 109, 111, 112, 115, 116, 117, 119, 120, 121, 124, 126, 127, 128, 130, 131, 132, 134, 135, 137, 142, 144, 145, 148, 149, 150, 151, 155, 156, 158, 163, 164, 165, 166, 167, 173, 174, 175, 176, 178, 181, 182, 185, 186, 189, 193, 197, 202, 205, 206, 207, 208, 210, 211], "summary": {"covered_lines": 65, "num_statements": 67, "percent_covered": 97.01492537313433, "percent_covered_display": "97", "missing_lines": 2, "excluded_lines": 0, "percent_statements_covered": 97.01492537313433, "percent_statements_covered_display": "97"}, "missing_lines": [170, 190], "excluded_lines": [], "start_line": 71}, "BayesianInference.estimate_posterior.loss_integrand": {"executed_lines": [199, 200], "summary": {"covered_lines": 2, "num_statements": 2, "percent_covered": 100.0, "percent_covered_display": "100", "missing_lines": 0, "excluded_lines": 0, "percent_statements_covered": 100.0, "percent_statements_covered_display": "100"}, "missing_lines": [], "excluded_lines": [], "start_line": 197}, "": {"executed_lines": [9, 62, 71], "summary": {"covered_lines": 3, "num_statements": 3, "percent_covered": 100.0, "percent_covered_display": "100", "missing_lines": 0, "excluded_lines": 0, "percent_statements_covered": 100.0, "percent_statements_covered_display": "100"}, "missing_lines": [], "excluded_lines": [], "start_line": 1}}, "classes": {"BayesianInference": {"executed_lines": [69, 86, 87, 89, 91, 92, 95, 96, 97, 98, 101, 102, 104, 109, 111, 112, 115, 116, 117, 119, 120, 121, 124, 126, 127, 128, 130, 131, 132, 134, 135, 137, 142, 144, 145, 148, 149, 150, 151, 155, 156, 158, 163, 164, 165, 166, 167, 173, 174, 175, 176, 178, 181, 182, 185, 186, 189, 193, 197, 199, 200, 202, 205, 206, 207, 208, 210, 211], "summary": {"covered_lines": 68, "num_statements": 70, "percent_covered": 97.14285714285714, "percent_covered_display": "97", "missing_lines": 2, "excluded_lines": 0, "percent_statements_covered": 97.14285714285714, "percent_statements_covered_display": "97"}, "missing_lines": [170, 190], "excluded_lines": [], "start_line": 9}, "": {"executed_lines": [9, 62, 71], "summary": {"covered_lines": 3, "num_statements": 3, "percent_covered": 100.0, "percent_covered_display": "100", "missing_lines": 0, "excluded_lines": 0, "percent_statements_covered": 100.0, "percent_statements_covered_display": "100"}, "missing_lines": [], "excluded_lines": [], "start_line": 1}}}, "src\\xpyrment\\analyze\\inference\\bootstrap.py": {"executed_lines": [8, 9, 10, 13, 72, 73, 74, 76, 77, 80, 83, 84, 86, 89, 90, 92, 94, 96, 97, 100, 101, 102, 103, 104, 105, 108, 111, 113, 114, 115, 116, 117, 118, 119, 121, 123, 124, 127, 128, 129, 130, 131, 132, 133, 134, 139, 140, 142, 143, 145, 146, 149, 150, 152, 153, 164, 167, 170, 215, 216, 217, 219, 220, 222, 223, 225, 228, 232, 235, 236, 238, 241, 244, 245, 247, 250, 251, 253, 254, 257, 258, 259, 260, 263, 265, 267, 268, 269, 271, 272, 273, 276, 279, 282, 284, 285, 286, 287, 288, 289, 290, 292, 294, 295, 298, 299, 300, 301, 302, 303, 304, 305, 310, 311, 313, 314, 316, 317, 320, 321, 323, 324, 333, 336], "summary": {"covered_lines": 124, "num_statements": 143, "percent_covered": 86.7132867132867, "percent_covered_display": "87", "missing_lines": 19, "excluded_lines": 0, "percent_statements_covered": 86.7132867132867, "percent_statements_covered_display": "87"}, "missing_lines": [109, 136, 155, 156, 158, 159, 160, 161, 165, 226, 229, 280, 307, 325, 327, 328, 329, 330, 334], "excluded_lines": [], "functions": {"run_bootstrap_ci": {"executed_lines": [72, 73, 74, 76, 77, 80, 83, 84, 86, 89, 90, 92, 94, 96, 97, 100, 101, 102, 103, 104, 105, 108, 111, 113, 114, 115, 116, 117, 118, 119, 121, 123, 124, 127, 128, 129, 130, 131, 132, 133, 134, 139, 140, 142, 143, 145, 146, 149, 150, 152, 153, 164, 167], "summary": {"covered_lines": 53, "num_statements": 62, "percent_covered": 85.48387096774194, "percent_covered_display": "85", "missing_lines": 9, "excluded_lines": 0, "percent_statements_covered": 85.48387096774194, "percent_statements_covered_display": "85"}, "missing_lines": [109, 136, 155, 156, 158, 159, 160, 161, 165], "excluded_lines": [], "start_line": 13}, "run_block_bootstrap_ci": {"executed_lines": [215, 216, 217, 219, 220, 222, 223, 225, 228, 232, 235, 236, 238, 241, 244, 245, 247, 250, 251, 253, 254, 257, 258, 259, 260, 263, 265, 267, 268, 269, 271, 272, 273, 276, 279, 282, 284, 285, 286, 287, 288, 289, 290, 292, 294, 295, 298, 299, 300, 301, 302, 303, 304, 305, 310, 311, 313, 314, 316, 317, 320, 321, 323, 324, 333, 336], "summary": {"covered_lines": 66, "num_statements": 76, "percent_covered": 86.84210526315789, "percent_covered_display": "87", "missing_lines": 10, "excluded_lines": 0, "percent_statements_covered": 86.84210526315789, "percent_statements_covered_display": "87"}, "missing_lines": [226, 229, 280, 307, 325, 327, 328, 329, 330, 334], "excluded_lines": [], "start_line": 170}, "": {"executed_lines": [8, 9, 10, 13, 170], "summary": {"covered_lines": 5, "num_statements": 5, "percent_covered": 100.0, "percent_covered_display": "100", "missing_lines": 0, "excluded_lines": 0, "percent_statements_covered": 100.0, "percent_statements_covered_display": "100"}, "missing_lines": [], "excluded_lines": [], "start_line": 1}}, "classes": {"": {"executed_lines": [8, 9, 10, 13, 72, 73, 74, 76, 77, 80, 83, 84, 86, 89, 90, 92, 94, 96, 97, 100, 101, 102, 103, 104, 105, 108, 111, 113, 114, 115, 116, 117, 118, 119, 121, 123, 124, 127, 128, 129, 130, 131, 132, 133, 134, 139, 140, 142, 143, 145, 146, 149, 150, 152, 153, 164, 167, 170, 215, 216, 217, 219, 220, 222, 223, 225, 228, 232, 235, 236, 238, 241, 244, 245, 247, 250, 251, 253, 254, 257, 258, 259, 260, 263, 265, 267, 268, 269, 271, 272, 273, 276, 279, 282, 284, 285, 286, 287, 288, 289, 290, 292, 294, 295, 298, 299, 300, 301, 302, 303, 304, 305, 310, 311, 313, 314, 316, 317, 320, 321, 323, 324, 333, 336], "summary": {"covered_lines": 124, "num_statements": 143, "percent_covered": 86.7132867132867, "percent_covered_display": "87", "missing_lines": 19, "excluded_lines": 0, "percent_statements_covered": 86.7132867132867, "percent_statements_covered_display": "87"}, "missing_lines": [109, 136, 155, 156, 158, 159, 160, 161, 165, 226, 229, 280, 307, 325, 327, 328, 329, 330, 334], "excluded_lines": [], "start_line": 1}}}, "src\\xpyrment\\analyze\\inference\\frequentist.py": {"executed_lines": [7, 10, 28, 30, 31, 33, 34, 36, 37, 44, 45, 46, 47, 49, 50, 52, 53, 54, 55, 56, 57, 59, 60, 61, 63, 71, 87, 89, 90, 92, 93, 98, 100], "summary": {"covered_lines": 33, "num_statements": 33, "percent_covered": 100.0, "percent_covered_display": "100", "missing_lines": 0, "excluded_lines": 0, "percent_statements_covered": 100.0, "percent_statements_covered_display": "100"}, "missing_lines": [], "excluded_lines": [], "functions": {"run_welch_t_test": {"executed_lines": [28, 30, 31, 33, 34, 36, 37, 44, 45, 46, 47, 49, 50, 52, 53, 54, 55, 56, 57, 59, 60, 61, 63], "summary": {"covered_lines": 23, "num_statements": 23, "percent_covered": 100.0, "percent_covered_display": "100", "missing_lines": 0, "excluded_lines": 0, "percent_statements_covered": 100.0, "percent_statements_covered_display": "100"}, "missing_lines": [], "excluded_lines": [], "start_line": 10}, "run_mann_whitney_u": {"executed_lines": [87, 89, 90, 92, 93, 98, 100], "summary": {"covered_lines": 7, "num_statements": 7, "percent_covered": 100.0, "percent_covered_display": "100", "missing_lines": 0, "excluded_lines": 0, "percent_statements_covered": 100.0, "percent_statements_covered_display": "100"}, "missing_lines": [], "excluded_lines": [], "start_line": 71}, "": {"executed_lines": [7, 10, 71], "summary": {"covered_lines": 3, "num_statements": 3, "percent_covered": 100.0, "percent_covered_display": "100", "missing_lines": 0, "excluded_lines": 0, "percent_statements_covered": 100.0, "percent_statements_covered_display": "100"}, "missing_lines": [], "excluded_lines": [], "start_line": 1}}, "classes": {"": {"executed_lines": [7, 10, 28, 30, 31, 33, 34, 36, 37, 44, 45, 46, 47, 49, 50, 52, 53, 54, 55, 56, 57, 59, 60, 61, 63, 71, 87, 89, 90, 92, 93, 98, 100], "summary": {"covered_lines": 33, "num_statements": 33, "percent_covered": 100.0, "percent_covered_display": "100", "missing_lines": 0, "excluded_lines": 0, "percent_statements_covered": 100.0, "percent_statements_covered_display": "100"}, "missing_lines": [], "excluded_lines": [], "start_line": 1}}}, "src\\xpyrment\\analyze\\inference\\router.py": {"executed_lines": [8, 11, 59], "summary": {"covered_lines": 3, "num_statements": 3, "percent_covered": 100.0, "percent_covered_display": "100", "missing_lines": 0, "excluded_lines": 0, "percent_statements_covered": 100.0, "percent_statements_covered_display": "100"}, "missing_lines": [], "excluded_lines": [], "functions": {"route_inference_engine": {"executed_lines": [59], "summary": {"covered_lines": 1, "num_statements": 1, "percent_covered": 100.0, "percent_covered_display": "100", "missing_lines": 0, "excluded_lines": 0, "percent_statements_covered": 100.0, "percent_statements_covered_display": "100"}, "missing_lines": [], "excluded_lines": [], "start_line": 11}, "": {"executed_lines": [8, 11], "summary": {"covered_lines": 2, "num_statements": 2, "percent_covered": 100.0, "percent_covered_display": "100", "missing_lines": 0, "excluded_lines": 0, "percent_statements_covered": 100.0, "percent_statements_covered_display": "100"}, "missing_lines": [], "excluded_lines": [], "start_line": 1}}, "classes": {"": {"executed_lines": [8, 11, 59], "summary": {"covered_lines": 3, "num_statements": 3, "percent_covered": 100.0, "percent_covered_display": "100", "missing_lines": 0, "excluded_lines": 0, "percent_statements_covered": 100.0, "percent_statements_covered_display": "100"}, "missing_lines": [], "excluded_lines": [], "start_line": 1}}}, "src\\xpyrment\\analyze\\inference\\sequential.py": {"executed_lines": [8, 42], "summary": {"covered_lines": 2, "num_statements": 3, "percent_covered": 66.66666666666667, "percent_covered_display": "67", "missing_lines": 1, "excluded_lines": 0, "percent_statements_covered": 66.66666666666667, "percent_statements_covered_display": "67"}, "missing_lines": [57], "excluded_lines": [], "functions": {"SequentialInference.calculate_always_valid_ci": {"executed_lines": [], "summary": {"covered_lines": 0, "num_statements": 1, "percent_covered": 0.0, "percent_covered_display": "0", "missing_lines": 1, "excluded_lines": 0, "percent_statements_covered": 0.0, "percent_statements_covered_display": "0"}, "missing_lines": [57], "excluded_lines": [], "start_line": 42}, "": {"executed_lines": [8, 42], "summary": {"covered_lines": 2, "num_statements": 2, "percent_covered": 100.0, "percent_covered_display": "100", "missing_lines": 0, "excluded_lines": 0, "percent_statements_covered": 100.0, "percent_statements_covered_display": "100"}, "missing_lines": [], "excluded_lines": [], "start_line": 1}}, "classes": {"SequentialInference": {"executed_lines": [], "summary": {"covered_lines": 0, "num_statements": 1, "percent_covered": 0.0, "percent_covered_display": "0", "missing_lines": 1, "excluded_lines": 0, "percent_statements_covered": 0.0, "percent_statements_covered_display": "0"}, "missing_lines": [57], "excluded_lines": [], "start_line": 8}, "": {"executed_lines": [8, 42], "summary": {"covered_lines": 2, "num_statements": 2, "percent_covered": 100.0, "percent_covered_display": "100", "missing_lines": 0, "excluded_lines": 0, "percent_statements_covered": 100.0, "percent_statements_covered_display": "100"}, "missing_lines": [], "excluded_lines": [], "start_line": 1}}}, "src\\xpyrment\\analyze\\its.py": {"executed_lines": [7, 8, 11, 18, 24, 25, 26, 27, 28, 30, 36, 37, 41, 42, 43, 46, 47, 50, 51, 52, 57, 61, 62, 64, 68, 69, 70, 71, 74, 75, 77, 78, 79, 80, 81, 82, 83, 86, 89, 90, 93, 94, 96, 97, 98, 100, 101, 102, 103, 104, 105, 110, 112, 113, 115, 116, 117, 118, 124], "summary": {"covered_lines": 59, "num_statements": 66, "percent_covered": 89.39393939393939, "percent_covered_display": "89", "missing_lines": 7, "excluded_lines": 0, "percent_statements_covered": 89.39393939393939, "percent_statements_covered_display": "89"}, "missing_lines": [38, 53, 54, 63, 65, 107, 108], "excluded_lines": [], "functions": {"InterruptedTimeSeries.__init__": {"executed_lines": [24, 25, 26, 27, 28], "summary": {"covered_lines": 5, "num_statements": 5, "percent_covered": 100.0, "percent_covered_display": "100", "missing_lines": 0, "excluded_lines": 0, "percent_statements_covered": 100.0, "percent_statements_covered_display": "100"}, "missing_lines": [], "excluded_lines": [], "start_line": 18}, "InterruptedTimeSeries.fit": {"executed_lines": [36, 37, 41, 42, 43, 46, 47, 50, 51, 52, 57, 61, 62, 64, 68, 69, 70, 71, 74, 75, 77, 78, 79, 80, 81, 82, 83, 86, 89, 90, 93, 94, 96, 97, 98, 100, 101, 102, 103, 104, 105, 110], "summary": {"covered_lines": 42, "num_statements": 49, "percent_covered": 85.71428571428571, "percent_covered_display": "86", "missing_lines": 7, "excluded_lines": 0, "percent_statements_covered": 85.71428571428571, "percent_statements_covered_display": "86"}, "missing_lines": [38, 53, 54, 63, 65, 107, 108], "excluded_lines": [], "start_line": 30}, "InterruptedTimeSeries.results": {"executed_lines": [115, 116, 117, 118, 124], "summary": {"covered_lines": 5, "num_statements": 5, "percent_covered": 100.0, "percent_covered_display": "100", "missing_lines": 0, "excluded_lines": 0, "percent_statements_covered": 100.0, "percent_statements_covered_display": "100"}, "missing_lines": [], "excluded_lines": [], "start_line": 113}, "": {"executed_lines": [7, 8, 11, 18, 30, 112, 113], "summary": {"covered_lines": 7, "num_statements": 7, "percent_covered": 100.0, "percent_covered_display": "100", "missing_lines": 0, "excluded_lines": 0, "percent_statements_covered": 100.0, "percent_statements_covered_display": "100"}, "missing_lines": [], "excluded_lines": [], "start_line": 1}}, "classes": {"InterruptedTimeSeries": {"executed_lines": [24, 25, 26, 27, 28, 36, 37, 41, 42, 43, 46, 47, 50, 51, 52, 57, 61, 62, 64, 68, 69, 70, 71, 74, 75, 77, 78, 79, 80, 81, 82, 83, 86, 89, 90, 93, 94, 96, 97, 98, 100, 101, 102, 103, 104, 105, 110, 115, 116, 117, 118, 124], "summary": {"covered_lines": 52, "num_statements": 59, "percent_covered": 88.13559322033899, "percent_covered_display": "88", "missing_lines": 7, "excluded_lines": 0, "percent_statements_covered": 88.13559322033899, "percent_statements_covered_display": "88"}, "missing_lines": [38, 53, 54, 63, 65, 107, 108], "excluded_lines": [], "start_line": 11}, "": {"executed_lines": [7, 8, 11, 18, 30, 112, 113], "summary": {"covered_lines": 7, "num_statements": 7, "percent_covered": 100.0, "percent_covered_display": "100", "missing_lines": 0, "excluded_lines": 0, "percent_statements_covered": 100.0, "percent_statements_covered_display": "100"}, "missing_lines": [], "excluded_lines": [], "start_line": 1}}}, "src\\xpyrment\\analyze\\markov.py": {"executed_lines": [8, 9, 10, 11, 14, 24, 30, 31, 32, 34, 55, 64, 65, 66, 67, 68, 70, 71, 72, 73, 74, 77, 79, 81, 87, 89, 90, 91, 92, 93, 94, 96, 98, 105, 106, 108, 109, 112, 114, 115, 117, 118, 119, 121, 123, 126, 127, 129, 130, 131, 133, 134, 136, 137, 139, 141, 143], "summary": {"covered_lines": 57, "num_statements": 65, "percent_covered": 87.6923076923077, "percent_covered_display": "88", "missing_lines": 8, "excluded_lines": 0, "percent_statements_covered": 87.6923076923077, "percent_statements_covered_display": "88"}, "missing_lines": [45, 47, 48, 49, 50, 51, 52, 53], "excluded_lines": [], "functions": {"MarkovJourneyAnalyzer.__init__": {"executed_lines": [30, 31, 32], "summary": {"covered_lines": 3, "num_statements": 3, "percent_covered": 100.0, "percent_covered_display": "100", "missing_lines": 0, "excluded_lines": 0, "percent_statements_covered": 100.0, "percent_statements_covered_display": "100"}, "missing_lines": [], "excluded_lines": [], "start_line": 24}, "MarkovJourneyAnalyzer.extract_transitions": {"executed_lines": [], "summary": {"covered_lines": 0, "num_statements": 8, "percent_covered": 0.0, "percent_covered_display": "0", "missing_lines": 8, "excluded_lines": 0, "percent_statements_covered": 0.0, "percent_statements_covered_display": "0"}, "missing_lines": [45, 47, 48, 49, 50, 51, 52, 53], "excluded_lines": [], "start_line": 34}, "MarkovJourneyAnalyzer.compute_transition_matrix": {"executed_lines": [64, 65, 66, 67, 68, 70, 71, 72, 73, 74, 77, 79], "summary": {"covered_lines": 12, "num_statements": 12, "percent_covered": 100.0, "percent_covered_display": "100", "missing_lines": 0, "excluded_lines": 0, "percent_statements_covered": 100.0, "percent_statements_covered_display": "100"}, "missing_lines": [], "excluded_lines": [], "start_line": 55}, "MarkovJourneyAnalyzer.compute_stationary_distribution": {"executed_lines": [87, 89, 90, 91, 92, 93, 94, 96], "summary": {"covered_lines": 8, "num_statements": 8, "percent_covered": 100.0, "percent_covered_display": "100", "missing_lines": 0, "excluded_lines": 0, "percent_statements_covered": 100.0, "percent_statements_covered_display": "100"}, "missing_lines": [], "excluded_lines": [], "start_line": 81}, "MarkovJourneyAnalyzer.test_transition_homogeneity": {"executed_lines": [105, 106, 108, 109, 112, 114, 115, 117, 118, 119, 121, 123, 126, 127, 129, 130, 131, 133, 134, 136, 137, 139, 141, 143], "summary": {"covered_lines": 24, "num_statements": 24, "percent_covered": 100.0, "percent_covered_display": "100", "missing_lines": 0, "excluded_lines": 0, "percent_statements_covered": 100.0, "percent_statements_covered_display": "100"}, "missing_lines": [], "excluded_lines": [], "start_line": 98}, "": {"executed_lines": [8, 9, 10, 11, 14, 24, 34, 55, 81, 98], "summary": {"covered_lines": 10, "num_statements": 10, "percent_covered": 100.0, "percent_covered_display": "100", "missing_lines": 0, "excluded_lines": 0, "percent_statements_covered": 100.0, "percent_statements_covered_display": "100"}, "missing_lines": [], "excluded_lines": [], "start_line": 1}}, "classes": {"MarkovJourneyAnalyzer": {"executed_lines": [30, 31, 32, 64, 65, 66, 67, 68, 70, 71, 72, 73, 74, 77, 79, 87, 89, 90, 91, 92, 93, 94, 96, 105, 106, 108, 109, 112, 114, 115, 117, 118, 119, 121, 123, 126, 127, 129, 130, 131, 133, 134, 136, 137, 139, 141, 143], "summary": {"covered_lines": 47, "num_statements": 55, "percent_covered": 85.45454545454545, "percent_covered_display": "85", "missing_lines": 8, "excluded_lines": 0, "percent_statements_covered": 85.45454545454545, "percent_statements_covered_display": "85"}, "missing_lines": [45, 47, 48, 49, 50, 51, 52, 53], "excluded_lines": [], "start_line": 14}, "": {"executed_lines": [8, 9, 10, 11, 14, 24, 34, 55, 81, 98], "summary": {"covered_lines": 10, "num_statements": 10, "percent_covered": 100.0, "percent_covered_display": "100", "missing_lines": 0, "excluded_lines": 0, "percent_statements_covered": 100.0, "percent_statements_covered_display": "100"}, "missing_lines": [], "excluded_lines": [], "start_line": 1}}}, "src\\xpyrment\\analyze\\meta_regression.py": {"executed_lines": [8, 9, 12, 68, 74, 75, 76, 77, 78, 79, 81, 98, 99, 101, 102, 104, 105, 106, 108, 109, 111, 114, 115, 116, 119, 120, 124, 125, 127, 128, 130, 131, 134, 137, 138, 140, 141, 144, 145, 146, 148, 150, 151, 156, 157, 159, 160, 163, 166, 167, 169, 171, 173, 177, 180, 181, 182, 183, 184, 186, 189, 191, 192, 194, 196, 199, 200, 201, 202, 203, 204, 205, 209, 211, 212, 214, 222, 223, 225, 226], "summary": {"covered_lines": 80, "num_statements": 85, "percent_covered": 94.11764705882354, "percent_covered_display": "94", "missing_lines": 5, "excluded_lines": 0, "percent_statements_covered": 94.11764705882354, "percent_statements_covered_display": "94"}, "missing_lines": [132, 153, 172, 174, 207], "excluded_lines": [], "functions": {"MetaRegressor.__init__": {"executed_lines": [74, 75, 76, 77, 78, 79], "summary": {"covered_lines": 6, "num_statements": 6, "percent_covered": 100.0, "percent_covered_display": "100", "missing_lines": 0, "excluded_lines": 0, "percent_statements_covered": 100.0, "percent_statements_covered_display": "100"}, "missing_lines": [], "excluded_lines": [], "start_line": 68}, "MetaRegressor.fit": {"executed_lines": [98, 99, 101, 102, 104, 105, 106, 108, 109, 111, 114, 115, 116, 119, 120, 124, 125, 127, 128, 130, 131, 134, 137, 138, 140, 141, 144, 145, 146, 148, 150, 151, 156, 157, 159, 160, 163, 166, 167, 169, 171, 173, 177, 180, 181, 182, 183, 184, 186, 189, 191, 192, 194, 196, 199, 200, 201, 202, 203, 204, 205, 209], "summary": {"covered_lines": 62, "num_statements": 67, "percent_covered": 92.53731343283582, "percent_covered_display": "93", "missing_lines": 5, "excluded_lines": 0, "percent_statements_covered": 92.53731343283582, "percent_statements_covered_display": "93"}, "missing_lines": [132, 153, 172, 174, 207], "excluded_lines": [], "start_line": 81}, "MetaRegressor.results": {"executed_lines": [214, 222, 223, 225, 226], "summary": {"covered_lines": 5, "num_statements": 5, "percent_covered": 100.0, "percent_covered_display": "100", "missing_lines": 0, "excluded_lines": 0, "percent_statements_covered": 100.0, "percent_statements_covered_display": "100"}, "missing_lines": [], "excluded_lines": [], "start_line": 212}, "": {"executed_lines": [8, 9, 12, 68, 81, 211, 212], "summary": {"covered_lines": 7, "num_statements": 7, "percent_covered": 100.0, "percent_covered_display": "100", "missing_lines": 0, "excluded_lines": 0, "percent_statements_covered": 100.0, "percent_statements_covered_display": "100"}, "missing_lines": [], "excluded_lines": [], "start_line": 1}}, "classes": {"MetaRegressor": {"executed_lines": [74, 75, 76, 77, 78, 79, 98, 99, 101, 102, 104, 105, 106, 108, 109, 111, 114, 115, 116, 119, 120, 124, 125, 127, 128, 130, 131, 134, 137, 138, 140, 141, 144, 145, 146, 148, 150, 151, 156, 157, 159, 160, 163, 166, 167, 169, 171, 173, 177, 180, 181, 182, 183, 184, 186, 189, 191, 192, 194, 196, 199, 200, 201, 202, 203, 204, 205, 209, 214, 222, 223, 225, 226], "summary": {"covered_lines": 73, "num_statements": 78, "percent_covered": 93.58974358974359, "percent_covered_display": "94", "missing_lines": 5, "excluded_lines": 0, "percent_statements_covered": 93.58974358974359, "percent_statements_covered_display": "94"}, "missing_lines": [132, 153, 172, 174, 207], "excluded_lines": [], "start_line": 12}, "": {"executed_lines": [8, 9, 12, 68, 81, 211, 212], "summary": {"covered_lines": 7, "num_statements": 7, "percent_covered": 100.0, "percent_covered_display": "100", "missing_lines": 0, "excluded_lines": 0, "percent_statements_covered": 100.0, "percent_statements_covered_display": "100"}, "missing_lines": [], "excluded_lines": [], "start_line": 1}}}, "src\\xpyrment\\analyze\\orchestrator.py": {"executed_lines": [8, 9, 10, 12, 13, 14, 17, 31, 44, 45, 46, 47, 49, 55, 57, 59, 67, 69, 78, 80, 89, 91, 93, 112, 114, 117, 118, 119, 121, 122, 124, 126, 127, 129, 131, 133, 136, 137, 139, 140, 141, 142, 144, 145, 147, 151, 155, 157, 161, 163, 168, 169, 170, 171, 172, 173, 174, 180, 182, 199, 230, 231, 233, 237, 238, 239, 240, 241, 242, 244, 245, 246, 250, 251, 254, 255, 257, 258, 260, 264, 269, 270, 271, 273, 276, 281, 282, 283, 284, 287, 288, 289, 290, 291, 293, 296, 297, 299, 300, 305, 306, 309, 310, 311, 318, 321, 322, 323, 326, 327, 329, 330, 333, 353, 354, 355, 356, 357, 358, 359, 361, 362], "summary": {"covered_lines": 122, "num_statements": 134, "percent_covered": 91.04477611940298, "percent_covered_display": "91", "missing_lines": 12, "excluded_lines": 0, "percent_statements_covered": 91.04477611940298, "percent_statements_covered_display": "91"}, "missing_lines": [56, 115, 123, 128, 130, 132, 134, 194, 196, 232, 234, 261], "excluded_lines": [], "functions": {"AnalysisResult.__init__": {"executed_lines": [44, 45, 46, 47], "summary": {"covered_lines": 4, "num_statements": 4, "percent_covered": 100.0, "percent_covered_display": "100", "missing_lines": 0, "excluded_lines": 0, "percent_statements_covered": 100.0, "percent_statements_covered_display": "100"}, "missing_lines": [], "excluded_lines": [], "start_line": 31}, "AnalysisResult.love_plot": {"executed_lines": [55, 57], "summary": {"covered_lines": 2, "num_statements": 3, "percent_covered": 66.66666666666667, "percent_covered_display": "67", "missing_lines": 1, "excluded_lines": 0, "percent_statements_covered": 66.66666666666667, "percent_statements_covered_display": "67"}, "missing_lines": [56], "excluded_lines": [], "start_line": 49}, "AnalysisResult.to_dict": {"executed_lines": [67, 69, 78], "summary": {"covered_lines": 3, "num_statements": 3, "percent_covered": 100.0, "percent_covered_display": "100", "missing_lines": 0, "excluded_lines": 0, "percent_statements_covered": 100.0, "percent_statements_covered_display": "100"}, "missing_lines": [], "excluded_lines": [], "start_line": 59}, "AnalysisResult.to_json": {"executed_lines": [89, 91], "summary": {"covered_lines": 2, "num_statements": 2, "percent_covered": 100.0, "percent_covered_display": "100", "missing_lines": 0, "excluded_lines": 0, "percent_statements_covered": 100.0, "percent_statements_covered_display": "100"}, "missing_lines": [], "excluded_lines": [], "start_line": 80}, "AnalysisResult.summary": {"executed_lines": [112, 114, 117, 118, 119, 121, 126, 139, 144, 145, 147, 151, 155, 157, 161, 163, 168, 169, 170, 171, 172, 173, 174, 180], "summary": {"covered_lines": 24, "num_statements": 25, "percent_covered": 96.0, "percent_covered_display": "96", "missing_lines": 1, "excluded_lines": 0, "percent_statements_covered": 96.0, "percent_statements_covered_display": "96"}, "missing_lines": [115], "excluded_lines": [], "start_line": 93}, "AnalysisResult.summary._format_ci": {"executed_lines": [122, 124], "summary": {"covered_lines": 2, "num_statements": 3, "percent_covered": 66.66666666666667, "percent_covered_display": "67", "missing_lines": 1, "excluded_lines": 0, "percent_statements_covered": 66.66666666666667, "percent_statements_covered_display": "67"}, "missing_lines": [123], "excluded_lines": [], "start_line": 121}, "AnalysisResult.summary._format_p_value": {"executed_lines": [127, 129, 131, 133, 136, 137], "summary": {"covered_lines": 6, "num_statements": 10, "percent_covered": 60.0, "percent_covered_display": "60", "missing_lines": 4, "excluded_lines": 0, "percent_statements_covered": 60.0, "percent_statements_covered_display": "60"}, "missing_lines": [128, 130, 132, 134], "excluded_lines": [], "start_line": 126}, "AnalysisResult.summary._format_var_reduction": {"executed_lines": [140, 141, 142], "summary": {"covered_lines": 3, "num_statements": 3, "percent_covered": 100.0, "percent_covered_display": "100", "missing_lines": 0, "excluded_lines": 0, "percent_statements_covered": 100.0, "percent_statements_covered_display": "100"}, "missing_lines": [], "excluded_lines": [], "start_line": 139}, "AnalysisResult.plot": {"executed_lines": [], "summary": {"covered_lines": 0, "num_statements": 2, "percent_covered": 0.0, "percent_covered_display": "0", "missing_lines": 2, "excluded_lines": 0, "percent_statements_covered": 0.0, "percent_statements_covered_display": "0"}, "missing_lines": [194, 196], "excluded_lines": [], "start_line": 182}, "run_analysis": {"executed_lines": [230, 231, 233, 237, 238, 239, 240, 241, 242, 244, 245, 246, 250, 251, 254, 255, 257, 258, 260, 264, 269, 270, 271, 273, 276, 281, 282, 283, 284, 287, 288, 289, 290, 291, 293, 296, 297, 299, 300, 305, 306, 309, 310, 311, 318, 321, 322, 323, 326, 327, 329, 330], "summary": {"covered_lines": 52, "num_statements": 55, "percent_covered": 94.54545454545455, "percent_covered_display": "95", "missing_lines": 3, "excluded_lines": 0, "percent_statements_covered": 94.54545454545455, "percent_statements_covered_display": "95"}, "missing_lines": [232, 234, 261], "excluded_lines": [], "start_line": 199}, "setup": {"executed_lines": [353, 354, 355, 356, 357, 358, 359, 361, 362], "summary": {"covered_lines": 9, "num_statements": 9, "percent_covered": 100.0, "percent_covered_display": "100", "missing_lines": 0, "excluded_lines": 0, "percent_statements_covered": 100.0, "percent_statements_covered_display": "100"}, "missing_lines": [], "excluded_lines": [], "start_line": 333}, "": {"executed_lines": [8, 9, 10, 12, 13, 14, 17, 31, 49, 59, 80, 93, 182, 199, 333], "summary": {"covered_lines": 15, "num_statements": 15, "percent_covered": 100.0, "percent_covered_display": "100", "missing_lines": 0, "excluded_lines": 0, "percent_statements_covered": 100.0, "percent_statements_covered_display": "100"}, "missing_lines": [], "excluded_lines": [], "start_line": 1}}, "classes": {"AnalysisResult": {"executed_lines": [44, 45, 46, 47, 55, 57, 67, 69, 78, 89, 91, 112, 114, 117, 118, 119, 121, 122, 124, 126, 127, 129, 131, 133, 136, 137, 139, 140, 141, 142, 144, 145, 147, 151, 155, 157, 161, 163, 168, 169, 170, 171, 172, 173, 174, 180], "summary": {"covered_lines": 46, "num_statements": 55, "percent_covered": 83.63636363636364, "percent_covered_display": "84", "missing_lines": 9, "excluded_lines": 0, "percent_statements_covered": 83.63636363636364, "percent_statements_covered_display": "84"}, "missing_lines": [56, 115, 123, 128, 130, 132, 134, 194, 196], "excluded_lines": [], "start_line": 17}, "": {"executed_lines": [8, 9, 10, 12, 13, 14, 17, 31, 49, 59, 80, 93, 182, 199, 230, 231, 233, 237, 238, 239, 240, 241, 242, 244, 245, 246, 250, 251, 254, 255, 257, 258, 260, 264, 269, 270, 271, 273, 276, 281, 282, 283, 284, 287, 288, 289, 290, 291, 293, 296, 297, 299, 300, 305, 306, 309, 310, 311, 318, 321, 322, 323, 326, 327, 329, 330, 333, 353, 354, 355, 356, 357, 358, 359, 361, 362], "summary": {"covered_lines": 76, "num_statements": 79, "percent_covered": 96.20253164556962, "percent_covered_display": "96", "missing_lines": 3, "excluded_lines": 0, "percent_statements_covered": 96.20253164556962, "percent_statements_covered_display": "96"}, "missing_lines": [232, 234, 261], "excluded_lines": [], "start_line": 1}}}, "src\\xpyrment\\analyze\\outliers.py": {"executed_lines": [7, 8, 11, 18, 25, 26, 27, 28, 29, 30, 31, 33, 39, 40, 41, 42, 43, 45, 46, 47, 49, 55, 56, 57, 59, 61, 63], "summary": {"covered_lines": 27, "num_statements": 27, "percent_covered": 100.0, "percent_covered_display": "100", "missing_lines": 0, "excluded_lines": 0, "percent_statements_covered": 100.0, "percent_statements_covered_display": "100"}, "missing_lines": [], "excluded_lines": [], "functions": {"WinsorizationEngine.__init__": {"executed_lines": [25, 26, 27, 28, 29, 30, 31], "summary": {"covered_lines": 7, "num_statements": 7, "percent_covered": 100.0, "percent_covered_display": "100", "missing_lines": 0, "excluded_lines": 0, "percent_statements_covered": 100.0, "percent_statements_covered_display": "100"}, "missing_lines": [], "excluded_lines": [], "start_line": 18}, "WinsorizationEngine.fit": {"executed_lines": [39, 40, 41, 42, 43, 45, 46, 47], "summary": {"covered_lines": 8, "num_statements": 8, "percent_covered": 100.0, "percent_covered_display": "100", "missing_lines": 0, "excluded_lines": 0, "percent_statements_covered": 100.0, "percent_statements_covered_display": "100"}, "missing_lines": [], "excluded_lines": [], "start_line": 33}, "WinsorizationEngine.transform": {"executed_lines": [55, 56, 57, 59], "summary": {"covered_lines": 4, "num_statements": 4, "percent_covered": 100.0, "percent_covered_display": "100", "missing_lines": 0, "excluded_lines": 0, "percent_statements_covered": 100.0, "percent_statements_covered_display": "100"}, "missing_lines": [], "excluded_lines": [], "start_line": 49}, "WinsorizationEngine.fit_transform": {"executed_lines": [63], "summary": {"covered_lines": 1, "num_statements": 1, "percent_covered": 100.0, "percent_covered_display": "100", "missing_lines": 0, "excluded_lines": 0, "percent_statements_covered": 100.0, "percent_statements_covered_display": "100"}, "missing_lines": [], "excluded_lines": [], "start_line": 61}, "": {"executed_lines": [7, 8, 11, 18, 33, 49, 61], "summary": {"covered_lines": 7, "num_statements": 7, "percent_covered": 100.0, "percent_covered_display": "100", "missing_lines": 0, "excluded_lines": 0, "percent_statements_covered": 100.0, "percent_statements_covered_display": "100"}, "missing_lines": [], "excluded_lines": [], "start_line": 1}}, "classes": {"WinsorizationEngine": {"executed_lines": [25, 26, 27, 28, 29, 30, 31, 39, 40, 41, 42, 43, 45, 46, 47, 55, 56, 57, 59, 63], "summary": {"covered_lines": 20, "num_statements": 20, "percent_covered": 100.0, "percent_covered_display": "100", "missing_lines": 0, "excluded_lines": 0, "percent_statements_covered": 100.0, "percent_statements_covered_display": "100"}, "missing_lines": [], "excluded_lines": [], "start_line": 11}, "": {"executed_lines": [7, 8, 11, 18, 33, 49, 61], "summary": {"covered_lines": 7, "num_statements": 7, "percent_covered": 100.0, "percent_covered_display": "100", "missing_lines": 0, "excluded_lines": 0, "percent_statements_covered": 100.0, "percent_statements_covered_display": "100"}, "missing_lines": [], "excluded_lines": [], "start_line": 1}}}, "src\\xpyrment\\analyze\\ratio.py": {"executed_lines": [7, 8, 9, 12, 19, 21, 22, 23, 25, 26, 27, 29, 30, 32, 38, 39, 42, 43, 45, 48, 51, 52, 55, 56, 59, 60, 61, 63, 64, 66, 68, 71, 72, 75, 78, 80, 81, 82, 87, 89, 90, 92], "summary": {"covered_lines": 42, "num_statements": 47, "percent_covered": 89.36170212765957, "percent_covered_display": "89", "missing_lines": 5, "excluded_lines": 0, "percent_statements_covered": 89.36170212765957, "percent_statements_covered_display": "89"}, "missing_lines": [40, 46, 69, 84, 85], "excluded_lines": [], "functions": {"RatioMetricDeltaMethod.__init__": {"executed_lines": [21, 22, 23, 25, 26, 27, 29, 30], "summary": {"covered_lines": 8, "num_statements": 8, "percent_covered": 100.0, "percent_covered_display": "100", "missing_lines": 0, "excluded_lines": 0, "percent_statements_covered": 100.0, "percent_statements_covered_display": "100"}, "missing_lines": [], "excluded_lines": [], "start_line": 19}, "RatioMetricDeltaMethod.compute_ratio_variance": {"executed_lines": [38, 39, 42, 43, 45, 48, 51, 52, 55, 56, 59, 60, 61, 63, 64], "summary": {"covered_lines": 15, "num_statements": 17, "percent_covered": 88.23529411764706, "percent_covered_display": "88", "missing_lines": 2, "excluded_lines": 0, "percent_statements_covered": 88.23529411764706, "percent_statements_covered_display": "88"}, "missing_lines": [40, 46], "excluded_lines": [], "start_line": 32}, "RatioMetricDeltaMethod.fit": {"executed_lines": [68, 71, 72, 75, 78, 80, 81, 82, 87], "summary": {"covered_lines": 9, "num_statements": 12, "percent_covered": 75.0, "percent_covered_display": "75", "missing_lines": 3, "excluded_lines": 0, "percent_statements_covered": 75.0, "percent_statements_covered_display": "75"}, "missing_lines": [69, 84, 85], "excluded_lines": [], "start_line": 66}, "RatioMetricDeltaMethod.results": {"executed_lines": [92], "summary": {"covered_lines": 1, "num_statements": 1, "percent_covered": 100.0, "percent_covered_display": "100", "missing_lines": 0, "excluded_lines": 0, "percent_statements_covered": 100.0, "percent_statements_covered_display": "100"}, "missing_lines": [], "excluded_lines": [], "start_line": 90}, "": {"executed_lines": [7, 8, 9, 12, 19, 32, 66, 89, 90], "summary": {"covered_lines": 9, "num_statements": 9, "percent_covered": 100.0, "percent_covered_display": "100", "missing_lines": 0, "excluded_lines": 0, "percent_statements_covered": 100.0, "percent_statements_covered_display": "100"}, "missing_lines": [], "excluded_lines": [], "start_line": 1}}, "classes": {"RatioMetricDeltaMethod": {"executed_lines": [21, 22, 23, 25, 26, 27, 29, 30, 38, 39, 42, 43, 45, 48, 51, 52, 55, 56, 59, 60, 61, 63, 64, 68, 71, 72, 75, 78, 80, 81, 82, 87, 92], "summary": {"covered_lines": 33, "num_statements": 38, "percent_covered": 86.84210526315789, "percent_covered_display": "87", "missing_lines": 5, "excluded_lines": 0, "percent_statements_covered": 86.84210526315789, "percent_statements_covered_display": "87"}, "missing_lines": [40, 46, 69, 84, 85], "excluded_lines": [], "start_line": 12}, "": {"executed_lines": [7, 8, 9, 12, 19, 32, 66, 89, 90], "summary": {"covered_lines": 9, "num_statements": 9, "percent_covered": 100.0, "percent_covered_display": "100", "missing_lines": 0, "excluded_lines": 0, "percent_statements_covered": 100.0, "percent_statements_covered_display": "100"}, "missing_lines": [], "excluded_lines": [], "start_line": 1}}}, "src\\xpyrment\\analyze\\registry.py": {"executed_lines": [7, 8, 11, 18, 20, 22, 24, 29, 31, 39, 44, 46, 52, 53, 54, 56, 57, 58, 59, 60, 62, 63, 64, 65, 66, 67, 69, 70, 71, 73, 75, 85, 86, 88, 89, 90, 92, 93, 98, 99, 100, 102, 105, 107], "summary": {"covered_lines": 44, "num_statements": 46, "percent_covered": 95.65217391304348, "percent_covered_display": "96", "missing_lines": 2, "excluded_lines": 0, "percent_statements_covered": 95.65217391304348, "percent_statements_covered_display": "96"}, "missing_lines": [95, 101], "excluded_lines": [], "functions": {"MetricRegistry.__init__": {"executed_lines": [20], "summary": {"covered_lines": 1, "num_statements": 1, "percent_covered": 100.0, "percent_covered_display": "100", "missing_lines": 0, "excluded_lines": 0, "percent_statements_covered": 100.0, "percent_statements_covered_display": "100"}, "missing_lines": [], "excluded_lines": [], "start_line": 18}, "MetricRegistry.add_raw": {"executed_lines": [24, 29], "summary": {"covered_lines": 2, "num_statements": 2, "percent_covered": 100.0, "percent_covered_display": "100", "missing_lines": 0, "excluded_lines": 0, "percent_statements_covered": 100.0, "percent_statements_covered_display": "100"}, "missing_lines": [], "excluded_lines": [], "start_line": 22}, "MetricRegistry.add_derived": {"executed_lines": [39, 44], "summary": {"covered_lines": 2, "num_statements": 2, "percent_covered": 100.0, "percent_covered_display": "100", "missing_lines": 0, "excluded_lines": 0, "percent_statements_covered": 100.0, "percent_statements_covered_display": "100"}, "missing_lines": [], "excluded_lines": [], "start_line": 31}, "MetricRegistry._topological_sort": {"executed_lines": [52, 53, 54, 56, 69, 70, 71, 73], "summary": {"covered_lines": 8, "num_statements": 8, "percent_covered": 100.0, "percent_covered_display": "100", "missing_lines": 0, "excluded_lines": 0, "percent_statements_covered": 100.0, "percent_statements_covered_display": "100"}, "missing_lines": [], "excluded_lines": [], "start_line": 46}, "MetricRegistry._topological_sort.dfs": {"executed_lines": [57, 58, 59, 60, 62, 63, 64, 65, 66, 67], "summary": {"covered_lines": 10, "num_statements": 10, "percent_covered": 100.0, "percent_covered_display": "100", "missing_lines": 0, "excluded_lines": 0, "percent_statements_covered": 100.0, "percent_statements_covered_display": "100"}, "missing_lines": [], "excluded_lines": [], "start_line": 56}, "MetricRegistry.evaluate": {"executed_lines": [85, 86, 88, 89, 90, 92, 93, 98, 99, 100, 102, 105, 107], "summary": {"covered_lines": 13, "num_statements": 15, "percent_covered": 86.66666666666667, "percent_covered_display": "87", "missing_lines": 2, "excluded_lines": 0, "percent_statements_covered": 86.66666666666667, "percent_statements_covered_display": "87"}, "missing_lines": [95, 101], "excluded_lines": [], "start_line": 75}, "": {"executed_lines": [7, 8, 11, 18, 22, 31, 46, 75], "summary": {"covered_lines": 8, "num_statements": 8, "percent_covered": 100.0, "percent_covered_display": "100", "missing_lines": 0, "excluded_lines": 0, "percent_statements_covered": 100.0, "percent_statements_covered_display": "100"}, "missing_lines": [], "excluded_lines": [], "start_line": 1}}, "classes": {"MetricRegistry": {"executed_lines": [20, 24, 29, 39, 44, 52, 53, 54, 56, 57, 58, 59, 60, 62, 63, 64, 65, 66, 67, 69, 70, 71, 73, 85, 86, 88, 89, 90, 92, 93, 98, 99, 100, 102, 105, 107], "summary": {"covered_lines": 36, "num_statements": 38, "percent_covered": 94.73684210526316, "percent_covered_display": "95", "missing_lines": 2, "excluded_lines": 0, "percent_statements_covered": 94.73684210526316, "percent_statements_covered_display": "95"}, "missing_lines": [95, 101], "excluded_lines": [], "start_line": 11}, "": {"executed_lines": [7, 8, 11, 18, 22, 31, 46, 75], "summary": {"covered_lines": 8, "num_statements": 8, "percent_covered": 100.0, "percent_covered_display": "100", "missing_lines": 0, "excluded_lines": 0, "percent_statements_covered": 100.0, "percent_statements_covered_display": "100"}, "missing_lines": [], "excluded_lines": [], "start_line": 1}}}, "src\\xpyrment\\analyze\\sequential.py": {"executed_lines": [7, 8, 9, 12, 19, 26, 27, 28, 29, 31, 33, 34, 35, 36, 38, 41, 42, 46, 48, 57, 58, 60, 61, 62, 63, 65, 66, 67, 68, 70, 71, 74, 75, 77, 78, 81, 82, 84, 85, 87, 89], "summary": {"covered_lines": 41, "num_statements": 41, "percent_covered": 100.0, "percent_covered_display": "100", "missing_lines": 0, "excluded_lines": 0, "percent_statements_covered": 100.0, "percent_statements_covered_display": "100"}, "missing_lines": [], "excluded_lines": [], "functions": {"GroupSequentialMonitor.__init__": {"executed_lines": [26, 27, 28, 29], "summary": {"covered_lines": 4, "num_statements": 4, "percent_covered": 100.0, "percent_covered_display": "100", "missing_lines": 0, "excluded_lines": 0, "percent_statements_covered": 100.0, "percent_statements_covered_display": "100"}, "missing_lines": [], "excluded_lines": [], "start_line": 19}, "GroupSequentialMonitor.alpha_spent": {"executed_lines": [33, 34, 35, 36, 38, 41, 42, 46], "summary": {"covered_lines": 8, "num_statements": 8, "percent_covered": 100.0, "percent_covered_display": "100", "missing_lines": 0, "excluded_lines": 0, "percent_statements_covered": 100.0, "percent_statements_covered_display": "100"}, "missing_lines": [], "excluded_lines": [], "start_line": 31}, "GroupSequentialMonitor.compute_boundaries": {"executed_lines": [57, 58, 60, 61, 62, 63, 65, 66, 67, 68, 70, 71, 74, 75, 77, 78, 81, 82, 84, 85, 87, 89], "summary": {"covered_lines": 22, "num_statements": 22, "percent_covered": 100.0, "percent_covered_display": "100", "missing_lines": 0, "excluded_lines": 0, "percent_statements_covered": 100.0, "percent_statements_covered_display": "100"}, "missing_lines": [], "excluded_lines": [], "start_line": 48}, "": {"executed_lines": [7, 8, 9, 12, 19, 31, 48], "summary": {"covered_lines": 7, "num_statements": 7, "percent_covered": 100.0, "percent_covered_display": "100", "missing_lines": 0, "excluded_lines": 0, "percent_statements_covered": 100.0, "percent_statements_covered_display": "100"}, "missing_lines": [], "excluded_lines": [], "start_line": 1}}, "classes": {"GroupSequentialMonitor": {"executed_lines": [26, 27, 28, 29, 33, 34, 35, 36, 38, 41, 42, 46, 57, 58, 60, 61, 62, 63, 65, 66, 67, 68, 70, 71, 74, 75, 77, 78, 81, 82, 84, 85, 87, 89], "summary": {"covered_lines": 34, "num_statements": 34, "percent_covered": 100.0, "percent_covered_display": "100", "missing_lines": 0, "excluded_lines": 0, "percent_statements_covered": 100.0, "percent_statements_covered_display": "100"}, "missing_lines": [], "excluded_lines": [], "start_line": 12}, "": {"executed_lines": [7, 8, 9, 12, 19, 31, 48], "summary": {"covered_lines": 7, "num_statements": 7, "percent_covered": 100.0, "percent_covered_display": "100", "missing_lines": 0, "excluded_lines": 0, "percent_statements_covered": 100.0, "percent_statements_covered_display": "100"}, "missing_lines": [], "excluded_lines": [], "start_line": 1}}}, "src\\xpyrment\\analyze\\srm.py": {"executed_lines": [7, 8, 9, 10, 12, 15, 22, 28, 30, 31, 33, 42, 43, 46, 47, 48, 49, 56, 57, 59, 60, 63, 66, 69, 71, 77, 87, 91, 92, 93, 103, 105, 106, 107, 111, 112, 114, 115, 117, 118, 120, 121, 122, 124, 125, 126, 127, 129, 130, 133, 134, 136, 137, 138, 140], "summary": {"covered_lines": 55, "num_statements": 59, "percent_covered": 93.22033898305085, "percent_covered_display": "93", "missing_lines": 4, "excluded_lines": 0, "percent_statements_covered": 93.22033898305085, "percent_statements_covered_display": "93"}, "missing_lines": [29, 44, 88, 94], "excluded_lines": [], "functions": {"SampleRatioMismatchDetector.__init__": {"executed_lines": [28, 30, 31], "summary": {"covered_lines": 3, "num_statements": 4, "percent_covered": 75.0, "percent_covered_display": "75", "missing_lines": 1, "excluded_lines": 0, "percent_statements_covered": 75.0, "percent_statements_covered_display": "75"}, "missing_lines": [29], "excluded_lines": [], "start_line": 22}, "SampleRatioMismatchDetector.test_retrospective": {"executed_lines": [42, 43, 46, 47, 48, 49, 56, 57, 59, 60, 63, 66, 69, 71], "summary": {"covered_lines": 14, "num_statements": 15, "percent_covered": 93.33333333333333, "percent_covered_display": "93", "missing_lines": 1, "excluded_lines": 0, "percent_statements_covered": 93.33333333333333, "percent_statements_covered_display": "93"}, "missing_lines": [44], "excluded_lines": [], "start_line": 33}, "SampleRatioMismatchDetector.test_sequential": {"executed_lines": [87, 91, 92, 93, 103, 105, 106, 107, 111, 112, 114, 115, 117, 118, 120, 121, 122, 124, 125, 126, 127, 129, 130, 133, 134, 136, 137, 138, 140], "summary": {"covered_lines": 29, "num_statements": 31, "percent_covered": 93.54838709677419, "percent_covered_display": "94", "missing_lines": 2, "excluded_lines": 0, "percent_statements_covered": 93.54838709677419, "percent_statements_covered_display": "94"}, "missing_lines": [88, 94], "excluded_lines": [], "start_line": 77}, "": {"executed_lines": [7, 8, 9, 10, 12, 15, 22, 33, 77], "summary": {"covered_lines": 9, "num_statements": 9, "percent_covered": 100.0, "percent_covered_display": "100", "missing_lines": 0, "excluded_lines": 0, "percent_statements_covered": 100.0, "percent_statements_covered_display": "100"}, "missing_lines": [], "excluded_lines": [], "start_line": 1}}, "classes": {"SampleRatioMismatchDetector": {"executed_lines": [28, 30, 31, 42, 43, 46, 47, 48, 49, 56, 57, 59, 60, 63, 66, 69, 71, 87, 91, 92, 93, 103, 105, 106, 107, 111, 112, 114, 115, 117, 118, 120, 121, 122, 124, 125, 126, 127, 129, 130, 133, 134, 136, 137, 138, 140], "summary": {"covered_lines": 46, "num_statements": 50, "percent_covered": 92.0, "percent_covered_display": "92", "missing_lines": 4, "excluded_lines": 0, "percent_statements_covered": 92.0, "percent_statements_covered_display": "92"}, "missing_lines": [29, 44, 88, 94], "excluded_lines": [], "start_line": 15}, "": {"executed_lines": [7, 8, 9, 10, 12, 15, 22, 33, 77], "summary": {"covered_lines": 9, "num_statements": 9, "percent_covered": 100.0, "percent_covered_display": "100", "missing_lines": 0, "excluded_lines": 0, "percent_statements_covered": 100.0, "percent_statements_covered_display": "100"}, "missing_lines": [], "excluded_lines": [], "start_line": 1}}}, "src\\xpyrment\\analyze\\streaming.py": {"executed_lines": [9, 12, 20, 28, 29, 30, 33, 36, 40, 41, 44, 45, 47, 49, 50, 51, 54, 55, 56, 58, 67, 68, 71, 74, 77, 80, 81, 84, 86, 95, 96, 97, 98, 100, 101, 103, 112, 113, 114, 115, 116, 118, 119, 121], "summary": {"covered_lines": 44, "num_statements": 44, "percent_covered": 100.0, "percent_covered_display": "100", "missing_lines": 0, "excluded_lines": 0, "percent_statements_covered": 100.0, "percent_statements_covered_display": "100"}, "missing_lines": [], "excluded_lines": [], "functions": {"StreamingOLS.__init__": {"executed_lines": [28, 29, 30, 33, 36, 40, 41, 44, 45], "summary": {"covered_lines": 9, "num_statements": 9, "percent_covered": 100.0, "percent_covered_display": "100", "missing_lines": 0, "excluded_lines": 0, "percent_statements_covered": 100.0, "percent_statements_covered_display": "100"}, "missing_lines": [], "excluded_lines": [], "start_line": 20}, "StreamingOLS._prepare_vector": {"executed_lines": [49, 50, 51, 54, 55, 56], "summary": {"covered_lines": 6, "num_statements": 6, "percent_covered": 100.0, "percent_covered_display": "100", "missing_lines": 0, "excluded_lines": 0, "percent_statements_covered": 100.0, "percent_statements_covered_display": "100"}, "missing_lines": [], "excluded_lines": [], "start_line": 47}, "StreamingOLS.update": {"executed_lines": [67, 68, 71, 74, 77, 80, 81, 84], "summary": {"covered_lines": 8, "num_statements": 8, "percent_covered": 100.0, "percent_covered_display": "100", "missing_lines": 0, "excluded_lines": 0, "percent_statements_covered": 100.0, "percent_statements_covered_display": "100"}, "missing_lines": [], "excluded_lines": [], "start_line": 58}, "StreamingOLS.update_batch": {"executed_lines": [95, 96, 97, 98, 100, 101], "summary": {"covered_lines": 6, "num_statements": 6, "percent_covered": 100.0, "percent_covered_display": "100", "missing_lines": 0, "excluded_lines": 0, "percent_statements_covered": 100.0, "percent_statements_covered_display": "100"}, "missing_lines": [], "excluded_lines": [], "start_line": 86}, "StreamingOLS.predict": {"executed_lines": [112, 113, 114, 115, 116], "summary": {"covered_lines": 5, "num_statements": 5, "percent_covered": 100.0, "percent_covered_display": "100", "missing_lines": 0, "excluded_lines": 0, "percent_statements_covered": 100.0, "percent_statements_covered_display": "100"}, "missing_lines": [], "excluded_lines": [], "start_line": 103}, "StreamingOLS.coefficients": {"executed_lines": [121], "summary": {"covered_lines": 1, "num_statements": 1, "percent_covered": 100.0, "percent_covered_display": "100", "missing_lines": 0, "excluded_lines": 0, "percent_statements_covered": 100.0, "percent_statements_covered_display": "100"}, "missing_lines": [], "excluded_lines": [], "start_line": 119}, "": {"executed_lines": [9, 12, 20, 47, 58, 86, 103, 118, 119], "summary": {"covered_lines": 9, "num_statements": 9, "percent_covered": 100.0, "percent_covered_display": "100", "missing_lines": 0, "excluded_lines": 0, "percent_statements_covered": 100.0, "percent_statements_covered_display": "100"}, "missing_lines": [], "excluded_lines": [], "start_line": 1}}, "classes": {"StreamingOLS": {"executed_lines": [28, 29, 30, 33, 36, 40, 41, 44, 45, 49, 50, 51, 54, 55, 56, 67, 68, 71, 74, 77, 80, 81, 84, 95, 96, 97, 98, 100, 101, 112, 113, 114, 115, 116, 121], "summary": {"covered_lines": 35, "num_statements": 35, "percent_covered": 100.0, "percent_covered_display": "100", "missing_lines": 0, "excluded_lines": 0, "percent_statements_covered": 100.0, "percent_statements_covered_display": "100"}, "missing_lines": [], "excluded_lines": [], "start_line": 12}, "": {"executed_lines": [9, 12, 20, 47, 58, 86, 103, 118, 119], "summary": {"covered_lines": 9, "num_statements": 9, "percent_covered": 100.0, "percent_covered_display": "100", "missing_lines": 0, "excluded_lines": 0, "percent_statements_covered": 100.0, "percent_statements_covered_display": "100"}, "missing_lines": [], "excluded_lines": [], "start_line": 1}}}, "src\\xpyrment\\analyze\\variance_reduction.py": {"executed_lines": [8, 11, 25, 26, 27, 29, 30, 32, 33, 35, 37, 40, 41], "summary": {"covered_lines": 13, "num_statements": 13, "percent_covered": 100.0, "percent_covered_display": "100", "missing_lines": 0, "excluded_lines": 0, "percent_statements_covered": 100.0, "percent_statements_covered_display": "100"}, "missing_lines": [], "excluded_lines": [], "functions": {"apply_cuped": {"executed_lines": [25, 26, 27, 29, 30, 32, 33, 35, 37, 40, 41], "summary": {"covered_lines": 11, "num_statements": 11, "percent_covered": 100.0, "percent_covered_display": "100", "missing_lines": 0, "excluded_lines": 0, "percent_statements_covered": 100.0, "percent_statements_covered_display": "100"}, "missing_lines": [], "excluded_lines": [], "start_line": 11}, "": {"executed_lines": [8, 11], "summary": {"covered_lines": 2, "num_statements": 2, "percent_covered": 100.0, "percent_covered_display": "100", "missing_lines": 0, "excluded_lines": 0, "percent_statements_covered": 100.0, "percent_statements_covered_display": "100"}, "missing_lines": [], "excluded_lines": [], "start_line": 1}}, "classes": {"": {"executed_lines": [8, 11, 25, 26, 27, 29, 30, 32, 33, 35, 37, 40, 41], "summary": {"covered_lines": 13, "num_statements": 13, "percent_covered": 100.0, "percent_covered_display": "100", "missing_lines": 0, "excluded_lines": 0, "percent_statements_covered": 100.0, "percent_statements_covered_display": "100"}, "missing_lines": [], "excluded_lines": [], "start_line": 1}}}, "src\\xpyrment\\bandit\\__init__.py": {"executed_lines": [9, 10, 11, 12, 13, 14, 15, 17], "summary": {"covered_lines": 8, "num_statements": 8, "percent_covered": 100.0, "percent_covered_display": "100", "missing_lines": 0, "excluded_lines": 0, "percent_statements_covered": 100.0, "percent_statements_covered_display": "100"}, "missing_lines": [], "excluded_lines": [], "functions": {"": {"executed_lines": [9, 10, 11, 12, 13, 14, 15, 17], "summary": {"covered_lines": 8, "num_statements": 8, "percent_covered": 100.0, "percent_covered_display": "100", "missing_lines": 0, "excluded_lines": 0, "percent_statements_covered": 100.0, "percent_statements_covered_display": "100"}, "missing_lines": [], "excluded_lines": [], "start_line": 1}}, "classes": {"": {"executed_lines": [9, 10, 11, 12, 13, 14, 15, 17], "summary": {"covered_lines": 8, "num_statements": 8, "percent_covered": 100.0, "percent_covered_display": "100", "missing_lines": 0, "excluded_lines": 0, "percent_statements_covered": 100.0, "percent_statements_covered_display": "100"}, "missing_lines": [], "excluded_lines": [], "start_line": 1}}}, "src\\xpyrment\\bandit\\epsilon_greedy.py": {"executed_lines": [7, 8, 11, 17, 26, 27, 28, 29, 30, 31, 32, 33, 35, 36, 37, 38, 39, 40, 41, 43, 49, 52, 54, 57, 58, 59, 60, 61, 62, 63, 64, 65, 66, 68, 75, 76, 78, 79, 80, 82, 85], "summary": {"covered_lines": 41, "num_statements": 42, "percent_covered": 97.61904761904762, "percent_covered_display": "98", "missing_lines": 1, "excluded_lines": 0, "percent_statements_covered": 97.61904761904762, "percent_statements_covered_display": "98"}, "missing_lines": [50], "excluded_lines": [], "functions": {"EpsilonGreedyBandit.__init__": {"executed_lines": [26, 27, 28, 29, 30, 31, 32, 33, 35, 36, 37, 38, 39, 40, 41], "summary": {"covered_lines": 15, "num_statements": 15, "percent_covered": 100.0, "percent_covered_display": "100", "missing_lines": 0, "excluded_lines": 0, "percent_statements_covered": 100.0, "percent_statements_covered_display": "100"}, "missing_lines": [], "excluded_lines": [], "start_line": 17}, "EpsilonGreedyBandit.select_arm": {"executed_lines": [49, 52, 54, 57, 58, 59, 60, 61, 62, 63, 64, 65, 66], "summary": {"covered_lines": 13, "num_statements": 14, "percent_covered": 92.85714285714286, "percent_covered_display": "93", "missing_lines": 1, "excluded_lines": 0, "percent_statements_covered": 92.85714285714286, "percent_statements_covered_display": "93"}, "missing_lines": [50], "excluded_lines": [], "start_line": 43}, "EpsilonGreedyBandit.update": {"executed_lines": [75, 76, 78, 79, 80, 82, 85], "summary": {"covered_lines": 7, "num_statements": 7, "percent_covered": 100.0, "percent_covered_display": "100", "missing_lines": 0, "excluded_lines": 0, "percent_statements_covered": 100.0, "percent_statements_covered_display": "100"}, "missing_lines": [], "excluded_lines": [], "start_line": 68}, "": {"executed_lines": [7, 8, 11, 17, 43, 68], "summary": {"covered_lines": 6, "num_statements": 6, "percent_covered": 100.0, "percent_covered_display": "100", "missing_lines": 0, "excluded_lines": 0, "percent_statements_covered": 100.0, "percent_statements_covered_display": "100"}, "missing_lines": [], "excluded_lines": [], "start_line": 1}}, "classes": {"EpsilonGreedyBandit": {"executed_lines": [26, 27, 28, 29, 30, 31, 32, 33, 35, 36, 37, 38, 39, 40, 41, 49, 52, 54, 57, 58, 59, 60, 61, 62, 63, 64, 65, 66, 75, 76, 78, 79, 80, 82, 85], "summary": {"covered_lines": 35, "num_statements": 36, "percent_covered": 97.22222222222223, "percent_covered_display": "97", "missing_lines": 1, "excluded_lines": 0, "percent_statements_covered": 97.22222222222223, "percent_statements_covered_display": "97"}, "missing_lines": [50], "excluded_lines": [], "start_line": 11}, "": {"executed_lines": [7, 8, 11, 17, 43, 68], "summary": {"covered_lines": 6, "num_statements": 6, "percent_covered": 100.0, "percent_covered_display": "100", "missing_lines": 0, "excluded_lines": 0, "percent_statements_covered": 100.0, "percent_statements_covered_display": "100"}, "missing_lines": [], "excluded_lines": [], "start_line": 1}}}, "src\\xpyrment\\bandit\\multi_objective.py": {"executed_lines": [8, 9, 10, 13, 24, 32, 33, 34, 35, 38, 40, 47, 48, 50, 52, 55, 56, 58, 61, 62, 64, 66, 72, 75, 78, 79, 80, 84, 85, 86, 87, 88, 91, 92, 95, 96, 97, 99, 100, 101, 102, 104, 106, 116, 117, 119, 124, 125, 127, 128, 131, 132, 133, 134, 135, 136, 139, 140, 142, 144, 147, 149, 150, 152, 153, 155, 158, 159, 161, 163, 165, 167, 177, 178, 179], "summary": {"covered_lines": 75, "num_statements": 79, "percent_covered": 94.9367088607595, "percent_covered_display": "95", "missing_lines": 4, "excluded_lines": 0, "percent_statements_covered": 94.9367088607595, "percent_statements_covered_display": "95"}, "missing_lines": [53, 73, 81, 121], "excluded_lines": [], "functions": {"MultiObjectiveTuner.__init__": {"executed_lines": [32, 33, 34, 35, 38], "summary": {"covered_lines": 5, "num_statements": 5, "percent_covered": 100.0, "percent_covered_display": "100", "missing_lines": 0, "excluded_lines": 0, "percent_statements_covered": 100.0, "percent_statements_covered_display": "100"}, "missing_lines": [], "excluded_lines": [], "start_line": 24}, "MultiObjectiveTuner.add_observation": {"executed_lines": [47, 48], "summary": {"covered_lines": 2, "num_statements": 2, "percent_covered": 100.0, "percent_covered_display": "100", "missing_lines": 0, "excluded_lines": 0, "percent_statements_covered": 100.0, "percent_statements_covered_display": "100"}, "missing_lines": [], "excluded_lines": [], "start_line": 40}, "MultiObjectiveTuner.get_pareto_frontier": {"executed_lines": [52, 55, 56, 58, 61, 62, 64], "summary": {"covered_lines": 7, "num_statements": 8, "percent_covered": 87.5, "percent_covered_display": "88", "missing_lines": 1, "excluded_lines": 0, "percent_statements_covered": 87.5, "percent_statements_covered_display": "88"}, "missing_lines": [53], "excluded_lines": [], "start_line": 50}, "MultiObjectiveTuner.compute_hypervolume": {"executed_lines": [72, 75, 78, 79, 80, 84, 85, 86, 87, 88, 91, 92, 95, 96, 97, 99, 100, 101, 102, 104], "summary": {"covered_lines": 20, "num_statements": 22, "percent_covered": 90.9090909090909, "percent_covered_display": "91", "missing_lines": 2, "excluded_lines": 0, "percent_statements_covered": 90.9090909090909, "percent_statements_covered_display": "91"}, "missing_lines": [73, 81], "excluded_lines": [], "start_line": 66}, "MultiObjectiveTuner.compute_ehvi": {"executed_lines": [116, 117, 119, 124, 125, 127, 128, 131, 132, 133, 134, 135, 136, 139, 140, 142, 144, 147, 149, 150, 152, 153, 155, 158, 159, 161, 163, 165], "summary": {"covered_lines": 28, "num_statements": 29, "percent_covered": 96.55172413793103, "percent_covered_display": "97", "missing_lines": 1, "excluded_lines": 0, "percent_statements_covered": 96.55172413793103, "percent_statements_covered_display": "97"}, "missing_lines": [121], "excluded_lines": [], "start_line": 106}, "MultiObjectiveTuner.propose_next": {"executed_lines": [177, 178, 179], "summary": {"covered_lines": 3, "num_statements": 3, "percent_covered": 100.0, "percent_covered_display": "100", "missing_lines": 0, "excluded_lines": 0, "percent_statements_covered": 100.0, "percent_statements_covered_display": "100"}, "missing_lines": [], "excluded_lines": [], "start_line": 167}, "": {"executed_lines": [8, 9, 10, 13, 24, 40, 50, 66, 106, 167], "summary": {"covered_lines": 10, "num_statements": 10, "percent_covered": 100.0, "percent_covered_display": "100", "missing_lines": 0, "excluded_lines": 0, "percent_statements_covered": 100.0, "percent_statements_covered_display": "100"}, "missing_lines": [], "excluded_lines": [], "start_line": 1}}, "classes": {"MultiObjectiveTuner": {"executed_lines": [32, 33, 34, 35, 38, 47, 48, 52, 55, 56, 58, 61, 62, 64, 72, 75, 78, 79, 80, 84, 85, 86, 87, 88, 91, 92, 95, 96, 97, 99, 100, 101, 102, 104, 116, 117, 119, 124, 125, 127, 128, 131, 132, 133, 134, 135, 136, 139, 140, 142, 144, 147, 149, 150, 152, 153, 155, 158, 159, 161, 163, 165, 177, 178, 179], "summary": {"covered_lines": 65, "num_statements": 69, "percent_covered": 94.20289855072464, "percent_covered_display": "94", "missing_lines": 4, "excluded_lines": 0, "percent_statements_covered": 94.20289855072464, "percent_statements_covered_display": "94"}, "missing_lines": [53, 73, 81, 121], "excluded_lines": [], "start_line": 13}, "": {"executed_lines": [8, 9, 10, 13, 24, 40, 50, 66, 106, 167], "summary": {"covered_lines": 10, "num_statements": 10, "percent_covered": 100.0, "percent_covered_display": "100", "missing_lines": 0, "excluded_lines": 0, "percent_statements_covered": 100.0, "percent_statements_covered_display": "100"}, "missing_lines": [], "excluded_lines": [], "start_line": 1}}}, "src\\xpyrment\\bandit\\non_stationary.py": {"executed_lines": [7, 8, 11, 23, 30, 33, 34, 37, 38, 40, 42, 43, 44, 46, 47, 48, 49, 50, 52, 54, 59, 61, 65, 66, 67, 70, 71, 73, 75, 76, 78, 81, 89, 96, 99, 100, 103, 105, 107, 110, 112, 113, 115, 116, 117, 120, 122, 123, 125, 126, 127, 128, 129, 131, 133, 135, 137, 140, 142, 143], "summary": {"covered_lines": 60, "num_statements": 67, "percent_covered": 89.55223880597015, "percent_covered_display": "90", "missing_lines": 7, "excluded_lines": 0, "percent_statements_covered": 89.55223880597015, "percent_statements_covered_display": "90"}, "missing_lines": [31, 60, 62, 97, 118, 136, 138], "excluded_lines"
[...]
 292, 294, 295, 297, 298, 300, 301, 302, 303, 304, 307, 310, 311, 313, 315, 323, 324, 325, 327], "summary": {"covered_lines": 31, "num_statements": 33, "percent_covered": 93.93939393939394, "percent_covered_display": "94", "missing_lines": 2, "excluded_lines": 0, "percent_statements_covered": 93.93939393939394, "percent_statements_covered_display": "94"}, "missing_lines": [286, 287], "excluded_lines": [], "start_line": 275}, "ExperimentDashboardServer.get_api_payload": {"executed_lines": [331, 332, 338, 340, 341, 342, 344, 345, 347, 348, 349, 350, 352, 354, 355, 358, 359, 360, 361, 362, 364, 365, 366, 367, 370, 371, 372, 373, 374, 375, 376, 377, 378, 380, 381, 382, 383, 385, 386, 387, 388, 390, 393, 394, 400, 401, 402, 404, 405, 406, 408, 411, 437], "summary": {"covered_lines": 53, "num_statements": 57, "percent_covered": 92.98245614035088, "percent_covered_display": "93", "missing_lines": 4, "excluded_lines": 0, "percent_statements_covered": 92.98245614035088, "percent_statements_covered_display": "93"}, "missing_lines": [389, 391, 407, 409], "excluded_lines": [], "start_line": 329}, "ExperimentDashboardServer.get_html_content": {"executed_lines": [441], "summary": {"covered_lines": 1, "num_statements": 1, "percent_covered": 100.0, "percent_covered_display": "100", "missing_lines": 0, "excluded_lines": 0, "percent_statements_covered": 100.0, "percent_statements_covered_display": "100"}, "missing_lines": [], "excluded_lines": [], "start_line": 439}, "": {"executed_lines": [7, 8, 9, 10, 11, 12, 13, 14, 15, 16, 18, 21, 49, 56, 103, 212, 219, 237, 247, 258, 266, 275, 329, 439], "summary": {"covered_lines": 24, "num_statements": 24, "percent_covered": 100.0, "percent_covered_display": "100", "missing_lines": 0, "excluded_lines": 0, "percent_statements_covered": 100.0, "percent_statements_covered_display": "100"}, "missing_lines": [], "excluded_lines": [], "start_line": 1}}, "classes": {"ExperimentDashboardServer": {"executed_lines": [77, 78, 79, 80, 81, 82, 83, 84, 85, 86, 89, 92, 95, 96, 97, 98, 99, 100, 101, 105, 106, 108, 110, 111, 115, 136, 204, 205, 207, 208, 209, 210, 213, 214, 215, 216, 217, 221, 222, 224, 226, 227, 229, 230, 232, 233, 234, 235, 239, 240, 241, 242, 243, 244, 245, 249, 250, 251, 252, 253, 254, 255, 256, 260, 261, 262, 263, 264, 268, 269, 270, 271, 272, 273, 276, 277, 278, 279, 280, 281, 282, 283, 285, 289, 290, 291, 292, 294, 295, 297, 298, 300, 301, 302, 303, 304, 307, 310, 311, 313, 315, 323, 324, 325, 327, 331, 332, 338, 340, 341, 342, 344, 345, 347, 348, 349, 350, 352, 354, 355, 358, 359, 360, 361, 362, 364, 365, 366, 367, 370, 371, 372, 373, 374, 375, 376, 377, 378, 380, 381, 382, 383, 385, 386, 387, 388, 390, 393, 394, 400, 401, 402, 404, 405, 406, 408, 411, 437, 441], "summary": {"covered_lines": 159, "num_statements": 165, "percent_covered": 96.36363636363636, "percent_covered_display": "96", "missing_lines": 6, "excluded_lines": 0, "percent_statements_covered": 96.36363636363636, "percent_statements_covered_display": "96"}, "missing_lines": [286, 287, 389, 391, 407, 409], "excluded_lines": [], "start_line": 49}, "ExperimentDashboardServer.start.DashboardHTTPRequestHandler": {"executed_lines": [113, 116, 117, 118, 119, 120, 121, 122, 123, 124, 125, 126, 127, 128, 129, 131, 132, 133, 134, 137, 138, 139, 140, 141, 142, 144, 145, 146, 147, 149, 150, 151, 152, 153, 158, 159, 160, 161, 163, 164, 165, 166, 167, 174, 175, 176, 177, 178, 179, 181, 182, 183, 184, 186, 187, 189, 190, 191, 192, 198, 199, 200, 201], "summary": {"covered_lines": 63, "num_statements": 63, "percent_covered": 100.0, "percent_covered_display": "100", "missing_lines": 0, "excluded_lines": 0, "percent_statements_covered": 100.0, "percent_statements_covered_display": "100"}, "missing_lines": [], "excluded_lines": [], "start_line": 110}, "": {"executed_lines": [7, 8, 9, 10, 11, 12, 13, 14, 15, 16, 18, 21, 30, 31, 32, 33, 34, 35, 36, 37, 38, 39, 40, 41, 42, 43, 44, 45, 46, 49, 56, 103, 212, 219, 237, 247, 258, 266, 275, 329, 439], "summary": {"covered_lines": 41, "num_statements": 41, "percent_covered": 100.0, "percent_covered_display": "100", "missing_lines": 0, "excluded_lines": 0, "percent_statements_covered": 100.0, "percent_statements_covered_display": "100"}, "missing_lines": [], "excluded_lines": [], "start_line": 1}}}, "src\\xpyrment\\simulation.py": {"executed_lines": [7, 8, 9, 12, 96, 99, 100, 101, 102, 106, 107, 108, 110, 112, 118, 119, 122, 123, 126, 127, 129, 130, 131, 132, 133, 134, 135, 137, 138, 139, 142, 143, 146, 147, 148, 149, 150, 154, 155, 157, 158, 161, 162, 164, 165, 167, 168, 169, 171, 172, 173, 176, 190, 193, 200, 202, 204, 222, 223, 226, 229, 230, 232, 233, 239, 240, 242, 243, 245, 254, 269, 271, 272, 274, 275, 284, 285, 287, 290, 292, 293, 295, 296, 298, 299, 302, 304, 306, 308], "summary": {"covered_lines": 89, "num_statements": 90, "percent_covered": 98.88888888888889, "percent_covered_display": "99", "missing_lines": 1, "excluded_lines": 0, "percent_statements_covered": 98.88888888888889, "percent_statements_covered_display": "99"}, "missing_lines": [288], "excluded_lines": [], "functions": {"generate_ab_data": {"executed_lines": [96, 99, 100, 101, 102, 106, 107, 108, 110, 112, 118, 119, 122, 123, 126, 127, 129, 130, 131, 132, 133, 134, 135, 137, 138, 139, 142, 143, 146, 147, 148, 149, 150, 154, 155, 157, 158, 161, 162, 164, 165, 167, 168, 169, 171, 172, 173, 176, 190], "summary": {"covered_lines": 49, "num_statements": 49, "percent_covered": 100.0, "percent_covered_display": "100", "missing_lines": 0, "excluded_lines": 0, "percent_statements_covered": 100.0, "percent_statements_covered_display": "100"}, "missing_lines": [], "excluded_lines": [], "start_line": 12}, "ExperimentSimulator.__init__": {"executed_lines": [202], "summary": {"covered_lines": 1, "num_statements": 1, "percent_covered": 100.0, "percent_covered_display": "100", "missing_lines": 0, "excluded_lines": 0, "percent_statements_covered": 100.0, "percent_statements_covered_display": "100"}, "missing_lines": [], "excluded_lines": [], "start_line": 200}, "ExperimentSimulator.generate_synthetic_panel": {"executed_lines": [222, 223, 226, 229, 230, 232, 233, 239, 240, 242, 243, 245], "summary": {"covered_lines": 12, "num_statements": 12, "percent_covered": 100.0, "percent_covered_display": "100", "missing_lines": 0, "excluded_lines": 0, "percent_statements_covered": 100.0, "percent_statements_covered_display": "100"}, "missing_lines": [], "excluded_lines": [], "start_line": 204}, "ExperimentSimulator.run_monte_carlo": {"executed_lines": [269, 271, 272, 274, 275, 284, 285, 287, 290, 292, 293, 295, 296, 298, 299, 302, 304, 306, 308], "summary": {"covered_lines": 19, "num_statements": 20, "percent_covered": 95.0, "percent_covered_display": "95", "missing_lines": 1, "excluded_lines": 0, "percent_statements_covered": 95.0, "percent_statements_covered_display": "95"}, "missing_lines": [288], "excluded_lines": [], "start_line": 254}, "": {"executed_lines": [7, 8, 9, 12, 193, 200, 204, 254], "summary": {"covered_lines": 8, "num_statements": 8, "percent_covered": 100.0, "percent_covered_display": "100", "missing_lines": 0, "excluded_lines": 0, "percent_statements_covered": 100.0, "percent_statements_covered_display": "100"}, "missing_lines": [], "excluded_lines": [], "start_line": 1}}, "classes": {"ExperimentSimulator": {"executed_lines": [202, 222, 223, 226, 229, 230, 232, 233, 239, 240, 242, 243, 245, 269, 271, 272, 274, 275, 284, 285, 287, 290, 292, 293, 295, 296, 298, 299, 302, 304, 306, 308], "summary": {"covered_lines": 32, "num_statements": 33, "percent_covered": 96.96969696969697, "percent_covered_display": "97", "missing_lines": 1, "excluded_lines": 0, "percent_statements_covered": 96.96969696969697, "percent_statements_covered_display": "97"}, "missing_lines": [288], "excluded_lines": [], "start_line": 193}, "": {"executed_lines": [7, 8, 9, 12, 96, 99, 100, 101, 102, 106, 107, 108, 110, 112, 118, 119, 122, 123, 126, 127, 129, 130, 131, 132, 133, 134, 135, 137, 138, 139, 142, 143, 146, 147, 148, 149, 150, 154, 155, 157, 158, 161, 162, 164, 165, 167, 168, 169, 171, 172, 173, 176, 190, 193, 200, 204, 254], "summary": {"covered_lines": 57, "num_statements": 57, "percent_covered": 100.0, "percent_covered_display": "100", "missing_lines": 0, "excluded_lines": 0, "percent_statements_covered": 100.0, "percent_statements_covered_display": "100"}, "missing_lines": [], "excluded_lines": [], "start_line": 1}}}, "src\\xpyrment\\validate\\__init__.py": {"executed_lines": [14, 15, 16, 17, 19], "summary": {"covered_lines": 5, "num_statements": 5, "percent_covered": 100.0, "percent_covered_display": "100", "missing_lines": 0, "excluded_lines": 0, "percent_statements_covered": 100.0, "percent_statements_covered_display": "100"}, "missing_lines": [], "excluded_lines": [], "functions": {"": {"executed_lines": [14, 15, 16, 17, 19], "summary": {"covered_lines": 5, "num_statements": 5, "percent_covered": 100.0, "percent_covered_display": "100", "missing_lines": 0, "excluded_lines": 0, "percent_statements_covered": 100.0, "percent_statements_covered_display": "100"}, "missing_lines": [], "excluded_lines": [], "start_line": 1}}, "classes": {"": {"executed_lines": [14, 15, 16, 17, 19], "summary": {"covered_lines": 5, "num_statements": 5, "percent_covered": 100.0, "percent_covered_display": "100", "missing_lines": 0, "excluded_lines": 0, "percent_statements_covered": 100.0, "percent_statements_covered_display": "100"}, "missing_lines": [], "excluded_lines": [], "start_line": 1}}}, "src\\xpyrment\\validate\\aa_test.py": {"executed_lines": [7, 10, 35, 36, 38, 40, 43, 44, 47, 48, 50, 51, 54, 55, 56, 58, 59, 60, 63, 65, 66, 68, 69, 71, 72, 74, 75, 77, 78, 80, 81, 82, 84, 86, 87, 90, 93, 94, 95, 96, 98], "summary": {"covered_lines": 41, "num_statements": 43, "percent_covered": 95.34883720930233, "percent_covered_display": "95", "missing_lines": 2, "excluded_lines": 0, "percent_statements_covered": 95.34883720930233, "percent_statements_covered_display": "95"}, "missing_lines": [45, 52], "excluded_lines": [], "functions": {"run_aa_test_validation": {"executed_lines": [35, 36, 38, 40, 43, 44, 47, 48, 50, 51, 54, 55, 56, 58, 59, 60, 63, 65, 66, 68, 69, 71, 72, 74, 75, 77, 78, 80, 81, 82, 84, 86, 87, 90, 93, 94, 95, 96, 98], "summary": {"covered_lines": 39, "num_statements": 41, "percent_covered": 95.1219512195122, "percent_covered_display": "95", "missing_lines": 2, "excluded_lines": 0, "percent_statements_covered": 95.1219512195122, "percent_statements_covered_display": "95"}, "missing_lines": [45, 52], "excluded_lines": [], "start_line": 10}, "": {"executed_lines": [7, 10], "summary": {"covered_lines": 2, "num_statements": 2, "percent_covered": 100.0, "percent_covered_display": "100", "missing_lines": 0, "excluded_lines": 0, "percent_statements_covered": 100.0, "percent_statements_covered_display": "100"}, "missing_lines": [], "excluded_lines": [], "start_line": 1}}, "classes": {"": {"executed_lines": [7, 10, 35, 36, 38, 40, 43, 44, 47, 48, 50, 51, 54, 55, 56, 58, 59, 60, 63, 65, 66, 68, 69, 71, 72, 74, 75, 77, 78, 80, 81, 82, 84, 86, 87, 90, 93, 94, 95, 96, 98], "summary": {"covered_lines": 41, "num_statements": 43, "percent_covered": 95.34883720930233, "percent_covered_display": "95", "missing_lines": 2, "excluded_lines": 0, "percent_statements_covered": 95.34883720930233, "percent_statements_covered_display": "95"}, "missing_lines": [45, 52], "excluded_lines": [], "start_line": 1}}}, "src\\xpyrment\\validate\\balance.py": {"executed_lines": [8, 11, 39, 40, 42, 43, 44, 47, 48, 49, 51, 53, 54, 55, 58, 59, 60, 62, 63, 64, 65, 68, 69, 72, 75, 76, 78, 83, 92, 94, 96, 97, 101, 107, 108, 109, 110, 112, 113, 114, 117, 118, 119, 121, 122, 123, 124, 125, 132], "summary": {"covered_lines": 49, "num_statements": 55, "percent_covered": 89.0909090909091, "percent_covered_display": "89", "missing_lines": 6, "excluded_lines": 0, "percent_statements_covered": 89.0909090909091, "percent_statements_covered_display": "89"}, "missing_lines": [70, 80, 81, 99, 129, 130], "excluded_lines": [], "functions": {"check_covariate_balance": {"executed_lines": [39, 40, 42, 43, 44, 47, 48, 49, 51, 53, 54, 55, 58, 59, 60, 62, 63, 64, 65, 68, 69, 72, 75, 76, 78, 83, 92, 94, 96, 97, 101, 107, 108, 109, 110, 112, 113, 114, 117, 118, 119, 121, 122, 123, 124, 125, 132], "summary": {"covered_lines": 47, "num_statements": 53, "percent_covered": 88.67924528301887, "percent_covered_display": "89", "missing_lines": 6, "excluded_lines": 0, "percent_statements_covered": 88.67924528301887, "percent_statements_covered_display": "89"}, "missing_lines": [70, 80, 81, 99, 129, 130], "excluded_lines": [], "start_line": 11}, "": {"executed_lines": [8, 11], "summary": {"covered_lines": 2, "num_statements": 2, "percent_covered": 100.0, "percent_covered_display": "100", "missing_lines": 0, "excluded_lines": 0, "percent_statements_covered": 100.0, "percent_statements_covered_display": "100"}, "missing_lines": [], "excluded_lines": [], "start_line": 1}}, "classes": {"": {"executed_lines": [8, 11, 39, 40, 42, 43, 44, 47, 48, 49, 51, 53, 54, 55, 58, 59, 60, 62, 63, 64, 65, 68, 69, 72, 75, 76, 78, 83, 92, 94, 96, 97, 101, 107, 108, 109, 110, 112, 113, 114, 117, 118, 119, 121, 122, 123, 124, 125, 132], "summary": {"covered_lines": 49, "num_statements": 55, "percent_covered": 89.0909090909091, "percent_covered_display": "89", "missing_lines": 6, "excluded_lines": 0, "percent_statements_covered": 89.0909090909091, "percent_statements_covered_display": "89"}, "missing_lines": [70, 80, 81, 99, 129, 130], "excluded_lines": [], "start_line": 1}}}, "src\\xpyrment\\validate\\clean.py": {"executed_lines": [7, 8, 11, 33, 34, 37, 38, 42, 43, 46, 47, 50, 51, 54, 55, 56, 58, 61, 81, 82, 84, 85, 87, 88, 89, 90, 91, 95, 97, 100, 110, 113, 115, 116, 122, 123, 124], "summary": {"covered_lines": 37, "num_statements": 40, "percent_covered": 92.5, "percent_covered_display": "92", "missing_lines": 3, "excluded_lines": 0, "percent_statements_covered": 92.5, "percent_statements_covered_display": "92"}, "missing_lines": [39, 40, 111], "excluded_lines": [], "functions": {"clean_array": {"executed_lines": [33, 34, 37, 38, 42, 43, 46, 47, 50, 51, 54, 55, 56, 58], "summary": {"covered_lines": 14, "num_statements": 16, "percent_covered": 87.5, "percent_covered_display": "88", "missing_lines": 2, "excluded_lines": 0, "percent_statements_covered": 87.5, "percent_statements_covered_display": "88"}, "missing_lines": [39, 40], "excluded_lines": [], "start_line": 11}, "validate_estimation_inputs": {"executed_lines": [81, 82, 84, 85, 87, 88, 89, 90, 91, 95, 97], "summary": {"covered_lines": 11, "num_statements": 11, "percent_covered": 100.0, "percent_covered_display": "100", "missing_lines": 0, "excluded_lines": 0, "percent_statements_covered": 100.0, "percent_statements_covered_display": "100"}, "missing_lines": [], "excluded_lines": [], "start_line": 61}, "verify_collinearity": {"executed_lines": [110, 113, 115, 116, 122, 123, 124], "summary": {"covered_lines": 7, "num_statements": 8, "percent_covered": 87.5, "percent_covered_display": "88", "missing_lines": 1, "excluded_lines": 0, "percent_statements_covered": 87.5, "percent_statements_covered_display": "88"}, "missing_lines": [111], "excluded_lines": [], "start_line": 100}, "": {"executed_lines": [7, 8, 11, 61, 100], "summary": {"covered_lines": 5, "num_statements": 5, "percent_covered": 100.0, "percent_covered_display": "100", "missing_lines": 0, "excluded_lines": 0, "percent_statements_covered": 100.0, "percent_statements_covered_display": "100"}, "missing_lines": [], "excluded_lines": [], "start_line": 1}}, "classes": {"": {"executed_lines": [7, 8, 11, 33, 34, 37, 38, 42, 43, 46, 47, 50, 51, 54, 55, 56, 58, 61, 81, 82, 84, 85, 87, 88, 89, 90, 91, 95, 97, 100, 110, 113, 115, 116, 122, 123, 124], "summary": {"covered_lines": 37, "num_statements": 40, "percent_covered": 92.5, "percent_covered_display": "92", "missing_lines": 3, "excluded_lines": 0, "percent_statements_covered": 92.5, "percent_statements_covered_display": "92"}, "missing_lines": [39, 40, 111], "excluded_lines": [], "start_line": 1}}}, "src\\xpyrment\\validate\\novelty.py": {"executed_lines": [8, 11, 37, 38, 40, 41, 42, 43, 46, 47, 48, 50, 53, 54, 55, 57, 60, 63, 69, 72, 73, 74, 75, 76, 80, 83, 84, 85, 87, 88, 89, 92, 93, 95, 96, 97, 99, 100, 101, 102, 103, 104, 106], "summary": {"covered_lines": 43, "num_statements": 43, "percent_covered": 100.0, "percent_covered_display": "100", "missing_lines": 0, "excluded_lines": 0, "percent_statements_covered": 100.0, "percent_statements_covered_display": "100"}, "missing_lines": [], "excluded_lines": [], "functions": {"check_novelty_effects": {"executed_lines": [37, 38, 40, 41, 42, 43, 46, 47, 48, 50, 53, 54, 55, 57, 60, 63, 69, 72, 73, 74, 75, 76, 80, 83, 84, 85, 87, 88, 89, 92, 93, 95, 96, 97, 99, 100, 101, 102, 103, 104, 106], "summary": {"covered_lines": 41, "num_statements": 41, "percent_covered": 100.0, "percent_covered_display": "100", "missing_lines": 0, "excluded_lines": 0, "percent_statements_covered": 100.0, "percent_statements_covered_display": "100"}, "missing_lines": [], "excluded_lines": [], "start_line": 11}, "": {"executed_lines": [8, 11], "summary": {"covered_lines": 2, "num_statements": 2, "percent_covered": 100.0, "percent_covered_display": "100", "missing_lines": 0, "excluded_lines": 0, "percent_statements_covered": 100.0, "percent_statements_covered_display": "100"}, "missing_lines": [], "excluded_lines": [], "start_line": 1}}, "classes": {"": {"executed_lines": [8, 11, 37, 38, 40, 41, 42, 43, 46, 47, 48, 50, 53, 54, 55, 57, 60, 63, 69, 72, 73, 74, 75, 76, 80, 83, 84, 85, 87, 88, 89, 92, 93, 95, 96, 97, 99, 100, 101, 102, 103, 104, 106], "summary": {"covered_lines": 43, "num_statements": 43, "percent_covered": 100.0, "percent_covered_display": "100", "missing_lines": 0, "excluded_lines": 0, "percent_statements_covered": 100.0, "percent_statements_covered_display": "100"}, "missing_lines": [], "excluded_lines": [], "start_line": 1}}}, "src\\xpyrment\\validate\\srm.py": {"executed_lines": [8, 9, 10, 11, 12, 14, 17, 83, 84, 86, 87, 89, 90, 92, 93, 95, 96, 98, 99, 100, 101, 103, 104, 106, 107, 110, 112, 113, 118], "summary": {"covered_lines": 29, "num_statements": 29, "percent_covered": 100.0, "percent_covered_display": "100", "missing_lines": 0, "excluded_lines": 0, "percent_statements_covered": 100.0, "percent_statements_covered_display": "100"}, "missing_lines": [], "excluded_lines": [], "functions": {"check_srm": {"executed_lines": [83, 84, 86, 87, 89, 90, 92, 93, 95, 96, 98, 99, 100, 101, 103, 104, 106, 107, 110, 112, 113, 118], "summary": {"covered_lines": 22, "num_statements": 22, "percent_covered": 100.0, "percent_covered_display": "100", "missing_lines": 0, "excluded_lines": 0, "percent_statements_covered": 100.0, "percent_statements_covered_display": "100"}, "missing_lines": [], "excluded_lines": [], "start_line": 17}, "": {"executed_lines": [8, 9, 10, 11, 12, 14, 17], "summary": {"covered_lines": 7, "num_statements": 7, "percent_covered": 100.0, "percent_covered_display": "100", "missing_lines": 0, "excluded_lines": 0, "percent_statements_covered": 100.0, "percent_statements_covered_display": "100"}, "missing_lines": [], "excluded_lines": [], "start_line": 1}}, "classes": {"": {"executed_lines": [8, 9, 10, 11, 12, 14, 17, 83, 84, 86, 87, 89, 90, 92, 93, 95, 96, 98, 99, 100, 101, 103, 104, 106, 107, 110, 112, 113, 118], "summary": {"covered_lines": 29, "num_statements": 29, "percent_covered": 100.0, "percent_covered_display": "100", "missing_lines": 0, "excluded_lines": 0, "percent_statements_covered": 100.0, "percent_statements_covered_display": "100"}, "missing_lines": [], "excluded_lines": [], "start_line": 1}}}}, "totals": {"covered_lines": 5876, "num_statements": 6226, "percent_covered": 94.3784131063283, "percent_covered_display": "94", "missing_lines": 350, "excluded_lines": 0, "percent_statements_covered": 94.3784131063283, "percent_statements_covered_display": "94"}}