{"meta": {"format": 3, "version": "7.13.5", "timestamp": "2026-05-13T15:35:40.040229", "branch_coverage": false, "show_contexts": false}, "files": {"src\\xpyrment\\__init__.py": {"executed_lines": [37, 38, 39, 40, 41, 42, 43, 44, 46], "summary": {"covered_lines": 9, "num_statements": 9, "percent_covered": 100.0, "percent_covered_display": "100", "missing_lines": 0, "excluded_lines": 0, "percent_statements_covered": 100.0, "percent_statements_covered_display": "100"}, "missing_lines": [], "excluded_lines": [], "functions": {"": {"executed_lines": [37, 38, 39, 40, 41, 42, 43, 44, 46], "summary": {"covered_lines": 9, "num_statements": 9, "percent_covered": 100.0, "percent_covered_display": "100", "missing_lines": 0, "excluded_lines": 0, "percent_statements_covered": 100.0, "percent_statements_covered_display": "100"}, "missing_lines": [], "excluded_lines": [], "start_line": 1}}, "classes": {"": {"executed_lines": [37, 38, 39, 40, 41, 42, 43, 44, 46], "summary": {"covered_lines": 9, "num_statements": 9, "percent_covered": 100.0, "percent_covered_display": "100", "missing_lines": 0, "excluded_lines": 0, "percent_statements_covered": 100.0, "percent_statements_covered_display": "100"}, "missing_lines": [], "excluded_lines": [], "start_line": 1}}}, "src\\xpyrment\\_version.py": {"executed_lines": [1], "summary": {"covered_lines": 1, "num_statements": 1, "percent_covered": 100.0, "percent_covered_display": "100", "missing_lines": 0, "excluded_lines": 0, "percent_statements_covered": 100.0, "percent_statements_covered_display": "100"}, "missing_lines": [], "excluded_lines": [], "functions": {"": {"executed_lines": [1], "summary": {"covered_lines": 1, "num_statements": 1, "percent_covered": 100.0, "percent_covered_display": "100", "missing_lines": 0, "excluded_lines": 0, "percent_statements_covered": 100.0, "percent_statements_covered_display": "100"}, "missing_lines": [], "excluded_lines": [], "start_line": 1}}, "classes": {"": {"executed_lines": [1], "summary": {"covered_lines": 1, "num_statements": 1, "percent_covered": 100.0, "percent_covered_display": "100", "missing_lines": 0, "excluded_lines": 0, "percent_statements_covered": 100.0, "percent_statements_covered_display": "100"}, "missing_lines": [], "excluded_lines": [], "start_line": 1}}}, "src\\xpyrment\\analyze\\__init__.py": {"executed_lines": [16, 17, 18, 19, 20, 21, 22, 23, 24, 25, 26, 27, 28, 29, 30, 31, 32, 36, 37, 38, 39, 41], "summary": {"covered_lines": 22, "num_statements": 22, "percent_covered": 100.0, "percent_covered_display": "100", "missing_lines": 0, "excluded_lines": 0, "percent_statements_covered": 100.0, "percent_statements_covered_display": "100"}, "missing_lines": [], "excluded_lines": [], "functions": {"_run_analysis_method": {"executed_lines": [38], "summary": {"covered_lines": 1, "num_statements": 1, "percent_covered": 100.0, "percent_covered_display": "100", "missing_lines": 0, "excluded_lines": 0, "percent_statements_covered": 100.0, "percent_statements_covered_display": "100"}, "missing_lines": [], "excluded_lines": [], "start_line": 37}, "": {"executed_lines": [16, 17, 18, 19, 20, 21, 22, 23, 24, 25, 26, 27, 28, 29, 30, 31, 32, 36, 37, 39, 41], "summary": {"covered_lines": 21, "num_statements": 21, "percent_covered": 100.0, "percent_covered_display": "100", "missing_lines": 0, "excluded_lines": 0, "percent_statements_covered": 100.0, "percent_statements_covered_display": "100"}, "missing_lines": [], "excluded_lines": [], "start_line": 1}}, "classes": {"": {"executed_lines": [16, 17, 18, 19, 20, 21, 22, 23, 24, 25, 26, 27, 28, 29, 30, 31, 32, 36, 37, 38, 39, 41], "summary": {"covered_lines": 22, "num_statements": 22, "percent_covered": 100.0, "percent_covered_display": "100", "missing_lines": 0, "excluded_lines": 0, "percent_statements_covered": 100.0, "percent_statements_covered_display": "100"}, "missing_lines": [], "excluded_lines": [], "start_line": 1}}}, "src\\xpyrment\\analyze\\confounding.py": {"executed_lines": [7, 8, 9, 12, 19, 27, 28, 29, 31, 43, 46, 47, 50, 51, 53, 55, 56, 57, 59, 71, 72, 74, 76, 77, 78, 79, 80, 81, 82, 83, 85, 87, 100, 103], "summary": {"covered_lines": 34, "num_statements": 35, "percent_covered": 97.14285714285714, "percent_covered_display": "97", "missing_lines": 1, "excluded_lines": 0, "percent_statements_covered": 97.14285714285714, "percent_statements_covered_display": "97"}, "missing_lines": [101], "excluded_lines": [], "functions": {"AliasResolver.__init__": {"executed_lines": [27, 28, 29], "summary": {"covered_lines": 3, "num_statements": 3, "percent_covered": 100.0, "percent_covered_display": "100", "missing_lines": 0, "excluded_lines": 0, "percent_statements_covered": 100.0, "percent_statements_covered_display": "100"}, "missing_lines": [], "excluded_lines": [], "start_line": 19}, "AliasResolver.compute_alias_matrix": {"executed_lines": [43, 46, 47, 50, 51, 53, 55, 56, 57], "summary": {"covered_lines": 9, "num_statements": 9, "percent_covered": 100.0, "percent_covered_display": "100", "missing_lines": 0, "excluded_lines": 0, "percent_statements_covered": 100.0, "percent_statements_covered_display": "100"}, "missing_lines": [], "excluded_lines": [], "start_line": 31}, "AliasResolver.get_alias_report": {"executed_lines": [71, 72, 74, 76, 77, 78, 79, 80, 81, 82, 83, 85], "summary": {"covered_lines": 12, "num_statements": 12, "percent_covered": 100.0, "percent_covered_display": "100", "missing_lines": 0, "excluded_lines": 0, "percent_statements_covered": 100.0, "percent_statements_covered_display": "100"}, "missing_lines": [], "excluded_lines": [], "start_line": 59}, "AliasResolver.resolve_coefficients": {"executed_lines": [100, 103], "summary": {"covered_lines": 2, "num_statements": 3, "percent_covered": 66.66666666666667, "percent_covered_display": "67", "missing_lines": 1, "excluded_lines": 0, "percent_statements_covered": 66.66666666666667, "percent_statements_covered_display": "67"}, "missing_lines": [101], "excluded_lines": [], "start_line": 87}, "": {"executed_lines": [7, 8, 9, 12, 19, 31, 59, 87], "summary": {"covered_lines": 8, "num_statements": 8, "percent_covered": 100.0, "percent_covered_display": "100", "missing_lines": 0, "excluded_lines": 0, "percent_statements_covered": 100.0, "percent_statements_covered_display": "100"}, "missing_lines": [], "excluded_lines": [], "start_line": 1}}, "classes": {"AliasResolver": {"executed_lines": [27, 28, 29, 43, 46, 47, 50, 51, 53, 55, 56, 57, 71, 72, 74, 76, 77, 78, 79, 80, 81, 82, 83, 85, 100, 103], "summary": {"covered_lines": 26, "num_statements": 27, "percent_covered": 96.29629629629629, "percent_covered_display": "96", "missing_lines": 1, "excluded_lines": 0, "percent_statements_covered": 96.29629629629629, "percent_statements_covered_display": "96"}, "missing_lines": [101], "excluded_lines": [], "start_line": 12}, "": {"executed_lines": [7, 8, 9, 12, 19, 31, 59, 87], "summary": {"covered_lines": 8, "num_statements": 8, "percent_covered": 100.0, "percent_covered_display": "100", "missing_lines": 0, "excluded_lines": 0, "percent_statements_covered": 100.0, "percent_statements_covered_display": "100"}, "missing_lines": [], "excluded_lines": [], "start_line": 1}}}, "src\\xpyrment\\analyze\\copula.py": {"executed_lines": [7, 8, 9, 10, 13, 24, 30, 31, 32, 34, 36, 37, 38, 40, 50, 51, 53, 55, 56, 58, 60, 63, 64, 67, 69, 84, 85, 86, 89, 90, 92, 93, 95, 99, 100, 102, 103, 104, 106, 107, 108, 109, 113, 114, 115, 116, 119, 122, 123, 124, 131, 133], "summary": {"covered_lines": 52, "num_statements": 57, "percent_covered": 91.2280701754386, "percent_covered_display": "91", "missing_lines": 5, "excluded_lines": 0, "percent_statements_covered": 91.2280701754386, "percent_statements_covered_display": "91"}, "missing_lines": [65, 96, 125, 127, 128], "excluded_lines": [], "functions": {"CopulaMultiMetricInference.__init__": {"executed_lines": [30, 31, 32], "summary": {"covered_lines": 3, "num_statements": 3, "percent_covered": 100.0, "percent_covered_display": "100", "missing_lines": 0, "excluded_lines": 0, "percent_statements_covered": 100.0, "percent_statements_covered_display": "100"}, "missing_lines": [], "excluded_lines": [], "start_line": 24}, "CopulaMultiMetricInference._compute_empirical_ranks": {"executed_lines": [36, 37, 38], "summary": {"covered_lines": 3, "num_statements": 3, "percent_covered": 100.0, "percent_covered_display": "100", "missing_lines": 0, "excluded_lines": 0, "percent_statements_covered": 100.0, "percent_statements_covered_display": "100"}, "missing_lines": [], "excluded_lines": [], "start_line": 34}, "CopulaMultiMetricInference.fit_copula": {"executed_lines": [50, 51, 53, 55, 56, 58, 60, 63, 64, 67], "summary": {"covered_lines": 10, "num_statements": 11, "percent_covered": 90.9090909090909, "percent_covered_display": "91", "missing_lines": 1, "excluded_lines": 0, "percent_statements_covered": 90.9090909090909, "percent_statements_covered_display": "91"}, "missing_lines": [65], "excluded_lines": [], "start_line": 40}, "CopulaMultiMetricInference.test_joint_shift": {"executed_lines": [84, 85, 86, 89, 90, 92, 93, 95, 99, 100, 102, 103, 104, 106, 107, 108, 109, 113, 114, 115, 116, 119, 122, 123, 124, 131, 133], "summary": {"covered_lines": 27, "num_statements": 31, "percent_covered": 87.09677419354838, "percent_covered_display": "87", "missing_lines": 4, "excluded_lines": 0, "percent_statements_covered": 87.09677419354838, "percent_statements_covered_display": "87"}, "missing_lines": [96, 125, 127, 128], "excluded_lines": [], "start_line": 69}, "": {"executed_lines": [7, 8, 9, 10, 13, 24, 34, 40, 69], "summary": {"covered_lines": 9, "num_statements": 9, "percent_covered": 100.0, "percent_covered_display": "100", "missing_lines": 0, "excluded_lines": 0, "percent_statements_covered": 100.0, "percent_statements_covered_display": "100"}, "missing_lines": [], "excluded_lines": [], "start_line": 1}}, "classes": {"CopulaMultiMetricInference": {"executed_lines": [30, 31, 32, 36, 37, 38, 50, 51, 53, 55, 56, 58, 60, 63, 64, 67, 84, 85, 86, 89, 90, 92, 93, 95, 99, 100, 102, 103, 104, 106, 107, 108, 109, 113, 114, 115, 116, 119, 122, 123, 124, 131, 133], "summary": {"covered_lines": 43, "num_statements": 48, "percent_covered": 89.58333333333333, "percent_covered_display": "90", "missing_lines": 5, "excluded_lines": 0, "percent_statements_covered": 89.58333333333333, "percent_statements_covered_display": "90"}, "missing_lines": [65, 96, 125, 127, 128], "excluded_lines": [], "start_line": 13}, "": {"executed_lines": [7, 8, 9, 10, 13, 24, 34, 40, 69], "summary": {"covered_lines": 9, "num_statements": 9, "percent_covered": 100.0, "percent_covered_display": "100", "missing_lines": 0, "excluded_lines": 0, "percent_statements_covered": 100.0, "percent_statements_covered_display": "100"}, "missing_lines": [], "excluded_lines": [], "start_line": 1}}}, "src\\xpyrment\\analyze\\corrections.py": {"executed_lines": [8, 9, 12, 78, 82, 83, 84, 86, 89, 92, 93, 94, 96, 97, 99], "summary": {"covered_lines": 15, "num_statements": 17, "percent_covered": 88.23529411764706, "percent_covered_display": "88", "missing_lines": 2, "excluded_lines": 0, "percent_statements_covered": 88.23529411764706, "percent_statements_covered_display": "88"}, "missing_lines": [79, 87], "excluded_lines": [], "functions": {"apply_multiple_testing_correction": {"executed_lines": [78, 82, 83, 84, 86, 89, 92, 93, 94, 96, 97, 99], "summary": {"covered_lines": 12, "num_statements": 14, "percent_covered": 85.71428571428571, "percent_covered_display": "86", "missing_lines": 2, "excluded_lines": 0, "percent_statements_covered": 85.71428571428571, "percent_statements_covered_display": "86"}, "missing_lines": [79, 87], "excluded_lines": [], "start_line": 12}, "": {"executed_lines": [8, 9, 12], "summary": {"covered_lines": 3, "num_statements": 3, "percent_covered": 100.0, "percent_covered_display": "100", "missing_lines": 0, "excluded_lines": 0, "percent_statements_covered": 100.0, "percent_statements_covered_display": "100"}, "missing_lines": [], "excluded_lines": [], "start_line": 1}}, "classes": {"": {"executed_lines": [8, 9, 12, 78, 82, 83, 84, 86, 89, 92, 93, 94, 96, 97, 99], "summary": {"covered_lines": 15, "num_statements": 17, "percent_covered": 88.23529411764706, "percent_covered_display": "88", "missing_lines": 2, "excluded_lines": 0, "percent_statements_covered": 88.23529411764706, "percent_statements_covered_display": "88"}, "missing_lines": [79, 87], "excluded_lines": [], "start_line": 1}}}, "src\\xpyrment\\analyze\\extreme.py": {"executed_lines": [7, 8, 11, 18, 24, 25, 26, 27, 29, 36, 37, 39, 40, 46, 47, 48, 52, 53, 54, 57, 59, 62, 64, 71, 73, 75, 76, 78], "summary": {"covered_lines": 28, "num_statements": 35, "percent_covered": 80.0, "percent_covered_display": "80", "missing_lines": 7, "excluded_lines": 0, "percent_statements_covered": 80.0, "percent_statements_covered_display": "80"}, "missing_lines": [42, 43, 44, 49, 58, 60, 72], "excluded_lines": [], "functions": {"ExtremeValueTailEstimator.__init__": {"executed_lines": [24, 25, 26, 27], "summary": {"covered_lines": 4, "num_statements": 4, "percent_covered": 100.0, "percent_covered_display": "100", "missing_lines": 0, "excluded_lines": 0, "percent_statements_covered": 100.0, "percent_statements_covered_display": "100"}, "missing_lines": [], "excluded_lines": [], "start_line": 18}, "ExtremeValueTailEstimator.fit": {"executed_lines": [36, 37, 39, 40, 46, 47, 48, 52, 53, 54, 57, 59, 62], "summary": {"covered_lines": 13, "num_statements": 19, "percent_covered": 68.42105263157895, "percent_covered_display": "68", "missing_lines": 6, "excluded_lines": 0, "percent_statements_covered": 68.42105263157895, "percent_statements_covered_display": "68"}, "missing_lines": [42, 43, 44, 49, 58, 60], "excluded_lines": [], "start_line": 29}, "ExtremeValueTailEstimator.expected_shortfall": {"executed_lines": [71, 73], "summary": {"covered_lines": 2, "num_statements": 3, "percent_covered": 66.66666666666667, "percent_covered_display": "67", "missing_lines": 1, "excluded_lines": 0, "percent_statements_covered": 66.66666666666667, "percent_statements_covered_display": "67"}, "missing_lines": [72], "excluded_lines": [], "start_line": 64}, "ExtremeValueTailEstimator.metrics": {"executed_lines": [78], "summary": {"covered_lines": 1, "num_statements": 1, "percent_covered": 100.0, "percent_covered_display": "100", "missing_lines": 0, "excluded_lines": 0, "percent_statements_covered": 100.0, "percent_statements_covered_display": "100"}, "missing_lines": [], "excluded_lines": [], "start_line": 76}, "": {"executed_lines": [7, 8, 11, 18, 29, 64, 75, 76], "summary": {"covered_lines": 8, "num_statements": 8, "percent_covered": 100.0, "percent_covered_display": "100", "missing_lines": 0, "excluded_lines": 0, "percent_statements_covered": 100.0, "percent_statements_covered_display": "100"}, "missing_lines": [], "excluded_lines": [], "start_line": 1}}, "classes": {"ExtremeValueTailEstimator": {"executed_lines": [24, 25, 26, 27, 36, 37, 39, 40, 46, 47, 48, 52, 53, 54, 57, 59, 62, 71, 73, 78], "summary": {"covered_lines": 20, "num_statements": 27, "percent_covered": 74.07407407407408, "percent_covered_display": "74", "missing_lines": 7, "excluded_lines": 0, "percent_statements_covered": 74.07407407407408, "percent_statements_covered_display": "74"}, "missing_lines": [42, 43, 44, 49, 58, 60, 72], "excluded_lines": [], "start_line": 11}, "": {"executed_lines": [7, 8, 11, 18, 29, 64, 75, 76], "summary": {"covered_lines": 8, "num_statements": 8, "percent_covered": 100.0, "percent_covered_display": "100", "missing_lines": 0, "excluded_lines": 0, "percent_statements_covered": 100.0, "percent_statements_covered_display": "100"}, "missing_lines": [], "excluded_lines": [], "start_line": 1}}}, "src\\xpyrment\\analyze\\inference\\__init__.py": {"executed_lines": [14, 15, 16, 17, 18, 20], "summary": {"covered_lines": 6, "num_statements": 6, "percent_covered": 100.0, "percent_covered_display": "100", "missing_lines": 0, "excluded_lines": 0, "percent_statements_covered": 100.0, "percent_statements_covered_display": "100"}, "missing_lines": [], "excluded_lines": [], "functions": {"": {"executed_lines": [14, 15, 16, 17, 18, 20], "summary": {"covered_lines": 6, "num_statements": 6, "percent_covered": 100.0, "percent_covered_display": "100", "missing_lines": 0, "excluded_lines": 0, "percent_statements_covered": 100.0, "percent_statements_covered_display": "100"}, "missing_lines": [], "excluded_lines": [], "start_line": 1}}, "classes": {"": {"executed_lines": [14, 15, 16, 17, 18, 20], "summary": {"covered_lines": 6, "num_statements": 6, "percent_covered": 100.0, "percent_covered_display": "100", "missing_lines": 0, "excluded_lines": 0, "percent_statements_covered": 100.0, "percent_statements_covered_display": "100"}, "missing_lines": [], "excluded_lines": [], "start_line": 1}}}, "src\\xpyrment\\analyze\\inference\\bayesian.py": {"executed_lines": [9, 60, 67, 69, 82, 83, 85, 87, 88, 91, 92, 93, 94, 97, 98, 100, 101, 104, 105, 108, 109, 112, 114, 116, 133, 135, 136, 139, 140, 141, 143, 144, 145, 148, 151, 152, 153, 156, 157, 158, 161, 162, 165, 166, 168, 169, 171], "summary": {"covered_lines": 47, "num_statements": 48, "percent_covered": 97.91666666666667, "percent_covered_display": "98", "missing_lines": 1, "excluded_lines": 0, "percent_statements_covered": 97.91666666666667, "percent_statements_covered_display": "98"}, "missing_lines": [188], "excluded_lines": [], "functions": {"BayesianInference.__init__": {"executed_lines": [67], "summary": {"covered_lines": 1, "num_statements": 1, "percent_covered": 100.0, "percent_covered_display": "100", "missing_lines": 0, "excluded_lines": 0, "percent_statements_covered": 100.0, "percent_statements_covered_display": "100"}, "missing_lines": [], "excluded_lines": [], "start_line": 60}, "BayesianInference.estimate_posterior": {"executed_lines": [82, 83, 85, 87, 88, 91, 92, 93, 94, 97, 98, 100, 101, 104, 105, 108, 109, 112, 114, 116, 133, 135, 136, 139, 140, 141, 143, 144, 145, 148, 151, 152, 153, 156, 157, 158, 161, 162, 165, 166, 168, 169, 171], "summary": {"covered_lines": 43, "num_statements": 44, "percent_covered": 97.72727272727273, "percent_covered_display": "98", "missing_lines": 1, "excluded_lines": 0, "percent_statements_covered": 97.72727272727273, "percent_statements_covered_display": "98"}, "missing_lines": [188], "excluded_lines": [], "start_line": 69}, "": {"executed_lines": [9, 60, 69], "summary": {"covered_lines": 3, "num_statements": 3, "percent_covered": 100.0, "percent_covered_display": "100", "missing_lines": 0, "excluded_lines": 0, "percent_statements_covered": 100.0, "percent_statements_covered_display": "100"}, "missing_lines": [], "excluded_lines": [], "start_line": 1}}, "classes": {"BayesianInference": {"executed_lines": [67, 82, 83, 85, 87, 88, 91, 92, 93, 94, 97, 98, 100, 101, 104, 105, 108, 109, 112, 114, 116, 133, 135, 136, 139, 140, 141, 143, 144, 145, 148, 151, 152, 153, 156, 157, 158, 161, 162, 165, 166, 168, 169, 171], "summary": {"covered_lines": 44, "num_statements": 45, "percent_covered": 97.77777777777777, "percent_covered_display": "98", "missing_lines": 1, "excluded_lines": 0, "percent_statements_covered": 97.77777777777777, "percent_statements_covered_display": "98"}, "missing_lines": [188], "excluded_lines": [], "start_line": 9}, "": {"executed_lines": [9, 60, 69], "summary": {"covered_lines": 3, "num_statements": 3, "percent_covered": 100.0, "percent_covered_display": "100", "missing_lines": 0, "excluded_lines": 0, "percent_statements_covered": 100.0, "percent_statements_covered_display": "100"}, "missing_lines": [], "excluded_lines": [], "start_line": 1}}}, "src\\xpyrment\\analyze\\inference\\bootstrap.py": {"executed_lines": [8, 9, 10, 13, 72, 73, 74, 76, 77, 80, 83, 84, 86, 89, 90, 92, 94, 96, 97, 100, 101, 102, 103, 104, 105, 108, 111, 113, 114, 115, 116, 117, 118, 119, 121, 123, 124, 127, 128, 129, 130, 131, 132, 133, 134, 139, 140, 142, 143, 145, 146, 149, 150, 152, 153, 164, 167], "summary": {"covered_lines": 57, "num_statements": 66, "percent_covered": 86.36363636363636, "percent_covered_display": "86", "missing_lines": 9, "excluded_lines": 0, "percent_statements_covered": 86.36363636363636, "percent_statements_covered_display": "86"}, "missing_lines": [109, 136, 155, 156, 158, 159, 160, 161, 165], "excluded_lines": [], "functions": {"run_bootstrap_ci": {"executed_lines": [72, 73, 74, 76, 77, 80, 83, 84, 86, 89, 90, 92, 94, 96, 97, 100, 101, 102, 103, 104, 105, 108, 111, 113, 114, 115, 116, 117, 118, 119, 121, 123, 124, 127, 128, 129, 130, 131, 132, 133, 134, 139, 140, 142, 143, 145, 146, 149, 150, 152, 153, 164, 167], "summary": {"covered_lines": 53, "num_statements": 62, "percent_covered": 85.48387096774194, "percent_covered_display": "85", "missing_lines": 9, "excluded_lines": 0, "percent_statements_covered": 85.48387096774194, "percent_statements_covered_display": "85"}, "missing_lines": [109, 136, 155, 156, 158, 159, 160, 161, 165], "excluded_lines": [], "start_line": 13}, "": {"executed_lines": [8, 9, 10, 13], "summary": {"covered_lines": 4, "num_statements": 4, "percent_covered": 100.0, "percent_covered_display": "100", "missing_lines": 0, "excluded_lines": 0, "percent_statements_covered": 100.0, "percent_statements_covered_display": "100"}, "missing_lines": [], "excluded_lines": [], "start_line": 1}}, "classes": {"": {"executed_lines": [8, 9, 10, 13, 72, 73, 74, 76, 77, 80, 83, 84, 86, 89, 90, 92, 94, 96, 97, 100, 101, 102, 103, 104, 105, 108, 111, 113, 114, 115, 116, 117, 118, 119, 121, 123, 124, 127, 128, 129, 130, 131, 132, 133, 134, 139, 140, 142, 143, 145, 146, 149, 150, 152, 153, 164, 167], "summary": {"covered_lines": 57, "num_statements": 66, "percent_covered": 86.36363636363636, "percent_covered_display": "86", "missing_lines": 9, "excluded_lines": 0, "percent_statements_covered": 86.36363636363636, "percent_statements_covered_display": "86"}, "missing_lines": [109, 136, 155, 156, 158, 159, 160, 161, 165], "excluded_lines": [], "start_line": 1}}}, "src\\xpyrment\\analyze\\inference\\frequentist.py": {"executed_lines": [7, 10, 28, 30, 31, 33, 34, 36, 44, 45, 46, 47, 49, 50, 52, 53, 54, 55, 56, 57, 63, 71, 87, 89, 90, 92, 98, 100], "summary": {"covered_lines": 28, "num_statements": 33, "percent_covered": 84.84848484848484, "percent_covered_display": "85", "missing_lines": 5, "excluded_lines": 0, "percent_statements_covered": 84.84848484848484, "percent_statements_covered_display": "85"}, "missing_lines": [37, 59, 60, 61, 93], "excluded_lines": [], "functions": {"run_welch_t_test": {"executed_lines": [28, 30, 31, 33, 34, 36, 44, 45, 46, 47, 49, 50, 52, 53, 54, 55, 56, 57, 63], "summary": {"covered_lines": 19, "num_statements": 23, "percent_covered": 82.6086956521739, "percent_covered_display": "83", "missing_lines": 4, "excluded_lines": 0, "percent_statements_covered": 82.6086956521739, "percent_statements_covered_display": "83"}, "missing_lines": [37, 59, 60, 61], "excluded_lines": [], "start_line": 10}, "run_mann_whitney_u": {"executed_lines": [87, 89, 90, 92, 98, 100], "summary": {"covered_lines": 6, "num_statements": 7, "percent_covered": 85.71428571428571, "percent_covered_display": "86", "missing_lines": 1, "excluded_lines": 0, "percent_statements_covered": 85.71428571428571, "percent_statements_covered_display": "86"}, "missing_lines": [93], "excluded_lines": [], "start_line": 71}, "": {"executed_lines": [7, 10, 71], "summary": {"covered_lines": 3, "num_statements": 3, "percent_covered": 100.0, "percent_covered_display": "100", "missing_lines": 0, "excluded_lines": 0, "percent_statements_covered": 100.0, "percent_statements_covered_display": "100"}, "missing_lines": [], "excluded_lines": [], "start_line": 1}}, "classes": {"": {"executed_lines": [7, 10, 28, 30, 31, 33, 34, 36, 44, 45, 46, 47, 49, 50, 52, 53, 54, 55, 56, 57, 63, 71, 87, 89, 90, 92, 98, 100], "summary": {"covered_lines": 28, "num_statements": 33, "percent_covered": 84.84848484848484, "percent_covered_display": "85", "missing_lines": 5, "excluded_lines": 0, "percent_statements_covered": 84.84848484848484, "percent_statements_covered_display": "85"}, "missing_lines": [37, 59, 60, 61, 93], "excluded_lines": [], "start_line": 1}}}, "src\\xpyrment\\analyze\\inference\\router.py": {"executed_lines": [8, 9, 12], "summary": {"covered_lines": 3, "num_statements": 4, "percent_covered": 75.0, "percent_covered_display": "75", "missing_lines": 1, "excluded_lines": 0, "percent_statements_covered": 75.0, "percent_statements_covered_display": "75"}, "missing_lines": [60], "excluded_lines": [], "functions": {"route_inference_engine": {"executed_lines": [], "summary": {"covered_lines": 0, "num_statements": 1, "percent_covered": 0.0, "percent_covered_display": "0", "missing_lines": 1, "excluded_lines": 0, "percent_statements_covered": 0.0, "percent_statements_covered_display": "0"}, "missing_lines": [60], "excluded_lines": [], "start_line": 12}, "": {"executed_lines": [8, 9, 12], "summary": {"covered_lines": 3, "num_statements": 3, "percent_covered": 100.0, "percent_covered_display": "100", "missing_lines": 0, "excluded_lines": 0, "percent_statements_covered": 100.0, "percent_statements_covered_display": "100"}, "missing_lines": [], "excluded_lines": [], "start_line": 1}}, "classes": {"": {"executed_lines": [8, 9, 12], "summary": {"covered_lines": 3, "num_statements": 4, "percent_covered": 75.0, "percent_covered_display": "75", "missing_lines": 1, "excluded_lines": 0, "percent_statements_covered": 75.0, "percent_statements_covered_display": "75"}, "missing_lines": [60], "excluded_lines": [], "start_line": 1}}}, "src\\xpyrment\\analyze\\inference\\sequential.py": {"executed_lines": [8, 42], "summary": {"covered_lines": 2, "num_statements": 3, "percent_covered": 66.66666666666667, "percent_covered_display": "67", "missing_lines": 1, "excluded_lines": 0, "percent_statements_covered": 66.66666666666667, "percent_statements_covered_display": "67"}, "missing_lines": [57], "excluded_lines": [], "functions": {"SequentialInference.calculate_always_valid_ci": {"executed_lines": [], "summary": {"covered_lines": 0, "num_statements": 1, "percent_covered": 0.0, "percent_covered_display": "0", "missing_lines": 1, "excluded_lines": 0, "percent_statements_covered": 0.0, "percent_statements_covered_display": "0"}, "missing_lines": [57], "excluded_lines": [], "start_line": 42}, "": {"executed_lines": [8, 42], "summary": {"covered_lines": 2, "num_statements": 2, "percent_covered": 100.0, "percent_covered_display": "100", "missing_lines": 0, "excluded_lines": 0, "percent_statements_covered": 100.0, "percent_statements_covered_display": "100"}, "missing_lines": [], "excluded_lines": [], "start_line": 1}}, "classes": {"SequentialInference": {"executed_lines": [], "summary": {"covered_lines": 0, "num_statements": 1, "percent_covered": 0.0, "percent_covered_display": "0", "missing_lines": 1, "excluded_lines": 0, "percent_statements_covered": 0.0, "percent_statements_covered_display": "0"}, "missing_lines": [57], "excluded_lines": [], "start_line": 8}, "": {"executed_lines": [8, 42], "summary": {"covered_lines": 2, "num_statements": 2, "percent_covered": 100.0, "percent_covered_display": "100", "missing_lines": 0, "excluded_lines": 0, "percent_statements_covered": 100.0, "percent_statements_covered_display": "100"}, "missing_lines": [], "excluded_lines": [], "start_line": 1}}}, "src\\xpyrment\\analyze\\its.py": {"executed_lines": [7, 8, 11, 18, 24, 25, 26, 27, 28, 30, 36, 37, 41, 42, 43, 46, 47, 50, 51, 52, 57, 61, 62, 64, 68, 69, 70, 71, 74, 75, 77, 78, 79, 80, 81, 82, 83, 86, 89, 90, 93, 94, 96, 97, 98, 100, 101, 102, 103, 104, 105, 110, 112, 113, 115, 116, 117, 118, 124], "summary": {"covered_lines": 59, "num_statements": 66, "percent_covered": 89.39393939393939, "percent_covered_display": "89", "missing_lines": 7, "excluded_lines": 0, "percent_statements_covered": 89.39393939393939, "percent_statements_covered_display": "89"}, "missing_lines": [38, 53, 54, 63, 65, 107, 108], "excluded_lines": [], "functions": {"InterruptedTimeSeries.__init__": {"executed_lines": [24, 25, 26, 27, 28], "summary": {"covered_lines": 5, "num_statements": 5, "percent_covered": 100.0, "percent_covered_display": "100", "missing_lines": 0, "excluded_lines": 0, "percent_statements_covered": 100.0, "percent_statements_covered_display": "100"}, "missing_lines": [], "excluded_lines": [], "start_line": 18}, "InterruptedTimeSeries.fit": {"executed_lines": [36, 37, 41, 42, 43, 46, 47, 50, 51, 52, 57, 61, 62, 64, 68, 69, 70, 71, 74, 75, 77, 78, 79, 80, 81, 82, 83, 86, 89, 90, 93, 94, 96, 97, 98, 100, 101, 102, 103, 104, 105, 110], "summary": {"covered_lines": 42, "num_statements": 49, "percent_covered": 85.71428571428571, "percent_covered_display": "86", "missing_lines": 7, "excluded_lines": 0, "percent_statements_covered": 85.71428571428571, "percent_statements_covered_display": "86"}, "missing_lines": [38, 53, 54, 63, 65, 107, 108], "excluded_lines": [], "start_line": 30}, "InterruptedTimeSeries.results": {"executed_lines": [115, 116, 117, 118, 124], "summary": {"covered_lines": 5, "num_statements": 5, "percent_covered": 100.0, "percent_covered_display": "100", "missing_lines": 0, "excluded_lines": 0, "percent_statements_covered": 100.0, "percent_statements_covered_display": "100"}, "missing_lines": [], "excluded_lines": [], "start_line": 113}, "": {"executed_lines": [7, 8, 11, 18, 30, 112, 113], "summary": {"covered_lines": 7, "num_statements": 7, "percent_covered": 100.0, "percent_covered_display": "100", "missing_lines": 0, "excluded_lines": 0, "percent_statements_covered": 100.0, "percent_statements_covered_display": "100"}, "missing_lines": [], "excluded_lines": [], "start_line": 1}}, "classes": {"InterruptedTimeSeries": {"executed_lines": [24, 25, 26, 27, 28, 36, 37, 41, 42, 43, 46, 47, 50, 51, 52, 57, 61, 62, 64, 68, 69, 70, 71, 74, 75, 77, 78, 79, 80, 81, 82, 83, 86, 89, 90, 93, 94, 96, 97, 98, 100, 101, 102, 103, 104, 105, 110, 115, 116, 117, 118, 124], "summary": {"covered_lines": 52, "num_statements": 59, "percent_covered": 88.13559322033899, "percent_covered_display": "88", "missing_lines": 7, "excluded_lines": 0, "percent_statements_covered": 88.13559322033899, "percent_statements_covered_display": "88"}, "missing_lines": [38, 53, 54, 63, 65, 107, 108], "excluded_lines": [], "start_line": 11}, "": {"executed_lines": [7, 8, 11, 18, 30, 112, 113], "summary": {"covered_lines": 7, "num_statements": 7, "percent_covered": 100.0, "percent_covered_display": "100", "missing_lines": 0, "excluded_lines": 0, "percent_statements_covered": 100.0, "percent_statements_covered_display": "100"}, "missing_lines": [], "excluded_lines": [], "start_line": 1}}}, "src\\xpyrment\\analyze\\markov.py": {"executed_lines": [8, 9, 10, 11, 14, 24, 30, 31, 32, 34, 55, 64, 65, 66, 67, 68, 70, 71, 72, 73, 74, 77, 79, 81, 87, 89, 90, 91, 92, 93, 94, 96, 98, 105, 106, 108, 109, 112, 114, 115, 117, 118, 119, 121, 123, 126, 127, 129, 130, 131, 133, 134, 136, 137, 139, 141, 143], "summary": {"covered_lines": 57, "num_statements": 65, "percent_covered": 87.6923076923077, "percent_covered_display": "88", "missing_lines": 8, "excluded_lines": 0, "percent_statements_covered": 87.6923076923077, "percent_statements_covered_display": "88"}, "missing_lines": [45, 47, 48, 49, 50, 51, 52, 53], "excluded_lines": [], "functions": {"MarkovJourneyAnalyzer.__init__": {"executed_lines": [30, 31, 32], "summary": {"covered_lines": 3, "num_statements": 3, "percent_covered": 100.0, "percent_covered_display": "100", "missing_lines": 0, "excluded_lines": 0, "percent_statements_covered": 100.0, "percent_statements_covered_display": "100"}, "missing_lines": [], "excluded_lines": [], "start_line": 24}, "MarkovJourneyAnalyzer.extract_transitions": {"executed_lines": [], "summary": {"covered_lines": 0, "num_statements": 8, "percent_covered": 0.0, "percent_covered_display": "0", "missing_lines": 8, "excluded_lines": 0, "percent_statements_covered": 0.0, "percent_statements_covered_display": "0"}, "missing_lines": [45, 47, 48, 49, 50, 51, 52, 53], "excluded_lines": [], "start_line": 34}, "MarkovJourneyAnalyzer.compute_transition_matrix": {"executed_lines": [64, 65, 66, 67, 68, 70, 71, 72, 73, 74, 77, 79], "summary": {"covered_lines": 12, "num_statements": 12, "percent_covered": 100.0, "percent_covered_display": "100", "missing_lines": 0, "excluded_lines": 0, "percent_statements_covered": 100.0, "percent_statements_covered_display": "100"}, "missing_lines": [], "excluded_lines": [], "start_line": 55}, "MarkovJourneyAnalyzer.compute_stationary_distribution": {"executed_lines": [87, 89, 90, 91, 92, 93, 94, 96], "summary": {"covered_lines": 8, "num_statements": 8, "percent_covered": 100.0, "percent_covered_display": "100", "missing_lines": 0, "excluded_lines": 0, "percent_statements_covered": 100.0, "percent_statements_covered_display": "100"}, "missing_lines": [], "excluded_lines": [], "start_line": 81}, "MarkovJourneyAnalyzer.test_transition_homogeneity": {"executed_lines": [105, 106, 108, 109, 112, 114, 115, 117, 118, 119, 121, 123, 126, 127, 129, 130, 131, 133, 134, 136, 137, 139, 141, 143], "summary": {"covered_lines": 24, "num_statements": 24, "percent_covered": 100.0, "percent_covered_display": "100", "missing_lines": 0, "excluded_lines": 0, "percent_statements_covered": 100.0, "percent_statements_covered_display": "100"}, "missing_lines": [], "excluded_lines": [], "start_line": 98}, "": {"executed_lines": [8, 9, 10, 11, 14, 24, 34, 55, 81, 98], "summary": {"covered_lines": 10, "num_statements": 10, "percent_covered": 100.0, "percent_covered_display": "100", "missing_lines": 0, "excluded_lines": 0, "percent_statements_covered": 100.0, "percent_statements_covered_display": "100"}, "missing_lines": [], "excluded_lines": [], "start_line": 1}}, "classes": {"MarkovJourneyAnalyzer": {"executed_lines": [30, 31, 32, 64, 65, 66, 67, 68, 70, 71, 72, 73, 74, 77, 79, 87, 89, 90, 91, 92, 93, 94, 96, 105, 106, 108, 109, 112, 114, 115, 117, 118, 119, 121, 123, 126, 127, 129, 130, 131, 133, 134, 136, 137, 139, 141, 143], "summary": {"covered_lines": 47, "num_statements": 55, "percent_covered": 85.45454545454545, "percent_covered_display": "85", "missing_lines": 8, "excluded_lines": 0, "percent_statements_covered": 85.45454545454545, "percent_statements_covered_display": "85"}, "missing_lines": [45, 47, 48, 49, 50, 51, 52, 53], "excluded_lines": [], "start_line": 14}, "": {"executed_lines": [8, 9, 10, 11, 14, 24, 34, 55, 81, 98], "summary": {"covered_lines": 10, "num_statements": 10, "percent_covered": 100.0, "percent_covered_display": "100", "missing_lines": 0, "excluded_lines": 0, "percent_statements_covered": 100.0, "percent_statements_covered_display": "100"}, "missing_lines": [], "excluded_lines": [], "start_line": 1}}}, "src\\xpyrment\\analyze\\meta_regression.py": {"executed_lines": [7, 8, 11, 18, 24, 25, 26, 27, 28, 30, 38, 39, 41, 42, 43, 46, 47, 48, 51, 52, 56, 57, 59, 60, 62, 63, 66, 69, 70, 72, 73, 77, 80, 81, 83, 84, 89, 90, 92, 93, 96, 97, 98, 99, 100, 101, 102, 106, 108, 109, 111], "summary": {"covered_lines": 51, "num_statements": 54, "percent_covered": 94.44444444444444, "percent_covered_display": "94", "missing_lines": 3, "excluded_lines": 0, "percent_statements_covered": 94.44444444444444, "percent_statements_covered_display": "94"}, "missing_lines": [64, 86, 104], "excluded_lines": [], "functions": {"MetaRegressor.__init__": {"executed_lines": [24, 25, 26, 27, 28], "summary": {"covered_lines": 5, "num_statements": 5, "percent_covered": 100.0, "percent_covered_display": "100", "missing_lines": 0, "excluded_lines": 0, "percent_statements_covered": 100.0, "percent_statements_covered_display": "100"}, "missing_lines": [], "excluded_lines": [], "start_line": 18}, "MetaRegressor.fit": {"executed_lines": [38, 39, 41, 42, 43, 46, 47, 48, 51, 52, 56, 57, 59, 60, 62, 63, 66, 69, 70, 72, 73, 77, 80, 81, 83, 84, 89, 90, 92, 93, 96, 97, 98, 99, 100, 101, 102, 106], "summary": {"covered_lines": 38, "num_statements": 41, "percent_covered": 92.6829268292683, "percent_covered_display": "93", "missing_lines": 3, "excluded_lines": 0, "percent_statements_covered": 92.6829268292683, "percent_statements_covered_display": "93"}, "missing_lines": [64, 86, 104], "excluded_lines": [], "start_line": 30}, "MetaRegressor.results": {"executed_lines": [111], "summary": {"covered_lines": 1, "num_statements": 1, "percent_covered": 100.0, "percent_covered_display": "100", "missing_lines": 0, "excluded_lines": 0, "percent_statements_covered": 100.0, "percent_statements_covered_display": "100"}, "missing_lines": [], "excluded_lines": [], "start_line": 109}, "": {"executed_lines": [7, 8, 11, 18, 30, 108, 109], "summary": {"covered_lines": 7, "num_statements": 7, "percent_covered": 100.0, "percent_covered_display": "100", "missing_lines": 0, "excluded_lines": 0, "percent_statements_covered": 100.0, "percent_statements_covered_display": "100"}, "missing_lines": [], "excluded_lines": [], "start_line": 1}}, "classes": {"MetaRegressor": {"executed_lines": [24, 25, 26, 27, 28, 38, 39, 41, 42, 43, 46, 47, 48, 51, 52, 56, 57, 59, 60, 62, 63, 66, 69, 70, 72, 73, 77, 80, 81, 83, 84, 89, 90, 92, 93, 96, 97, 98, 99, 100, 101, 102, 106, 111], "summary": {"covered_lines": 44, "num_statements": 47, "percent_covered": 93.61702127659575, "percent_covered_display": "94", "missing_lines": 3, "excluded_lines": 0, "percent_statements_covered": 93.61702127659575, "percent_statements_covered_display": "94"}, "missing_lines": [64, 86, 104], "excluded_lines": [], "start_line": 11}, "": {"executed_lines": [7, 8, 11, 18, 30, 108, 109], "summary": {"covered_lines": 7, "num_statements": 7, "percent_covered": 100.0, "percent_covered_display": "100", "missing_lines": 0, "excluded_lines": 0, "percent_statements_covered": 100.0, "percent_statements_covered_display": "100"}, "missing_lines": [], "excluded_lines": [], "start_line": 1}}}, "src\\xpyrment\\analyze\\orchestrator.py": {"executed_lines": [8, 9, 11, 12, 13, 16, 30, 38, 39, 40, 41, 43, 49, 51, 53, 61, 62, 67, 69, 78, 79, 81, 100, 102, 105, 106, 107, 108, 110, 111, 112, 114, 116, 119, 121, 122, 123, 125, 126, 128, 129, 130, 132, 147, 150, 151, 152, 153, 154, 155, 156, 157, 163, 165, 181, 212, 213, 215, 219, 220, 221, 222, 223, 224, 226, 227, 228, 229, 230, 233, 234, 235, 236, 238, 242, 245, 246, 247, 248, 249, 254, 255, 256, 257, 260, 261, 262, 263, 264, 265, 266, 267, 268, 269, 270, 271, 274, 275, 276, 283, 286, 287, 288, 289, 290, 292, 293, 296, 316, 317, 318, 319, 320, 321, 322, 324, 325], "summary": {"covered_lines": 117, "num_statements": 127, "percent_covered": 92.1259842519685, "percent_covered_display": "92", "missing_lines": 10, "excluded_lines": 0, "percent_statements_covered": 92.1259842519685, "percent_statements_covered_display": "92"}, "missing_lines": [50, 103, 113, 115, 117, 177, 178, 214, 216, 239], "excluded_lines": [], "functions": {"AnalysisResult.__init__": {"executed_lines": [38, 39, 40, 41], "summary": {"covered_lines": 4, "num_statements": 4, "percent_covered": 100.0, "percent_covered_display": "100", "missing_lines": 0, "excluded_lines": 0, "percent_statements_covered": 100.0, "percent_statements_covered_display": "100"}, "missing_lines": [], "excluded_lines": [], "start_line": 30}, "AnalysisResult.love_plot": {"executed_lines": [49, 51], "summary": {"covered_lines": 2, "num_statements": 3, "percent_covered": 66.66666666666667, "percent_covered_display": "67", "missing_lines": 1, "excluded_lines": 0, "percent_statements_covered": 66.66666666666667, "percent_statements_covered_display": "67"}, "missing_lines": [50], "excluded_lines": [], "start_line": 43}, "AnalysisResult.to_dict": {"executed_lines": [61, 62, 67], "summary": {"covered_lines": 3, "num_statements": 3, "percent_covered": 100.0, "percent_covered_display": "100", "missing_lines": 0, "excluded_lines": 0, "percent_statements_covered": 100.0, "percent_statements_covered_display": "100"}, "missing_lines": [], "excluded_lines": [], "start_line": 53}, "AnalysisResult.to_json": {"executed_lines": [78, 79], "summary": {"covered_lines": 2, "num_statements": 2, "percent_covered": 100.0, "percent_covered_display": "100", "missing_lines": 0, "excluded_lines": 0, "percent_statements_covered": 100.0, "percent_statements_covered_display": "100"}, "missing_lines": [], "excluded_lines": [], "start_line": 69}, "AnalysisResult.summary": {"executed_lines": [100, 102, 105, 106, 107, 108, 110, 111, 112, 114, 116, 119, 121, 122, 123, 125, 126, 128, 129, 130, 132, 147, 150, 151, 152, 153, 154, 155, 156, 157, 163], "summary": {"covered_lines": 31, "num_statements": 35, "percent_covered": 88.57142857142857, "percent_covered_display": "89", "missing_lines": 4, "excluded_lines": 0, "percent_statements_covered": 88.57142857142857, "percent_statements_covered_display": "89"}, "missing_lines": [103, 113, 115, 117], "excluded_lines": [], "start_line": 81}, "AnalysisResult.plot": {"executed_lines": [], "summary": {"covered_lines": 0, "num_statements": 2, "percent_covered": 0.0, "percent_covered_display": "0", "missing_lines": 2, "excluded_lines": 0, "percent_statements_covered": 0.0, "percent_statements_covered_display": "0"}, "missing_lines": [177, 178], "excluded_lines": [], "start_line": 165}, "run_analysis": {"executed_lines": [212, 213, 215, 219, 220, 221, 222, 223, 224, 226, 227, 228, 229, 230, 233, 234, 235, 236, 238, 242, 245, 246, 247, 248, 249, 254, 255, 256, 257, 260, 261, 262, 263, 264, 265, 266, 267, 268, 269, 270, 271, 274, 275, 276, 283, 286, 287, 288, 289, 290, 292, 293], "summary": {"covered_lines": 52, "num_statements": 55, "percent_covered": 94.54545454545455, "percent_covered_display": "95", "missing_lines": 3, "excluded_lines": 0, "percent_statements_covered": 94.54545454545455, "percent_statements_covered_display": "95"}, "missing_lines": [214, 216, 239], "excluded_lines": [], "start_line": 181}, "setup": {"executed_lines": [316, 317, 318, 319, 320, 321, 322, 324, 325], "summary": {"covered_lines": 9, "num_statements": 9, "percent_covered": 100.0, "percent_covered_display": "100", "missing_lines": 0, "excluded_lines": 0, "percent_statements_covered": 100.0, "percent_statements_covered_display": "100"}, "missing_lines": [], "excluded_lines": [], "start_line": 296}, "": {"executed_lines": [8, 9, 11, 12, 13, 16, 30, 43, 53, 69, 81, 165, 181, 296], "summary": {"covered_lines": 14, "num_statements": 14, "percent_covered": 100.0, "percent_covered_display": "100", "missing_lines": 0, "excluded_lines": 0, "percent_statements_covered": 100.0, "percent_statements_covered_display": "100"}, "missing_lines": [], "excluded_lines": [], "start_line": 1}}, "classes": {"AnalysisResult": {"executed_lines": [38, 39, 40, 41, 49, 51, 61, 62, 67, 78, 79, 100, 102, 105, 106, 107, 108, 110, 111, 112, 114, 116, 119, 121, 122, 123, 125, 126, 128, 129, 130, 132, 147, 150, 151, 152, 153, 154, 155, 156, 157, 163], "summary": {"covered_lines": 42, "num_statements": 49, "percent_covered": 85.71428571428571, "percent_covered_display": "86", "missing_lines": 7, "excluded_lines": 0, "percent_statements_covered": 85.71428571428571, "percent_statements_covered_display": "86"}, "missing_lines": [50, 103, 113, 115, 117, 177, 178], "excluded_lines": [], "start_line": 16}, "": {"executed_lines": [8, 9, 11, 12, 13, 16, 30, 43, 53, 69, 81, 165, 181, 212, 213, 215, 219, 220, 221, 222, 223, 224, 226, 227, 228, 229, 230, 233, 234, 235, 236, 238, 242, 245, 246, 247, 248, 249, 254, 255, 256, 257, 260, 261, 262, 263, 264, 265, 266, 267, 268, 269, 270, 271, 274, 275, 276, 283, 286, 287, 288, 289, 290, 292, 293, 296, 316, 317, 318, 319, 320, 321, 322, 324, 325], "summary": {"covered_lines": 75, "num_statements": 78, "percent_covered": 96.15384615384616, "percent_covered_display": "96", "missing_lines": 3, "excluded_lines": 0, "percent_statements_covered": 96.15384615384616, "percent_statements_covered_display": "96"}, "missing_lines": [214, 216, 239], "excluded_lines": [], "start_line": 1}}}, "src\\xpyrment\\analyze\\outliers.py": {"executed_lines": [7, 8, 11, 18, 25, 26, 28, 29, 30, 31, 33, 39, 40, 45, 46, 47, 49, 55, 56, 59, 61, 63], "summary": {"covered_lines": 22, "num_statements": 27, "percent_covered": 81.48148148148148, "percent_covered_display": "81", "missing_lines": 5, "excluded_lines": 0, "percent_statements_covered": 81.48148148148148, "percent_statements_covered_display": "81"}, "missing_lines": [27, 41, 42, 43, 57], "excluded_lines": [], "functions": {"WinsorizationEngine.__init__": {"executed_lines": [25, 26, 28, 29, 30, 31], "summary": {"covered_lines": 6, "num_statements": 7, "percent_covered": 85.71428571428571, "percent_covered_display": "86", "missing_lines": 1, "excluded_lines": 0, "percent_statements_covered": 85.71428571428571, "percent_statements_covered_display": "86"}, "missing_lines": [27], "excluded_lines": [], "start_line": 18}, "WinsorizationEngine.fit": {"executed_lines": [39, 40, 45, 46, 47], "summary": {"covered_lines": 5, "num_statements": 8, "percent_covered": 62.5, "percent_covered_display": "62", "missing_lines": 3, "excluded_lines": 0, "percent_statements_covered": 62.5, "percent_statements_covered_display": "62"}, "missing_lines": [41, 42, 43], "excluded_lines": [], "start_line": 33}, "WinsorizationEngine.transform": {"executed_lines": [55, 56, 59], "summary": {"covered_lines": 3, "num_statements": 4, "percent_covered": 75.0, "percent_covered_display": "75", "missing_lines": 1, "excluded_lines": 0, "percent_statements_covered": 75.0, "percent_statements_covered_display": "75"}, "missing_lines": [57], "excluded_lines": [], "start_line": 49}, "WinsorizationEngine.fit_transform": {"executed_lines": [63], "summary": {"covered_lines": 1, "num_statements": 1, "percent_covered": 100.0, "percent_covered_display": "100", "missing_lines": 0, "excluded_lines": 0, "percent_statements_covered": 100.0, "percent_statements_covered_display": "100"}, "missing_lines": [], "excluded_lines": [], "start_line": 61}, "": {"executed_lines": [7, 8, 11, 18, 33, 49, 61], "summary": {"covered_lines": 7, "num_statements": 7, "percent_covered": 100.0, "percent_covered_display": "100", "missing_lines": 0, "excluded_lines": 0, "percent_statements_covered": 100.0, "percent_statements_covered_display": "100"}, "missing_lines": [], "excluded_lines": [], "start_line": 1}}, "classes": {"WinsorizationEngine": {"executed_lines": [25, 26, 28, 29, 30, 31, 39, 40, 45, 46, 47, 55, 56, 59, 63], "summary": {"covered_lines": 15, "num_statements": 20, "percent_covered": 75.0, "percent_covered_display": "75", "missing_lines": 5, "excluded_lines": 0, "percent_statements_covered": 75.0, "percent_statements_covered_display": "75"}, "missing_lines": [27, 41, 42, 43, 57], "excluded_lines": [], "start_line": 11}, "": {"executed_lines": [7, 8, 11, 18, 33, 49, 61], "summary": {"covered_lines": 7, "num_statements": 7, "percent_covered": 100.0, "percent_covered_display": "100", "missing_lines": 0, "excluded_lines": 0, "percent_statements_covered": 100.0, "percent_statements_covered_display": "100"}, "missing_lines": [], "excluded_lines": [], "start_line": 1}}}, "src\\xpyrment\\analyze\\ratio.py": {"executed_lines": [7, 8, 9, 12, 19, 21, 22, 23, 25, 26, 27, 29, 30, 32, 38, 39, 42, 43, 45, 48, 51, 52, 55, 56, 59, 60, 61, 63, 64, 66, 68, 71, 72, 75, 78, 80, 81, 82, 87, 89, 90, 92], "summary": {"covered_lines": 42, "num_statements": 47, "percent_covered": 89.36170212765957, "percent_covered_display": "89", "missing_lines": 5, "excluded_lines": 0, "percent_statements_covered": 89.36170212765957, "percent_statements_covered_display": "89"}, "missing_lines": [40, 46, 69, 84, 85], "excluded_lines": [], "functions": {"RatioMetricDeltaMethod.__init__": {"executed_lines": [21, 22, 23, 25, 26, 27, 29, 30], "summary": {"covered_lines": 8, "num_statements": 8, "percent_covered": 100.0, "percent_covered_display": "100", "missing_lines": 0, "excluded_lines": 0, "percent_statements_covered": 100.0, "percent_statements_covered_display": "100"}, "missing_lines": [], "excluded_lines": [], "start_line": 19}, "RatioMetricDeltaMethod.compute_ratio_variance": {"executed_lines": [38, 39, 42, 43, 45, 48, 51, 52, 55, 56, 59, 60, 61, 63, 64], "summary": {"covered_lines": 15, "num_statements": 17, "percent_covered": 88.23529411764706, "percent_covered_display": "88", "missing_lines": 2, "excluded_lines": 0, "percent_statements_covered": 88.23529411764706, "percent_statements_covered_display": "88"}, "missing_lines": [40, 46], "excluded_lines": [], "start_line": 32}, "RatioMetricDeltaMethod.fit": {"executed_lines": [68, 71, 72, 75, 78, 80, 81, 82, 87], "summary": {"covered_lines": 9, "num_statements": 12, "percent_covered": 75.0, "percent_covered_display": "75", "missing_lines": 3, "excluded_lines": 0, "percent_statements_covered": 75.0, "percent_statements_covered_display": "75"}, "missing_lines": [69, 84, 85], "excluded_lines": [], "start_line": 66}, "RatioMetricDeltaMethod.results": {"executed_lines": [92], "summary": {"covered_lines": 1, "num_statements": 1, "percent_covered": 100.0, "percent_covered_display": "100", "missing_lines": 0, "excluded_lines": 0, "percent_statements_covered": 100.0, "percent_statements_covered_display": "100"}, "missing_lines": [], "excluded_lines": [], "start_line": 90}, "": {"executed_lines": [7, 8, 9, 12, 19, 32, 66, 89, 90], "summary": {"covered_lines": 9, "num_statements": 9, "percent_covered": 100.0, "percent_covered_display": "100", "missing_lines": 0, "excluded_lines": 0, "percent_statements_covered": 100.0, "percent_statements_covered_display": "100"}, "missing_lines": [], "excluded_lines": [], "start_line": 1}}, "classes": {"RatioMetricDeltaMethod": {"executed_lines": [21, 22, 23, 25, 26, 27, 29, 30, 38, 39, 42, 43, 45, 48, 51, 52, 55, 56, 59, 60, 61, 63, 64, 68, 71, 72, 75, 78, 80, 81, 82, 87, 92], "summary": {"covered_lines": 33, "num_statements": 38, "percent_covered": 86.84210526315789, "percent_covered_display": "87", "missing_lines": 5, "excluded_lines": 0, "percent_statements_covered": 86.84210526315789, "percent_statements_covered_display": "87"}, "missing_lines": [40, 46, 69, 84, 85], "excluded_lines": [], "start_line": 12}, "": {"executed_lines": [7, 8, 9, 12, 19, 32, 66, 89, 90], "summary": {"covered_lines": 9, "num_statements": 9, "percent_covered": 100.0, "percent_covered_display": "100", "missing_lines": 0, "excluded_lines": 0, "percent_statements_covered": 100.0, "percent_statements_covered_display": "100"}, "missing_lines": [], "excluded_lines": [], "start_line": 1}}}, "src\\xpyrment\\analyze\\registry.py": {"executed_lines": [7, 8, 11, 18, 20, 22, 24, 29, 31, 39, 44, 46, 52, 53, 54, 56, 57, 58, 59, 60, 62, 63, 64, 65, 66, 67, 69, 70, 71, 73, 75, 85, 86, 88, 89, 90, 92, 93, 98, 99, 100, 102, 105, 107], "summary": {"covered_lines": 44, "num_statements": 46, "percent_covered": 95.65217391304348, "percent_covered_display": "96", "missing_lines": 2, "excluded_lines": 0, "percent_statements_covered": 95.65217391304348, "percent_statements_covered_display": "96"}, "missing_lines": [95, 101], "excluded_lines": [], "functions": {"MetricRegistry.__init__": {"executed_lines": [20], "summary": {"covered_lines": 1, "num_statements": 1, "percent_covered": 100.0, "percent_covered_display": "100", "missing_lines": 0, "excluded_lines": 0, "percent_statements_covered": 100.0, "percent_statements_covered_display": "100"}, "missing_lines": [], "excluded_lines": [], "start_line": 18}, "MetricRegistry.add_raw": {"executed_lines": [24, 29], "summary": {"covered_lines": 2, "num_statements": 2, "percent_covered": 100.0, "percent_covered_display": "100", "missing_lines": 0, "excluded_lines": 0, "percent_statements_covered": 100.0, "percent_statements_covered_display": "100"}, "missing_lines": [], "excluded_lines": [], "start_line": 22}, "MetricRegistry.add_derived": {"executed_lines": [39, 44], "summary": {"covered_lines": 2, "num_statements": 2, "percent_covered": 100.0, "percent_covered_display": "100", "missing_lines": 0, "excluded_lines": 0, "percent_statements_covered": 100.0, "percent_statements_covered_display": "100"}, "missing_lines": [], "excluded_lines": [], "start_line": 31}, "MetricRegistry._topological_sort": {"executed_lines": [52, 53, 54, 56, 69, 70, 71, 73], "summary": {"covered_lines": 8, "num_statements": 8, "percent_covered": 100.0, "percent_covered_display": "100", "missing_lines": 0, "excluded_lines": 0, "percent_statements_covered": 100.0, "percent_statements_covered_display": "100"}, "missing_lines": [], "excluded_lines": [], "start_line": 46}, "MetricRegistry._topological_sort.dfs": {"executed_lines": [57, 58, 59, 60, 62, 63, 64, 65, 66, 67], "summary": {"covered_lines": 10, "num_statements": 10, "percent_covered": 100.0, "percent_covered_display": "100", "missing_lines": 0, "excluded_lines": 0, "percent_statements_covered": 100.0, "percent_statements_covered_display": "100"}, "missing_lines": [], "excluded_lines": [], "start_line": 56}, "MetricRegistry.evaluate": {"executed_lines": [85, 86, 88, 89, 90, 92, 93, 98, 99, 100, 102, 105, 107], "summary": {"covered_lines": 13, "num_statements": 15, "percent_covered": 86.66666666666667, "percent_covered_display": "87", "missing_lines": 2, "excluded_lines": 0, "percent_statements_covered": 86.66666666666667, "percent_statements_covered_display": "87"}, "missing_lines": [95, 101], "excluded_lines": [], "start_line": 75}, "": {"executed_lines": [7, 8, 11, 18, 22, 31, 46, 75], "summary": {"covered_lines": 8, "num_statements": 8, "percent_covered": 100.0, "percent_covered_display": "100", "missing_lines": 0, "excluded_lines": 0, "percent_statements_covered": 100.0, "percent_statements_covered_display": "100"}, "missing_lines": [], "excluded_lines": [], "start_line": 1}}, "classes": {"MetricRegistry": {"executed_lines": [20, 24, 29, 39, 44, 52, 53, 54, 56, 57, 58, 59, 60, 62, 63, 64, 65, 66, 67, 69, 70, 71, 73, 85, 86, 88, 89, 90, 92, 93, 98, 99, 100, 102, 105, 107], "summary": {"covered_lines": 36, "num_statements": 38, "percent_covered": 94.73684210526316, "percent_covered_display": "95", "missing_lines": 2, "excluded_lines": 0, "percent_statements_covered": 94.73684210526316, "percent_statements_covered_display": "95"}, "missing_lines": [95, 101], "excluded_lines": [], "start_line": 11}, "": {"executed_lines": [7, 8, 11, 18, 22, 31, 46, 75], "summary": {"covered_lines": 8, "num_statements": 8, "percent_covered": 100.0, "percent_covered_display": "100", "missing_lines": 0, "excluded_lines": 0, "percent_statements_covered": 100.0, "percent_statements_covered_display": "100"}, "missing_lines": [], "excluded_lines": [], "start_line": 1}}}, "src\\xpyrment\\analyze\\sequential.py": {"executed_lines": [7, 8, 9, 12, 19, 26, 27, 29, 31, 33, 35, 36, 38, 41, 42, 46, 48, 57, 58, 60, 61, 62, 63, 65, 66, 67, 70, 71, 74, 77, 78, 81, 82, 84, 85, 87, 89], "summary": {"covered_lines": 37, "num_statements": 41, "percent_covered": 90.2439024390244, "percent_covered_display": "90", "missing_lines": 4, "excluded_lines": 0, "percent_statements_covered": 90.2439024390244, "percent_statements_covered_display": "90"}, "missing_lines": [28, 34, 68, 75], "excluded_lines": [], "functions": {"GroupSequentialMonitor.__init__": {"executed_lines": [26, 27, 29], "summary": {"covered_lines": 3, "num_statements": 4, "percent_covered": 75.0, "percent_covered_display": "75", "missing_lines": 1, "excluded_lines": 0, "percent_statements_covered": 75.0, "percent_statements_covered_display": "75"}, "missing_lines": [28], "excluded_lines": [], "start_line": 19}, "GroupSequentialMonitor.alpha_spent": {"executed_lines": [33, 35, 36, 38, 41, 42, 46], "summary": {"covered_lines": 7, "num_statements": 8, "percent_covered": 87.5, "percent_covered_display": "88", "missing_lines": 1, "excluded_lines": 0, "percent_statements_covered": 87.5, "percent_statements_covered_display": "88"}, "missing_lines": [34], "excluded_lines": [], "start_line": 31}, "GroupSequentialMonitor.compute_boundaries": {"executed_lines": [57, 58, 60, 61, 62, 63, 65, 66, 67, 70, 71, 74, 77, 78, 81, 82, 84, 85, 87, 89], "summary": {"covered_lines": 20, "num_statements": 22, "percent_covered": 90.9090909090909, "percent_covered_display": "91", "missing_lines": 2, "excluded_lines": 0, "percent_statements_covered": 90.9090909090909, "percent_statements_covered_display": "91"}, "missing_lines": [68, 75], "excluded_lines": [], "start_line": 48}, "": {"executed_lines": [7, 8, 9, 12, 19, 31, 48], "summary": {"covered_lines": 7, "num_statements": 7, "percent_covered": 100.0, "percent_covered_display": "100", "missing_lines": 0, "excluded_lines": 0, "percent_statements_covered": 100.0, "percent_statements_covered_display": "100"}, "missing_lines": [], "excluded_lines": [], "start_line": 1}}, "classes": {"GroupSequentialMonitor": {"executed_lines": [26, 27, 29, 33, 35, 36, 38, 41, 42, 46, 57, 58, 60, 61, 62, 63, 65, 66, 67, 70, 71, 74, 77, 78, 81, 82, 84, 85, 87, 89], "summary": {"covered_lines": 30, "num_statements": 34, "percent_covered": 88.23529411764706, "percent_covered_display": "88", "missing_lines": 4, "excluded_lines": 0, "percent_statements_covered": 88.23529411764706, "percent_statements_covered_display": "88"}, "missing_lines": [28, 34, 68, 75], "excluded_lines": [], "start_line": 12}, "": {"executed_lines": [7, 8, 9, 12, 19, 31, 48], "summary": {"covered_lines": 7, "num_statements": 7, "percent_covered": 100.0, "percent_covered_display": "100", "missing_lines": 0, "excluded_lines": 0, "percent_statements_covered": 100.0, "percent_statements_covered_display": "100"}, "missing_lines": [], "excluded_lines": [], "start_line": 1}}}, "src\\xpyrment\\analyze\\srm.py": {"executed_lines": [7, 8, 9, 10, 12, 15, 22, 28, 30, 31, 33, 42, 43, 46, 47, 48, 49, 56, 57, 59, 60, 63, 66, 69, 71, 77, 87, 91, 92, 93, 103, 105, 106, 107, 111, 112, 114, 115, 117, 118, 120, 121, 122, 124, 125, 126, 127, 129, 130, 133, 134, 136, 137, 138, 140], "summary": {"covered_lines": 55, "num_statements": 59, "percent_covered": 93.22033898305085, "percent_covered_display": "93", "missing_lines": 4, "excluded_lines": 0, "percent_statements_covered": 93.22033898305085, "percent_statements_covered_display": "93"}, "missing_lines": [29, 44, 88, 94], "excluded_lines": [], "functions": {"SampleRatioMismatchDetector.__init__": {"executed_lines": [28, 30, 31], "summary": {"covered_lines": 3, "num_statements": 4, "percent_covered": 75.0, "percent_covered_display": "75", "missing_lines": 1, "excluded_lines": 0, "percent_statements_covered": 75.0, "percent_statements_covered_display": "75"}, "missing_lines": [29], "excluded_lines": [], "start_line": 22}, "SampleRatioMismatchDetector.test_retrospective": {"executed_lines": [42, 43, 46, 47, 48, 49, 56, 57, 59, 60, 63, 66, 69, 71], "summary": {"covered_lines": 14, "num_statements": 15, "percent_covered": 93.33333333333333, "percent_covered_display": "93", "missing_lines": 1, "excluded_lines": 0, "percent_statements_covered": 93.33333333333333, "percent_statements_covered_display": "93"}, "missing_lines": [44], "excluded_lines": [], "start_line": 33}, "SampleRatioMismatchDetector.test_sequential": {"executed_lines": [87, 91, 92, 93, 103, 105, 106, 107, 111, 112, 114, 115, 117, 118, 120, 121, 122, 124, 125, 126, 127, 129, 130, 133, 134, 136, 137, 138, 140], "summary": {"covered_lines": 29, "num_statements": 31, "percent_covered": 93.54838709677419, "percent_covered_display": "94", "missing_lines": 2, "excluded_lines": 0, "percent_statements_covered": 93.54838709677419, "percent_statements_covered_display": "94"}, "missing_lines": [88, 94], "excluded_lines": [], "start_line": 77}, "": {"executed_lines": [7, 8, 9, 10, 12, 15, 22, 33, 77], "summary": {"covered_lines": 9, "num_statements": 9, "percent_covered": 100.0, "percent_covered_display": "100", "missing_lines": 0, "excluded_lines": 0, "percent_statements_covered": 100.0, "percent_statements_covered_display": "100"}, "missing_lines": [], "excluded_lines": [], "start_line": 1}}, "classes": {"SampleRatioMismatchDetector": {"executed_lines": [28, 30, 31, 42, 43, 46, 47, 48, 49, 56, 57, 59, 60, 63, 66, 69, 71, 87, 91, 92, 93, 103, 105, 106, 107, 111, 112, 114, 115, 117, 118, 120, 121, 122, 124, 125, 126, 127, 129, 130, 133, 134, 136, 137, 138, 140], "summary": {"covered_lines": 46, "num_statements": 50, "percent_covered": 92.0, "percent_covered_display": "92", "missing_lines": 4, "excluded_lines": 0, "percent_statements_covered": 92.0, "percent_statements_covered_display": "92"}, "missing_lines": [29, 44, 88, 94], "excluded_lines": [], "start_line": 15}, "": {"executed_lines": [7, 8, 9, 10, 12, 15, 22, 33, 77], "summary": {"covered_lines": 9, "num_statements": 9, "percent_covered": 100.0, "percent_covered_display": "100", "missing_lines": 0, "excluded_lines": 0, "percent_statements_covered": 100.0, "percent_statements_covered_display": "100"}, "missing_lines": [], "excluded_lines": [], "start_line": 1}}}, "src\\xpyrment\\analyze\\streaming.py": {"executed_lines": [9, 10, 13, 21, 29, 30, 31, 34, 37, 41, 42, 45, 46, 48, 50, 51, 55, 56, 59, 68, 69, 72, 75, 78, 81, 82, 85, 87, 104, 113, 114, 115, 116, 119, 120, 122], "summary": {"covered_lines": 36, "num_statements": 45, "percent_covered": 80.0, "percent_covered_display": "80", "missing_lines": 9, "excluded_lines": 0, "percent_statements_covered": 80.0, "percent_statements_covered_display": "80"}, "missing_lines": [52, 57, 96, 97, 98, 99, 101, 102, 117], "excluded_lines": [], "functions": {"StreamingOLS.__init__": {"executed_lines": [29, 30, 31, 34, 37, 41, 42, 45, 46], "summary": {"covered_lines": 9, "num_statements": 9, "percent_covered": 100.0, "percent_covered_display": "100", "missing_lines": 0, "excluded_lines": 0, "percent_statements_covered": 100.0, "percent_statements_covered_display": "100"}, "missing_lines": [], "excluded_lines": [], "start_line": 21}, "StreamingOLS._prepare_vector": {"executed_lines": [50, 51, 55, 56], "summary": {"covered_lines": 4, "num_statements": 6, "percent_covered": 66.66666666666667, "percent_covered_display": "67", "missing_lines": 2, "excluded_lines": 0, "percent_statements_covered": 66.66666666666667, "percent_statements_covered_display": "67"}, "missing_lines": [52, 57], "excluded_lines": [], "start_line": 48}, "StreamingOLS.update": {"executed_lines": [68, 69, 72, 75, 78, 81, 82, 85], "summary": {"covered_lines": 8, "num_statements": 8, "percent_covered": 100.0, "percent_covered_display": "100", "missing_lines": 0, "excluded_lines": 0, "percent_statements_covered": 100.0, "percent_statements_covered_display": "100"}, "missing_lines": [], "excluded_lines": [], "start_line": 59}, "StreamingOLS.update_batch": {"executed_lines": [], "summary": {"covered_lines": 0, "num_statements": 6, "percent_covered": 0.0, "percent_covered_display": "0", "missing_lines": 6, "excluded_lines": 0, "percent_statements_covered": 0.0, "percent_statements_covered_display": "0"}, "missing_lines": [96, 97, 98, 99, 101, 102], "excluded_lines": [], "start_line": 87}, "StreamingOLS.predict": {"executed_lines": [113, 114, 115, 116], "summary": {"covered_lines": 4, "num_statements": 5, "percent_covered": 80.0, "percent_covered_display": "80", "missing_lines": 1, "excluded_lines": 0, "percent_statements_covered": 80.0, "percent_statements_covered_display": "80"}, "missing_lines": [117], "excluded_lines": [], "start_line": 104}, "StreamingOLS.coefficients": {"executed_lines": [122], "summary": {"covered_lines": 1, "num_statements": 1, "percent_covered": 100.0, "percent_covered_display": "100", "missing_lines": 0, "excluded_lines": 0, "percent_statements_covered": 100.0, "percent_statements_covered_display": "100"}, "missing_lines": [], "excluded_lines": [], "start_line": 120}, "": {"executed_lines": [9, 10, 13, 21, 48, 59, 87, 104, 119, 120], "summary": {"covered_lines": 10, "num_statements": 10, "percent_covered": 100.0, "percent_covered_display": "100", "missing_lines": 0, "excluded_lines": 0, "percent_statements_covered": 100.0, "percent_statements_covered_display": "100"}, "missing_lines": [], "excluded_lines": [], "start_line": 1}}, "classes": {"StreamingOLS": {"executed_lines": [29, 30, 31, 34, 37, 41, 42, 45, 46, 50, 51, 55, 56, 68, 69, 72, 75, 78, 81, 82, 85, 113, 114, 115, 116, 122], "summary": {"covered_lines": 26, "num_statements": 35, "percent_covered": 74.28571428571429, "percent_covered_display": "74", "missing_lines": 9, "excluded_lines": 0, "percent_statements_covered": 74.28571428571429, "percent_statements_covered_display": "74"}, "missing_lines": [52, 57, 96, 97, 98, 99, 101, 102, 117], "excluded_lines": [], "start_line": 13}, "": {"executed_lines": [9, 10, 13, 21, 48, 59, 87, 104, 119, 120], "summary": {"covered_lines": 10, "num_statements": 10, "percent_covered": 100.0, "percent_covered_display": "100", "missing_lines": 0, "excluded_lines": 0, "percent_statements_covered": 100.0, "percent_statements_covered_display": "100"}, "missing_lines": [], "excluded_lines": [], "start_line": 1}}}, "src\\xpyrment\\analyze\\variance_reduction.py": {"executed_lines": [8, 11, 25, 26, 29, 30, 32, 33, 37, 40, 41], "summary": {"covered_lines": 11, "num_statements": 13, "percent_covered": 84.61538461538461, "percent_covered_display": "85", "missing_lines": 2, "excluded_lines": 0, "percent_statements_covered": 84.61538461538461, "percent_statements_covered_display": "85"}, "missing_lines": [27, 35], "excluded_lines": [], "functions": {"apply_cuped": {"executed_lines": [25, 26, 29, 30, 32, 33, 37, 40, 41], "summary": {"covered_lines": 9, "num_statements": 11, "percent_covered": 81.81818181818181, "percent_covered_display": "82", "missing_lines": 2, "excluded_lines": 0, "percent_statements_covered": 81.81818181818181, "percent_statements_covered_display": "82"}, "missing_lines": [27, 35], "excluded_lines": [], "start_line": 11}, "": {"executed_lines": [8, 11], "summary": {"covered_lines": 2, "num_statements": 2, "percent_covered": 100.0, "percent_covered_display": "100", "missing_lines": 0, "excluded_lines": 0, "percent_statements_covered": 100.0, "percent_statements_covered_display": "100"}, "missing_lines": [], "excluded_lines": [], "start_line": 1}}, "classes": {"": {"executed_lines": [8, 11, 25, 26, 29, 30, 32, 33, 37, 40, 41], "summary": {"covered_lines": 11, "num_statements": 13, "percent_covered": 84.61538461538461, "percent_covered_display": "85", "missing_lines": 2, "excluded_lines": 0, "percent_statements_covered": 84.61538461538461, "percent_statements_covered_display": "85"}, "missing_lines": [27, 35], "excluded_lines": [], "start_line": 1}}}, "src\\xpyrment\\bandit\\__init__.py": {"executed_lines": [9, 10, 11, 12, 13, 14, 15, 17], "summary": {"covered_lines": 8, "num_statements": 8, "percent_covered": 100.0, "percent_covered_display": "100", "missing_lines": 0, "excluded_lines": 0, "percent_statements_covered": 100.0, "percent_statements_covered_display": "100"}, "missing_lines": [], "excluded_lines": [], "functions": {"": {"executed_lines": [9, 10, 11, 12, 13, 14, 15, 17], "summary": {"covered_lines": 8, "num_statements": 8, "percent_covered": 100.0, "percent_covered_display": "100", "missing_lines": 0, "excluded_lines": 0, "percent_statements_covered": 100.0, "percent_statements_covered_display": "100"}, "missing_lines": [], "excluded_lines": [], "start_line": 1}}, "classes": {"": {"executed_lines": [9, 10, 11, 12, 13, 14, 15, 17], "summary": {"covered_lines": 8, "num_statements": 8, "percent_covered": 100.0, "percent_covered_display": "100", "missing_lines": 0, "excluded_lines": 0, "percent_statements_covered": 100.0, "percent_statements_covered_display": "100"}, "missing_lines": [], "excluded_lines": [], "start_line": 1}}}, "src\\xpyrment\\bandit\\epsilon_greedy.py": {"executed_lines": [7, 8, 11, 18, 26, 27, 28, 29, 30, 31, 33, 39, 42, 44, 47, 48, 49, 50, 51, 52, 53, 54, 55, 56, 58, 65, 66, 68, 69, 70, 72, 75], "summary": {"covered_lines": 32, "num_statements": 33, "percent_covered": 96.96969696969697, "percent_covered_display": "97", "missing_lines": 1, "excluded_lines": 0, "percent_statements_covered": 96.96969696969697, "percent_statements_covered_display": "97"}, "missing_lines": [40], "excluded_lines": [], "functions": {"EpsilonGreedyBandit.__init__": {"executed_lines": [26, 27, 28, 29, 30, 31], "summary": {"covered_lines": 6, "num_statements": 6, "percent_covered": 100.0, "percent_covered_display": "100", "missing_lines": 0, "excluded_lines": 0, "percent_statements_covered": 100.0, "percent_statements_covered_display": "100"}, "missing_lines": [], "excluded_lines": [], "start_line": 18}, "EpsilonGreedyBandit.select_arm": {"executed_lines": [39, 42, 44, 47, 48, 49, 50, 51, 52, 53, 54, 55, 56], "summary": {"covered_lines": 13, "num_statements": 14, "percent_covered": 92.85714285714286, "percent_covered_display": "93", "missing_lines": 1, "excluded_lines": 0, "percent_statements_covered": 92.85714285714286, "percent_statements_covered_display": "93"}, "missing_lines": [40], "excluded_lines": [], "start_line": 33}, "EpsilonGreedyBandit.update": {"executed_lines": [65, 66, 68, 69, 70, 72, 75], "summary": {"covered_lines": 7, "num_statements": 7, "percent_covered": 100.0, "percent_covered_display": "100", "missing_lines": 0, "excluded_lines": 0, "percent_statements_covered": 100.0, "percent_statements_covered_display": "100"}, "missing_lines": [], "excluded_lines": [], "start_line": 58}, "": {"executed_lines": [7, 8, 11, 18, 33, 58], "summary": {"covered_lines": 6, "num_statements": 6, "percent_covered": 100.0, "percent_covered_display": "100", "missing_lines": 0, "excluded_lines": 0, "percent_statements_covered": 100.0, "percent_statements_covered_display": "100"}, "missing_lines": [], "excluded_lines": [], "start_line": 1}}, "classes": {"EpsilonGreedyBandit": {"executed_lines": [26, 27, 28, 29, 30, 31, 39, 42, 44, 47, 48, 49, 50, 51, 52, 53, 54, 55, 56, 65, 66, 68, 69, 70, 72, 75], "summary": {"covered_lines": 26, "num_statements": 27, "percent_covered": 96.29629629629629, "percent_covered_display": "96", "missing_lines": 1, "excluded_lines": 0, "percent_statements_covered": 96.29629629629629, "percent_statements_covered_display": "96"}, "missing_lines": [40], "excluded_lines": [], "start_line": 11}, "": {"executed_lines": [7, 8, 11, 18, 33, 58], "summary": {"covered_lines": 6, "num_statements": 6, "percent_covered": 100.0, "percent_covered_display": "100", "missing_lines": 0, "excluded_lines": 0, "percent_statements_covered": 100.0, "percent_statements_covered_display": "100"}, "missing_lines": [], "excluded_lines": [], "start_line": 1}}}, "src\\xpyrment\\bandit\\multi_objective.py": {"executed_lines": [8, 9, 10, 13, 24, 32, 33, 34, 35, 38, 40, 47, 48, 50, 52, 55, 56, 58, 61, 62, 64, 66, 72, 75, 78, 79, 80, 84, 85, 86, 87, 88, 91, 92, 95, 96, 97, 99, 100, 101, 102, 104, 106, 116, 117, 119, 124, 125, 127, 128, 131, 132, 133, 134, 135, 136, 139, 140, 142, 144, 147, 149, 150, 152, 153, 155, 158, 159, 161, 163, 165, 167, 177, 178, 179], "summary": {"covered_lines": 75, "num_statements": 79, "percent_covered": 94.9367088607595, "percent_covered_display": "95", "missing_lines": 4, "excluded_lines": 0, "percent_statements_covered": 94.9367088607595, "percent_statements_covered_display": "95"}, "missing_lines": [53, 73, 81, 121], "excluded_lines": [], "functions": {"MultiObjectiveTuner.__init__": {"executed_lines": [32, 33, 34, 35, 38], "summary": {"covered_lines": 5, "num_statements": 5, "percent_covered": 100.0, "percent_covered_display": "100", "missing_lines": 0, "excluded_lines": 0, "percent_statements_covered": 100.0, "percent_statements_covered_display": "100"}, "missing_lines": [], "excluded_lines": [], "start_line": 24}, "MultiObjectiveTuner.add_observation": {"executed_lines": [47, 48], "summary": {"covered_lines": 2, "num_statements": 2, "percent_covered": 100.0, "percent_covered_display": "100", "missing_lines": 0, "excluded_lines": 0, "percent_statements_covered": 100.0, "percent_statements_covered_display": "100"}, "missing_lines": [], "excluded_lines": [], "start_line": 40}, "MultiObjectiveTuner.get_pareto_frontier": {"executed_lines": [52, 55, 56, 58, 61, 62, 64], "summary": {"covered_lines": 7, "num_statements": 8, "percent_covered": 87.5, "percent_covered_display": "88", "missing_lines": 1, "excluded_lines": 0, "percent_statements_covered": 87.5, "percent_statements_covered_display": "88"}, "missing_lines": [53], "excluded_lines": [], "start_line": 50}, "MultiObjectiveTuner.compute_hypervolume": {"executed_lines": [72, 75, 78, 79, 80, 84, 85, 86, 87, 88, 91, 92, 95, 96, 97, 99, 100, 101, 102, 104], "summary": {"covered_lines": 20, "num_statements": 22, "percent_covered": 90.9090909090909, "percent_covered_display": "91", "missing_lines": 2, "excluded_lines": 0, "percent_statements_covered": 90.9090909090909, "percent_statements_covered_display": "91"}, "missing_lines": [73, 81], "excluded_lines": [], "start_line": 66}, "MultiObjectiveTuner.compute_ehvi": {"executed_lines": [116, 117, 119, 124, 125, 127, 128, 131, 132, 133, 134, 135, 136, 139, 140, 142, 144, 147, 149, 150, 152, 153, 155, 158, 159, 161, 163, 165], "summary": {"covered_lines": 28, "num_statements": 29, "percent_covered": 96.55172413793103, "percent_covered_display": "97", "missing_lines": 1, "excluded_lines": 0, "percent_statements_covered": 96.55172413793103, "percent_statements_covered_display": "97"}, "missing_lines": [121], "excluded_lines": [], "start_line": 106}, "MultiObjectiveTuner.propose_next": {"executed_lines": [177, 178, 179], "summary": {"covered_lines": 3, "num_statements": 3, "percent_covered": 100.0, "percent_covered_display": "100", "missing_lines": 0, "excluded_lines": 0, "percent_statements_covered": 100.0, "percent_statements_covered_display": "100"}, "missing_lines": [], "excluded_lines": [], "start_line": 167}, "": {"executed_lines": [8, 9, 10, 13, 24, 40, 50, 66, 106, 167], "summary": {"covered_lines": 10, "num_statements": 10, "percent_covered": 100.0, "percent_covered_display": "100", "missing_lines": 0, "excluded_lines": 0, "percent_statements_covered": 100.0, "percent_statements_covered_display": "100"}, "missing_lines": [], "excluded_lines": [], "start_line": 1}}, "classes": {"MultiObjectiveTuner": {"executed_lines": [32, 33, 34, 35, 38, 47, 48, 52, 55, 56, 58, 61, 62, 64, 72, 75, 78, 79, 80, 84, 85, 86, 87, 88, 91, 92, 95, 96, 97, 99, 100, 101, 102, 104, 116, 117, 119, 124, 125, 127, 128, 131, 132, 133, 134, 135, 136, 139, 140, 142, 144, 147, 149, 150, 152, 153, 155, 158, 159, 161, 163, 165, 177, 178, 179], "summary": {"covered_lines": 65, "num_statements": 69, "percent_covered": 94.20289855072464, "percent_covered_display": "94", "missing_lines": 4, "excluded_lines": 0, "percent_statements_covered": 94.20289855072464, "percent_statements_covered_display": "94"}, "missing_lines": [53, 73, 81, 121], "excluded_lines": [], "start_line": 13}, "": {"executed_lines": [8, 9, 10, 13, 24, 40, 50, 66, 106, 167], "summary": {"covered_lines": 10, "num_statements": 10, "percent_covered": 100.0, "percent_covered_display": "100", "missing_lines": 0, "excluded_lines": 0, "percent_statements_covered": 100.0, "percent_statements_covered_display": "100"}, "missing_lines": [], "excluded_lines": [], "start_line": 1}}}, "src\\xpyrment\\bandit\\non_stationary.py": {"executed_lines": [7, 8, 11, 23, 30, 33, 34, 37, 38, 40, 42, 43, 44, 46, 47, 48, 49, 50, 52, 54, 59, 61, 65, 66, 67, 70, 71, 73, 75, 76, 78, 81, 89, 96, 99, 100, 103, 105, 107, 110, 112, 113, 115, 116, 117, 120, 122, 123, 125, 126, 127, 128, 129, 131, 133, 135, 137, 140, 142, 143], "summary": {"covered_lines": 60, "num_statements": 67, "percent_covered": 89.55223880597015, "percent_covered_display": "90", "missing_lines": 7, "excluded_lines": 0, "percent_statements_covered": 89.55223880597015, "percent_statements_covered_display": "90"}, "missing_lines": [31, 60, 62, 97, 118, 136, 138], "excluded_lines": [], "functions": {"DiscountedThompsonSamplingBandit.__init__": {"executed_lines": [30, 33, 34, 37, 38], "summary": {"covered_lines": 5, "num_statements": 6, "percent_covered": 83.33333333333333, "percent_covered_display": "83", "missing_lines": 1, "excluded_lines": 0, "percent_statements_covered": 83.33333333333333, "percent_statements_covered_display": "83"}, "missing_lines": [31], "excluded_lines": [], "start_line": 23}, "DiscountedThompsonSamplingBandit.select_arm": {"executed_lines": [42, 43, 44, 46, 47, 48, 49, 50, 52], "summary": {"covered_lines": 9, "num_statements": 9, "percent_covered": 100.0, "percent_covered_display": "100", "missing_lines": 0, "excluded_lines": 0, "percent_statements_covered": 100.0, "percent_statements_covered_display": "100"}, "missing_lines": [], "excluded_lines": [], "start_line": 40}, "DiscountedThompsonSamplingBandit.update": {"executed_lines": [59, 61, 65, 66, 67, 70, 71, 73], "summary": {"covered_lines": 8, "num_statements": 10, "percent_covered": 80.0, "percent_covered_display": "80", "missing_lines": 2, "excluded_lines": 0, "percent_statements_covered": 80.0, "percent_statements_covered_display": "80"}, "missing_lines": [60, 62], "excluded_lines": [], "start_line": 54}, "DiscountedThompsonSamplingBandit.posteriors": {"executed_lines": [78], "summary": {"covered_lines": 1, "num_statements": 1, "percent_covered": 100.0, "percent_covered_display": "100", "missing_lines": 0, "excluded_lines": 0, "percent_statements_covered": 100.0, "percent_statements_covered_display": "100"}, "missing_lines": [], "excluded_lines": [], "start_line": 76}, "SlidingWindowThompsonSamplingBandit.__init__": {"executed_lines": [96, 99, 100, 103], "summary": {"covered_lines": 4, "num_statements": 5, "percent_covered": 80.0, "percent_covered_display": "80", "missing_lines": 1, "excluded_lines": 0, "percent_statements_covered": 80.0, "percent_statements_covered_display": "80"}, "missing_lines": [97], "excluded_lines": [], "start_line": 89}, "SlidingWindowThompsonSamplingBandit.select_arm": {"executed_lines": [107, 110, 112, 113, 115, 116, 117, 120, 122, 123, 125, 126, 127, 128, 129, 131], "summary": {"covered_lines": 16, "num_statements": 17, "percent_covered": 94.11764705882354, "percent_covered_display": "94", "missing_lines": 1, "excluded_lines": 0, "percent_statements_covered": 94.11764705882354, "percent_statements_covered_display": "94"}, "missing_lines": [118], "excluded_lines": [], "start_line": 105}, "SlidingWindowThompsonSamplingBandit.update": {"executed_lines": [135, 137, 140, 142, 143], "summary": {"covered_lines": 5, "num_statements": 7, "percent_covered": 71.42857142857143, "percent_covered_display": "71", "missing_lines": 2, "excluded_lines": 0, "percent_statements_covered": 71.42857142857143, "percent_statements_covered_display": "71"}, "missing_lines": [136, 138], "excluded_lines": [], "start_line": 133}, "": {"executed_lines": [7, 8, 11, 23, 40, 54, 75, 76, 81, 89, 105, 133], "summary": {"covered_lines": 12, "num_statements": 12, "percent_covered": 100.0, "percent_covered_display": "100", "missing_lines": 0, "excluded_lines": 0, "percent_statements_covered": 100.0, "percent_statements_covered_display": "100"}, "missing_lines": [], "excluded_lines": [], "start_line": 1}}, "classes": {"DiscountedThompsonSamplingBandit": {"executed_lines": [30, 33, 34, 37, 38, 42, 43, 44, 46, 47, 48, 49, 50, 52, 59, 61, 65, 66, 67, 70, 71, 73, 78], "summary": {"covered_lines": 23, "num_statements": 26, "percent_covered": 88.46153846153847, "percent_covered_display": "88", "missing_lines": 3, "excluded_lines": 0, "percent_statements_covered": 88.46153846153847, "percent_statements_covered_display": "88"}, "missing_lines": [31, 60, 62], "excluded_lines": [], "start_line": 11}, "SlidingWindowThompsonSamplingBandit": {"executed_lines": [96, 99, 100, 103, 107, 110, 112, 113, 115, 116, 117, 120, 122, 123, 125, 126, 127, 128, 129, 131, 135, 137, 140, 142, 143], "summary": {"covered_lines": 25, "num_statements": 29, "percent_covered": 86.20689655172414, "percent_covered_display": "86", "missing_lines": 4, "excluded_lines": 0, "percent_statements_covered": 86.20689655172414, "percent_statements_covered_display": "86"}, "missing_lines": [97, 118, 136, 138], "excluded_lines": [], "start_line": 81}, "": {"executed_lines": [7, 8, 
[...]
nt_covered_display": "100", "missing_lines": 0, "excluded_lines": 0, "percent_statements_covered": 100.0, "percent_statements_covered_display": "100"}, "missing_lines": [], "excluded_lines": [], "functions": {"LiveMonitor.__init__": {"executed_lines": [57, 58], "summary": {"covered_lines": 2, "num_statements": 2, "percent_covered": 100.0, "percent_covered_display": "100", "missing_lines": 0, "excluded_lines": 0, "percent_statements_covered": 100.0, "percent_statements_covered_display": "100"}, "missing_lines": [], "excluded_lines": [], "start_line": 50}, "LiveMonitor.get_cumulative_traffic": {"executed_lines": [74, 75, 78, 79, 82, 85, 87], "summary": {"covered_lines": 7, "num_statements": 7, "percent_covered": 100.0, "percent_covered_display": "100", "missing_lines": 0, "excluded_lines": 0, "percent_statements_covered": 100.0, "percent_statements_covered_display": "100"}, "missing_lines": [], "excluded_lines": [], "start_line": 60}, "": {"executed_lines": [8, 11, 50, 60], "summary": {"covered_lines": 4, "num_statements": 4, "percent_covered": 100.0, "percent_covered_display": "100", "missing_lines": 0, "excluded_lines": 0, "percent_statements_covered": 100.0, "percent_statements_covered_display": "100"}, "missing_lines": [], "excluded_lines": [], "start_line": 1}}, "classes": {"LiveMonitor": {"executed_lines": [57, 58, 74, 75, 78, 79, 82, 85, 87], "summary": {"covered_lines": 9, "num_statements": 9, "percent_covered": 100.0, "percent_covered_display": "100", "missing_lines": 0, "excluded_lines": 0, "percent_statements_covered": 100.0, "percent_statements_covered_display": "100"}, "missing_lines": [], "excluded_lines": [], "start_line": 11}, "": {"executed_lines": [8, 11, 50, 60], "summary": {"covered_lines": 4, "num_statements": 4, "percent_covered": 100.0, "percent_covered_display": "100", "missing_lines": 0, "excluded_lines": 0, "percent_statements_covered": 100.0, "percent_statements_covered_display": "100"}, "missing_lines": [], "excluded_lines": [], "start_line": 1}}}, "src\\xpyrment\\run\\stopping.py": {"executed_lines": [9, 57, 63, 65, 76, 77, 79, 102, 104, 107, 108, 111, 112, 113, 115], "summary": {"covered_lines": 15, "num_statements": 17, "percent_covered": 88.23529411764706, "percent_covered_display": "88", "missing_lines": 2, "excluded_lines": 0, "percent_statements_covered": 88.23529411764706, "percent_statements_covered_display": "88"}, "missing_lines": [105, 109], "excluded_lines": [], "functions": {"StoppingRules.__init__": {"executed_lines": [63], "summary": {"covered_lines": 1, "num_statements": 1, "percent_covered": 100.0, "percent_covered_display": "100", "missing_lines": 0, "excluded_lines": 0, "percent_statements_covered": 100.0, "percent_statements_covered_display": "100"}, "missing_lines": [], "excluded_lines": [], "start_line": 57}, "StoppingRules.check_msprt_stop": {"executed_lines": [76, 77], "summary": {"covered_lines": 2, "num_statements": 2, "percent_covered": 100.0, "percent_covered_display": "100", "missing_lines": 0, "excluded_lines": 0, "percent_statements_covered": 100.0, "percent_statements_covered_display": "100"}, "missing_lines": [], "excluded_lines": [], "start_line": 65}, "StoppingRules.calculate_msprt_lambda": {"executed_lines": [102, 104, 107, 108, 111, 112, 113, 115], "summary": {"covered_lines": 8, "num_statements": 10, "percent_covered": 80.0, "percent_covered_display": "80", "missing_lines": 2, "excluded_lines": 0, "percent_statements_covered": 80.0, "percent_statements_covered_display": "80"}, "missing_lines": [105, 109], "excluded_lines": [], "start_line": 79}, "": {"executed_lines": [9, 57, 65, 79], "summary": {"covered_lines": 4, "num_statements": 4, "percent_covered": 100.0, "percent_covered_display": "100", "missing_lines": 0, "excluded_lines": 0, "percent_statements_covered": 100.0, "percent_statements_covered_display": "100"}, "missing_lines": [], "excluded_lines": [], "start_line": 1}}, "classes": {"StoppingRules": {"executed_lines": [63, 76, 77, 102, 104, 107, 108, 111, 112, 113, 115], "summary": {"covered_lines": 11, "num_statements": 13, "percent_covered": 84.61538461538461, "percent_covered_display": "85", "missing_lines": 2, "excluded_lines": 0, "percent_statements_covered": 84.61538461538461, "percent_statements_covered_display": "85"}, "missing_lines": [105, 109], "excluded_lines": [], "start_line": 9}, "": {"executed_lines": [9, 57, 65, 79], "summary": {"covered_lines": 4, "num_statements": 4, "percent_covered": 100.0, "percent_covered_display": "100", "missing_lines": 0, "excluded_lines": 0, "percent_statements_covered": 100.0, "percent_statements_covered_display": "100"}, "missing_lines": [], "excluded_lines": [], "start_line": 1}}}, "src\\xpyrment\\simulation.py": {"executed_lines": [7, 8, 11, 95, 98, 99, 100, 101, 105, 106, 107, 109, 111, 117, 118, 121, 122, 125, 126, 128, 129, 130, 131, 132, 133, 134, 136, 137, 138, 141, 142, 145, 146, 147, 148, 149, 153, 154, 156, 157, 160, 161, 163, 164, 166, 167, 168, 170, 171, 172, 175, 189, 192, 199, 201, 203, 221, 222, 225, 228, 229, 231, 232, 238, 239, 241, 242, 244, 253, 268, 270, 271, 273, 274, 283, 284, 286, 289, 291, 292, 294, 295, 297, 298, 301, 303, 305, 307], "summary": {"covered_lines": 88, "num_statements": 89, "percent_covered": 98.87640449438203, "percent_covered_display": "99", "missing_lines": 1, "excluded_lines": 0, "percent_statements_covered": 98.87640449438203, "percent_statements_covered_display": "99"}, "missing_lines": [287], "excluded_lines": [], "functions": {"generate_ab_data": {"executed_lines": [95, 98, 99, 100, 101, 105, 106, 107, 109, 111, 117, 118, 121, 122, 125, 126, 128, 129, 130, 131, 132, 133, 134, 136, 137, 138, 141, 142, 145, 146, 147, 148, 149, 153, 154, 156, 157, 160, 161, 163, 164, 166, 167, 168, 170, 171, 172, 175, 189], "summary": {"covered_lines": 49, "num_statements": 49, "percent_covered": 100.0, "percent_covered_display": "100", "missing_lines": 0, "excluded_lines": 0, "percent_statements_covered": 100.0, "percent_statements_covered_display": "100"}, "missing_lines": [], "excluded_lines": [], "start_line": 11}, "ExperimentSimulator.__init__": {"executed_lines": [201], "summary": {"covered_lines": 1, "num_statements": 1, "percent_covered": 100.0, "percent_covered_display": "100", "missing_lines": 0, "excluded_lines": 0, "percent_statements_covered": 100.0, "percent_statements_covered_display": "100"}, "missing_lines": [], "excluded_lines": [], "start_line": 199}, "ExperimentSimulator.generate_synthetic_panel": {"executed_lines": [221, 222, 225, 228, 229, 231, 232, 238, 239, 241, 242, 244], "summary": {"covered_lines": 12, "num_statements": 12, "percent_covered": 100.0, "percent_covered_display": "100", "missing_lines": 0, "excluded_lines": 0, "percent_statements_covered": 100.0, "percent_statements_covered_display": "100"}, "missing_lines": [], "excluded_lines": [], "start_line": 203}, "ExperimentSimulator.run_monte_carlo": {"executed_lines": [268, 270, 271, 273, 274, 283, 284, 286, 289, 291, 292, 294, 295, 297, 298, 301, 303, 305, 307], "summary": {"covered_lines": 19, "num_statements": 20, "percent_covered": 95.0, "percent_covered_display": "95", "missing_lines": 1, "excluded_lines": 0, "percent_statements_covered": 95.0, "percent_statements_covered_display": "95"}, "missing_lines": [287], "excluded_lines": [], "start_line": 253}, "": {"executed_lines": [7, 8, 11, 192, 199, 203, 253], "summary": {"covered_lines": 7, "num_statements": 7, "percent_covered": 100.0, "percent_covered_display": "100", "missing_lines": 0, "excluded_lines": 0, "percent_statements_covered": 100.0, "percent_statements_covered_display": "100"}, "missing_lines": [], "excluded_lines": [], "start_line": 1}}, "classes": {"ExperimentSimulator": {"executed_lines": [201, 221, 222, 225, 228, 229, 231, 232, 238, 239, 241, 242, 244, 268, 270, 271, 273, 274, 283, 284, 286, 289, 291, 292, 294, 295, 297, 298, 301, 303, 305, 307], "summary": {"covered_lines": 32, "num_statements": 33, "percent_covered": 96.96969696969697, "percent_covered_display": "97", "missing_lines": 1, "excluded_lines": 0, "percent_statements_covered": 96.96969696969697, "percent_statements_covered_display": "97"}, "missing_lines": [287], "excluded_lines": [], "start_line": 192}, "": {"executed_lines": [7, 8, 11, 95, 98, 99, 100, 101, 105, 106, 107, 109, 111, 117, 118, 121, 122, 125, 126, 128, 129, 130, 131, 132, 133, 134, 136, 137, 138, 141, 142, 145, 146, 147, 148, 149, 153, 154, 156, 157, 160, 161, 163, 164, 166, 167, 168, 170, 171, 172, 175, 189, 192, 199, 203, 253], "summary": {"covered_lines": 56, "num_statements": 56, "percent_covered": 100.0, "percent_covered_display": "100", "missing_lines": 0, "excluded_lines": 0, "percent_statements_covered": 100.0, "percent_statements_covered_display": "100"}, "missing_lines": [], "excluded_lines": [], "start_line": 1}}}, "src\\xpyrment\\validate\\__init__.py": {"executed_lines": [14, 15, 16, 17, 19], "summary": {"covered_lines": 5, "num_statements": 5, "percent_covered": 100.0, "percent_covered_display": "100", "missing_lines": 0, "excluded_lines": 0, "percent_statements_covered": 100.0, "percent_statements_covered_display": "100"}, "missing_lines": [], "excluded_lines": [], "functions": {"": {"executed_lines": [14, 15, 16, 17, 19], "summary": {"covered_lines": 5, "num_statements": 5, "percent_covered": 100.0, "percent_covered_display": "100", "missing_lines": 0, "excluded_lines": 0, "percent_statements_covered": 100.0, "percent_statements_covered_display": "100"}, "missing_lines": [], "excluded_lines": [], "start_line": 1}}, "classes": {"": {"executed_lines": [14, 15, 16, 17, 19], "summary": {"covered_lines": 5, "num_statements": 5, "percent_covered": 100.0, "percent_covered_display": "100", "missing_lines": 0, "excluded_lines": 0, "percent_statements_covered": 100.0, "percent_statements_covered_display": "100"}, "missing_lines": [], "excluded_lines": [], "start_line": 1}}}, "src\\xpyrment\\validate\\aa_test.py": {"executed_lines": [7, 10, 35, 36, 38, 40, 43, 44, 47, 48, 50, 51, 54, 55, 56, 58, 59, 60, 63, 65, 66, 68, 69, 71, 72, 74, 75, 77, 78, 80, 81, 82, 84, 86, 87, 90, 93, 94, 95, 96, 98], "summary": {"covered_lines": 41, "num_statements": 43, "percent_covered": 95.34883720930233, "percent_covered_display": "95", "missing_lines": 2, "excluded_lines": 0, "percent_statements_covered": 95.34883720930233, "percent_statements_covered_display": "95"}, "missing_lines": [45, 52], "excluded_lines": [], "functions": {"run_aa_test_validation": {"executed_lines": [35, 36, 38, 40, 43, 44, 47, 48, 50, 51, 54, 55, 56, 58, 59, 60, 63, 65, 66, 68, 69, 71, 72, 74, 75, 77, 78, 80, 81, 82, 84, 86, 87, 90, 93, 94, 95, 96, 98], "summary": {"covered_lines": 39, "num_statements": 41, "percent_covered": 95.1219512195122, "percent_covered_display": "95", "missing_lines": 2, "excluded_lines": 0, "percent_statements_covered": 95.1219512195122, "percent_statements_covered_display": "95"}, "missing_lines": [45, 52], "excluded_lines": [], "start_line": 10}, "": {"executed_lines": [7, 10], "summary": {"covered_lines": 2, "num_statements": 2, "percent_covered": 100.0, "percent_covered_display": "100", "missing_lines": 0, "excluded_lines": 0, "percent_statements_covered": 100.0, "percent_statements_covered_display": "100"}, "missing_lines": [], "excluded_lines": [], "start_line": 1}}, "classes": {"": {"executed_lines": [7, 10, 35, 36, 38, 40, 43, 44, 47, 48, 50, 51, 54, 55, 56, 58, 59, 60, 63, 65, 66, 68, 69, 71, 72, 74, 75, 77, 78, 80, 81, 82, 84, 86, 87, 90, 93, 94, 95, 96, 98], "summary": {"covered_lines": 41, "num_statements": 43, "percent_covered": 95.34883720930233, "percent_covered_display": "95", "missing_lines": 2, "excluded_lines": 0, "percent_statements_covered": 95.34883720930233, "percent_statements_covered_display": "95"}, "missing_lines": [45, 52], "excluded_lines": [], "start_line": 1}}}, "src\\xpyrment\\validate\\balance.py": {"executed_lines": [8, 11, 39, 40, 42, 43, 47, 48, 49, 51, 53, 54, 58, 59, 60, 62, 63, 64, 65, 68, 69, 72, 75, 76, 80, 87, 89, 91, 92, 96, 103], "summary": {"covered_lines": 31, "num_statements": 36, "percent_covered": 86.11111111111111, "percent_covered_display": "86", "missing_lines": 5, "excluded_lines": 0, "percent_statements_covered": 86.11111111111111, "percent_statements_covered_display": "86"}, "missing_lines": [44, 55, 70, 78, 94], "excluded_lines": [], "functions": {"check_covariate_balance": {"executed_lines": [39, 40, 42, 43, 47, 48, 49, 51, 53, 54, 58, 59, 60, 62, 63, 64, 65, 68, 69, 72, 75, 76, 80, 87, 89, 91, 92, 96, 103], "summary": {"covered_lines": 29, "num_statements": 34, "percent_covered": 85.29411764705883, "percent_covered_display": "85", "missing_lines": 5, "excluded_lines": 0, "percent_statements_covered": 85.29411764705883, "percent_statements_covered_display": "85"}, "missing_lines": [44, 55, 70, 78, 94], "excluded_lines": [], "start_line": 11}, "": {"executed_lines": [8, 11], "summary": {"covered_lines": 2, "num_statements": 2, "percent_covered": 100.0, "percent_covered_display": "100", "missing_lines": 0, "excluded_lines": 0, "percent_statements_covered": 100.0, "percent_statements_covered_display": "100"}, "missing_lines": [], "excluded_lines": [], "start_line": 1}}, "classes": {"": {"executed_lines": [8, 11, 39, 40, 42, 43, 47, 48, 49, 51, 53, 54, 58, 59, 60, 62, 63, 64, 65, 68, 69, 72, 75, 76, 80, 87, 89, 91, 92, 96, 103], "summary": {"covered_lines": 31, "num_statements": 36, "percent_covered": 86.11111111111111, "percent_covered_display": "86", "missing_lines": 5, "excluded_lines": 0, "percent_statements_covered": 86.11111111111111, "percent_statements_covered_display": "86"}, "missing_lines": [44, 55, 70, 78, 94], "excluded_lines": [], "start_line": 1}}}, "src\\xpyrment\\validate\\clean.py": {"executed_lines": [7, 8, 11, 33, 34, 37, 38, 42, 43, 46, 47, 50, 51, 54, 55, 56, 58, 61, 81, 82, 84, 85, 87, 88, 89, 90, 91, 95, 97, 100, 110, 113, 115, 116, 122, 123, 124], "summary": {"covered_lines": 37, "num_statements": 40, "percent_covered": 92.5, "percent_covered_display": "92", "missing_lines": 3, "excluded_lines": 0, "percent_statements_covered": 92.5, "percent_statements_covered_display": "92"}, "missing_lines": [39, 40, 111], "excluded_lines": [], "functions": {"clean_array": {"executed_lines": [33, 34, 37, 38, 42, 43, 46, 47, 50, 51, 54, 55, 56, 58], "summary": {"covered_lines": 14, "num_statements": 16, "percent_covered": 87.5, "percent_covered_display": "88", "missing_lines": 2, "excluded_lines": 0, "percent_statements_covered": 87.5, "percent_statements_covered_display": "88"}, "missing_lines": [39, 40], "excluded_lines": [], "start_line": 11}, "validate_estimation_inputs": {"executed_lines": [81, 82, 84, 85, 87, 88, 89, 90, 91, 95, 97], "summary": {"covered_lines": 11, "num_statements": 11, "percent_covered": 100.0, "percent_covered_display": "100", "missing_lines": 0, "excluded_lines": 0, "percent_statements_covered": 100.0, "percent_statements_covered_display": "100"}, "missing_lines": [], "excluded_lines": [], "start_line": 61}, "verify_collinearity": {"executed_lines": [110, 113, 115, 116, 122, 123, 124], "summary": {"covered_lines": 7, "num_statements": 8, "percent_covered": 87.5, "percent_covered_display": "88", "missing_lines": 1, "excluded_lines": 0, "percent_statements_covered": 87.5, "percent_statements_covered_display": "88"}, "missing_lines": [111], "excluded_lines": [], "start_line": 100}, "": {"executed_lines": [7, 8, 11, 61, 100], "summary": {"covered_lines": 5, "num_statements": 5, "percent_covered": 100.0, "percent_covered_display": "100", "missing_lines": 0, "excluded_lines": 0, "percent_statements_covered": 100.0, "percent_statements_covered_display": "100"}, "missing_lines": [], "excluded_lines": [], "start_line": 1}}, "classes": {"": {"executed_lines": [7, 8, 11, 33, 34, 37, 38, 42, 43, 46, 47, 50, 51, 54, 55, 56, 58, 61, 81, 82, 84, 85, 87, 88, 89, 90, 91, 95, 97, 100, 110, 113, 115, 116, 122, 123, 124], "summary": {"covered_lines": 37, "num_statements": 40, "percent_covered": 92.5, "percent_covered_display": "92", "missing_lines": 3, "excluded_lines": 0, "percent_statements_covered": 92.5, "percent_statements_covered_display": "92"}, "missing_lines": [39, 40, 111], "excluded_lines": [], "start_line": 1}}}, "src\\xpyrment\\validate\\novelty.py": {"executed_lines": [8, 11, 37, 38, 40, 41, 42, 46, 47, 50, 53, 57, 60, 63, 69, 72, 73, 74, 80, 83, 84, 85, 87, 88, 89, 92, 93, 95, 96, 97, 99, 100, 101, 102, 106], "summary": {"covered_lines": 35, "num_statements": 43, "percent_covered": 81.3953488372093, "percent_covered_display": "81", "missing_lines": 8, "excluded_lines": 0, "percent_statements_covered": 81.3953488372093, "percent_statements_covered_display": "81"}, "missing_lines": [43, 48, 54, 55, 75, 76, 103, 104], "excluded_lines": [], "functions": {"check_novelty_effects": {"executed_lines": [37, 38, 40, 41, 42, 46, 47, 50, 53, 57, 60, 63, 69, 72, 73, 74, 80, 83, 84, 85, 87, 88, 89, 92, 93, 95, 96, 97, 99, 100, 101, 102, 106], "summary": {"covered_lines": 33, "num_statements": 41, "percent_covered": 80.48780487804878, "percent_covered_display": "80", "missing_lines": 8, "excluded_lines": 0, "percent_statements_covered": 80.48780487804878, "percent_statements_covered_display": "80"}, "missing_lines": [43, 48, 54, 55, 75, 76, 103, 104], "excluded_lines": [], "start_line": 11}, "": {"executed_lines": [8, 11], "summary": {"covered_lines": 2, "num_statements": 2, "percent_covered": 100.0, "percent_covered_display": "100", "missing_lines": 0, "excluded_lines": 0, "percent_statements_covered": 100.0, "percent_statements_covered_display": "100"}, "missing_lines": [], "excluded_lines": [], "start_line": 1}}, "classes": {"": {"executed_lines": [8, 11, 37, 38, 40, 41, 42, 46, 47, 50, 53, 57, 60, 63, 69, 72, 73, 74, 80, 83, 84, 85, 87, 88, 89, 92, 93, 95, 96, 97, 99, 100, 101, 102, 106], "summary": {"covered_lines": 35, "num_statements": 43, "percent_covered": 81.3953488372093, "percent_covered_display": "81", "missing_lines": 8, "excluded_lines": 0, "percent_statements_covered": 81.3953488372093, "percent_statements_covered_display": "81"}, "missing_lines": [43, 48, 54, 55, 75, 76, 103, 104], "excluded_lines": [], "start_line": 1}}}, "src\\xpyrment\\validate\\srm.py": {"executed_lines": [8, 9, 10, 11, 13, 16, 82, 83, 84, 85, 87, 88, 90, 91, 94, 96, 97, 102], "summary": {"covered_lines": 18, "num_statements": 18, "percent_covered": 100.0, "percent_covered_display": "100", "missing_lines": 0, "excluded_lines": 0, "percent_statements_covered": 100.0, "percent_statements_covered_display": "100"}, "missing_lines": [], "excluded_lines": [], "functions": {"check_srm": {"executed_lines": [82, 83, 84, 85, 87, 88, 90, 91, 94, 96, 97, 102], "summary": {"covered_lines": 12, "num_statements": 12, "percent_covered": 100.0, "percent_covered_display": "100", "missing_lines": 0, "excluded_lines": 0, "percent_statements_covered": 100.0, "percent_statements_covered_display": "100"}, "missing_lines": [], "excluded_lines": [], "start_line": 16}, "": {"executed_lines": [8, 9, 10, 11, 13, 16], "summary": {"covered_lines": 6, "num_statements": 6, "percent_covered": 100.0, "percent_covered_display": "100", "missing_lines": 0, "excluded_lines": 0, "percent_statements_covered": 100.0, "percent_statements_covered_display": "100"}, "missing_lines": [], "excluded_lines": [], "start_line": 1}}, "classes": {"": {"executed_lines": [8, 9, 10, 11, 13, 16, 82, 83, 84, 85, 87, 88, 90, 91, 94, 96, 97, 102], "summary": {"covered_lines": 18, "num_statements": 18, "percent_covered": 100.0, "percent_covered_display": "100", "missing_lines": 0, "excluded_lines": 0, "percent_statements_covered": 100.0, "percent_statements_covered_display": "100"}, "missing_lines": [], "excluded_lines": [], "start_line": 1}}}}, "totals": {"covered_lines": 4277, "num_statements": 4667, "percent_covered": 91.64345403899722, "percent_covered_display": "92", "missing_lines": 390, "excluded_lines": 0, "percent_statements_covered": 91.64345403899722, "percent_statements_covered_display": "92"}}